{"numTotalTestSuites":422,"numPassedTestSuites":368,"numFailedTestSuites":54,"numPendingTestSuites":0,"numTotalTests":1279,"numPassedTests":1172,"numFailedTests":97,"numPendingTests":10,"numTodoTests":0,"snapshot":{"added":0,"failure":false,"filesAdded":0,"filesRemoved":0,"filesRemovedList":[],"filesUnmatched":0,"filesUpdated":0,"matched":0,"total":0,"unchecked":0,"uncheckedKeysByFile":[],"unmatched":0,"updated":0,"didUpdate":false},"startTime":1788117518139,"success":false,"testResults":[{"assertionResults":[{"ancestorTitles":["Audit — logAuditEvent()"],"fullName":"Audit — logAuditEvent() inserts an audit event into the database","status":"passed","title":"inserts an audit event into the database","duration":221.55799999999908,"failureMessages":[],"meta":{},"tags":[]},{"ancestorTitles":["Audit — logAuditEvent()"],"fullName":"Audit — logAuditEvent() handles null metadata gracefully","status":"passed","title":"handles null metadata gracefully","duration":12.06710000000021,"failureMessages":[],"meta":{},"tags":[]},{"ancestorTitles":["Audit — Hooks integration"],"fullName":"Audit — Hooks integration logs SIGN_UP when a user signs up","status":"failed","title":"logs SIGN_UP when a user signs up","duration":249.1239999999998,"failureMessages":["The field \"issuer\" does not exist in the \"account\" Drizzle schema. Please update your drizzle schema or re-generate using \"npx auth@latest generate\"."],"meta":{},"tags":[]},{"ancestorTitles":["Audit — Hooks integration"],"fullName":"Audit — Hooks integration logs USER_BAN when admin bans a user","status":"passed","title":"logs USER_BAN when admin bans a user","duration":566.2020000000011,"failureMessages":[],"meta":{},"tags":[]},{"ancestorTitles":["Audit — Hooks integration"],"fullName":"Audit — Hooks integration logs USER_ROLE_CHANGE when admin changes role","status":"passed","title":"logs USER_ROLE_CHANGE when admin changes role","duration":542.9195,"failureMessages":[],"meta":{},"tags":[]},{"ancestorTitles":["Audit — Hooks integration"],"fullName":"Audit — Hooks integration does not log passwords in metadata","status":"failed","title":"does not log passwords in metadata","duration":259.52230000000054,"failureMessages":["The field \"issuer\" does not exist in the \"account\" Drizzle schema. Please update your drizzle schema or re-generate using \"npx auth@latest generate\"."],"meta":{},"tags":[]},{"ancestorTitles":["Audit — Hooks integration"],"fullName":"Audit — Hooks integration logs SIGN_IN_FAILED for bad credentials","status":"passed","title":"logs SIGN_IN_FAILED for bad credentials","duration":707.115600000001,"failureMessages":[],"meta":{},"tags":[]},{"ancestorTitles":["Audit — Hooks integration"],"fullName":"Audit — Hooks integration filters metadata to SAFE_FIELDS only (no password in metadata)","status":"failed","title":"filters metadata to SAFE_FIELDS only (no password in metadata)","duration":179.59050000000207,"failureMessages":["The field \"issuer\" does not exist in the \"account\" Drizzle schema. Please update your drizzle schema or re-generate using \"npx auth@latest generate\"."],"meta":{},"tags":[]}],"startTime":1788117562421,"endTime":1788117566956.5906,"status":"failed","message":"","name":"C:/Users/Utilisateur/Documents/atomic/tests/integration/audit.test.ts"},{"assertionResults":[{"ancestorTitles":["Auth — Forget & Reset Password"],"fullName":"Auth — Forget & Reset Password requestPasswordReset succeeds without error","status":"skipped","title":"requestPasswordReset succeeds without error","failureMessages":[],"meta":{},"tags":[]},{"ancestorTitles":["Auth — Forget & Reset Password"],"fullName":"Auth — Forget & Reset Password requestPasswordReset for unknown email does not throw","status":"skipped","title":"requestPasswordReset for unknown email does not throw","failureMessages":[],"meta":{},"tags":[]},{"ancestorTitles":["Auth — Change Password"],"fullName":"Auth — Change Password changePassword updates credentials","status":"skipped","title":"changePassword updates credentials","failureMessages":[],"meta":{},"tags":[]},{"ancestorTitles":["Auth — Change Password"],"fullName":"Auth — Change Password changePassword rejects wrong current password","status":"skipped","title":"changePassword rejects wrong current password","failureMessages":[],"meta":{},"tags":[]},{"ancestorTitles":["Auth — Email Verification"],"fullName":"Auth — Email Verification user starts as unverified after signUp","status":"skipped","title":"user starts as unverified after signUp","failureMessages":[],"meta":{},"tags":[]},{"ancestorTitles":["Auth — Email Verification"],"fullName":"Auth — Email Verification cannot sign in before email is verified","status":"skipped","title":"cannot sign in before email is verified","failureMessages":[],"meta":{},"tags":[]},{"ancestorTitles":["Auth — Email Verification"],"fullName":"Auth — Email Verification can sign in after email is verified in DB","status":"skipped","title":"can sign in after email is verified in DB","failureMessages":[],"meta":{},"tags":[]},{"ancestorTitles":["Auth — Update User"],"fullName":"Auth — Update User updateUser changes the user name","status":"skipped","title":"updateUser changes the user name","failureMessages":[],"meta":{},"tags":[]},{"ancestorTitles":["Auth — Update User"],"fullName":"Auth — Update User updateUser changes the username","status":"skipped","title":"updateUser changes the username","failureMessages":[],"meta":{},"tags":[]},{"ancestorTitles":["Auth — Update User"],"fullName":"Auth — Update User getSession reflects updated user data","status":"skipped","title":"getSession reflects updated user data","failureMessages":[],"meta":{},"tags":[]}],"startTime":1788117518139,"endTime":1788117518139,"status":"failed","message":"","name":"C:/Users/Utilisateur/Documents/atomic/tests/integration/auth-advanced.test.ts"},{"assertionResults":[{"ancestorTitles":["Auth — Sign-up & Sign-in flow"],"fullName":"Auth — Sign-up & Sign-in flow signUpEmail creates a new user (no session when emailVerification required)","status":"failed","title":"signUpEmail creates a new user (no session when emailVerification required)","duration":2330.5111000000015,"failureMessages":["The field \"issuer\" does not exist in the \"account\" Drizzle schema. Please update your drizzle schema or re-generate using \"npx auth@latest generate\"."],"meta":{},"tags":[]},{"ancestorTitles":["Auth — Sign-up & Sign-in flow"],"fullName":"Auth — Sign-up & Sign-in flow signInEmail returns a session for valid credentials","status":"failed","title":"signInEmail returns a session for valid credentials","duration":195.54470000000038,"failureMessages":["APIError: Invalid email or password"],"meta":{},"tags":[]},{"ancestorTitles":["Auth — Sign-up & Sign-in flow"],"fullName":"Auth — Sign-up & Sign-in flow signInEmail rejects invalid password","status":"passed","title":"signInEmail rejects invalid password","duration":250.22520000000077,"failureMessages":[],"meta":{},"tags":[]},{"ancestorTitles":["Auth — Sign-up & Sign-in flow"],"fullName":"Auth — Sign-up & Sign-in flow signInEmail rejects non-existent email","status":"passed","title":"signInEmail rejects non-existent email","duration":184.8661000000011,"failureMessages":[],"meta":{},"tags":[]},{"ancestorTitles":["Auth — Sign-up & Sign-in flow"],"fullName":"Auth — Sign-up & Sign-in flow signOut invalidates the session","status":"failed","title":"signOut invalidates the session","duration":8.948599999999715,"failureMessages":["Error: Failed query: insert into \"session\" (\"id\", \"expires_at\", \"token\", \"created_at\", \"updated_at\", \"ip_address\", \"user_agent\", \"user_id\", \"impersonated_by\", \"active_organization_id\") values ($1, $2, $3, $4, $5, $6, $7, default, default, default) returning \"id\", \"expires_at\", \"token\", \"created_at\", \"updated_at\", \"ip_address\", \"user_agent\", \"user_id\", \"impersonated_by\", \"active_organization_id\"\nparams: UFkOqqnb5CHJbpBcEt66DB9nFKzWufAW,2026-09-06T19:19:25.385Z,GY6kHxPzNMGasUvBdGsJGPV1OLtYSW3J,2026-08-30T19:19:25.385Z,2026-08-30T19:19:25.385Z,,\n    at NodePgPreparedQuery.queryWithCache (file:///C:/Users/Utilisateur/Documents/atomic/node_modules/.pnpm/drizzle-orm@0.45.2_@opentel_339bd605a9e21805a6af413bb120913c/node_modules/drizzle-orm/pg-core/session.js:41:15)\n    at processTicksAndRejections (node:internal/process/task_queues:105:5)\n    at file:///C:/Users/Utilisateur/Documents/atomic/node_modules/.pnpm/drizzle-orm@0.45.2_@opentel_339bd605a9e21805a6af413bb120913c/node_modules/drizzle-orm/node-postgres/session.js:117:22\n    at withReturning (file:///C:/Users/Utilisateur/Documents/atomic/node_modules/.pnpm/@better-auth+drizzle-adapte_1399384c38abae93addea716e68e5494/node_modules/@better-auth/drizzle-adapter/dist/index.mjs:65:45)\n    at Object.create (file:///C:/Users/Utilisateur/Documents/atomic/node_modules/.pnpm/@better-auth+drizzle-adapte_1399384c38abae93addea716e68e5494/node_modules/@better-auth/drizzle-adapter/dist/index.mjs:310:12)\n    at Object.create (file:///C:/Users/Utilisateur/Documents/atomic/node_modules/.pnpm/@better-auth+core@1.7.2_@be_b224225dcd382f80ce979b96a2a3cbd0/node_modules/@better-auth/core/dist/db/adapter/factory.mjs:434:16)\n    at createWithHooks (file:///C:/Users/Utilisateur/Documents/atomic/node_modules/.pnpm/better-auth@1.7.2_@opentele_c28581ce0119e05a6f0f6dc82be00c97/node_modules/better-auth/dist/db/with-hooks.mjs:25:66)\n    at Object.createSession (file:///C:/Users/Utilisateur/Documents/atomic/node_modules/.pnpm/better-auth@1.7.2_@opentele_c28581ce0119e05a6f0f6dc82be00c97/node_modules/better-auth/dist/db/internal-adapter.mjs:309:16)\n    at Object.getAuthHeaders (file:///C:/Users/Utilisateur/Documents/atomic/node_modules/.pnpm/better-auth@1.7.2_@opentele_c28581ce0119e05a6f0f6dc82be00c97/node_modules/better-auth/dist/plugins/test-utils/auth-helpers.mjs:19:36)\n    at C:/Users/Utilisateur/Documents/atomic/tests/integration/auth-flow.test.ts:79:21"],"meta":{},"tags":[]}],"startTime":1788117562422,"endTime":1788117565392.9485,"status":"failed","message":"","name":"C:/Users/Utilisateur/Documents/atomic/tests/integration/auth-flow.test.ts"},{"assertionResults":[{"ancestorTitles":["Auth — Organization Advanced"],"fullName":"Auth — Organization Advanced owner can update organization name","status":"passed","title":"owner can update organization name","duration":485.29230000000007,"failureMessages":[],"meta":{},"tags":[]},{"ancestorTitles":["Auth — Organization Advanced"],"fullName":"Auth — Organization Advanced owner can invite a member","status":"passed","title":"owner can invite a member","duration":112.89789999999994,"failureMessages":[],"meta":{},"tags":[]},{"ancestorTitles":["Auth — Organization Advanced"],"fullName":"Auth — Organization Advanced invited user can accept invitation","status":"passed","title":"invited user can accept invitation","duration":59.13210000000072,"failureMessages":[],"meta":{},"tags":[]},{"ancestorTitles":["Auth — Organization Advanced"],"fullName":"Auth — Organization Advanced owner can remove a member","status":"passed","title":"owner can remove a member","duration":93.25590000000011,"failureMessages":[],"meta":{},"tags":[]},{"ancestorTitles":["Auth — Organization Advanced"],"fullName":"Auth — Organization Advanced deleted organization disappears from list","status":"passed","title":"deleted organization disappears from list","duration":143.79610000000048,"failureMessages":[],"meta":{},"tags":[]}],"startTime":1788117569500,"endTime":1788117570394.7961,"status":"passed","message":"","name":"C:/Users/Utilisateur/Documents/atomic/tests/integration/auth-org.test.ts"},{"assertionResults":[{"ancestorTitles":["Auth — Session & User"],"fullName":"Auth — Session & User creates a valid session via login()","status":"passed","title":"creates a valid session via login()","duration":57.15220000000045,"failureMessages":[],"meta":{},"tags":[]},{"ancestorTitles":["Auth — Session & User"],"fullName":"Auth — Session & User getSession returns user from auth headers","status":"passed","title":"getSession returns user from auth headers","duration":48.04909999999927,"failureMessages":[],"meta":{},"tags":[]},{"ancestorTitles":["Auth — Session & User"],"fullName":"Auth — Session & User getSession returns null for empty headers","status":"passed","title":"getSession returns null for empty headers","duration":2.09479999999985,"failureMessages":[],"meta":{},"tags":[]},{"ancestorTitles":["Auth — Admin API"],"fullName":"Auth — Admin API admin can list users","status":"passed","title":"admin can list users","duration":26.427599999999984,"failureMessages":[],"meta":{},"tags":[]},{"ancestorTitles":["Auth — Admin API"],"fullName":"Auth — Admin API admin can ban and unban a user","status":"passed","title":"admin can ban and unban a user","duration":130.84019999999964,"failureMessages":[],"meta":{},"tags":[]},{"ancestorTitles":["Auth — Admin API"],"fullName":"Auth — Admin API admin can change user role","status":"passed","title":"admin can change user role","duration":53.124799999999595,"failureMessages":[],"meta":{},"tags":[]},{"ancestorTitles":["Auth — Admin API"],"fullName":"Auth — Admin API non-admin cannot list users","status":"passed","title":"non-admin cannot list users","duration":435.03830000000016,"failureMessages":[],"meta":{},"tags":[]},{"ancestorTitles":["Auth — Organization"],"fullName":"Auth — Organization user can create an organization","status":"passed","title":"user can create an organization","duration":39.4349000000002,"failureMessages":[],"meta":{},"tags":[]},{"ancestorTitles":["Auth — Organization"],"fullName":"Auth — Organization user can list their organizations","status":"passed","title":"user can list their organizations","duration":129.09349999999995,"failureMessages":[],"meta":{},"tags":[]},{"ancestorTitles":["Auth — Impersonation"],"fullName":"Auth — Impersonation admin can impersonate a user and stop","status":"passed","title":"admin can impersonate a user and stop","duration":19.801499999999578,"failureMessages":[],"meta":{},"tags":[]},{"ancestorTitles":["Auth — Impersonation"],"fullName":"Auth — Impersonation non-admin cannot impersonate","status":"passed","title":"non-admin cannot impersonate","duration":9.794800000000578,"failureMessages":[],"meta":{},"tags":[]},{"ancestorTitles":["Auth — User Deletion (RGPD)"],"fullName":"Auth — User Deletion (RGPD) admin can remove a user","status":"passed","title":"admin can remove a user","duration":29.970499999999447,"failureMessages":[],"meta":{},"tags":[]},{"ancestorTitles":["Auth — User Deletion (RGPD)"],"fullName":"Auth — User Deletion (RGPD) session is invalid after user deletion","status":"passed","title":"session is invalid after user deletion","duration":6.111200000000281,"failureMessages":[],"meta":{},"tags":[]}],"startTime":1788117569609,"endTime":1788117571242.111,"status":"passed","message":"","name":"C:/Users/Utilisateur/Documents/atomic/tests/integration/auth.test.ts"},{"assertionResults":[],"startTime":1788117518139,"endTime":1788117518139,"status":"failed","message":"Cannot overwrite keys on object schemas containing refinements. Use `.safeExtend()` instead.","name":"C:/Users/Utilisateur/Documents/atomic/tests/integration/blog-actions.test.ts"},{"assertionResults":[{"ancestorTitles":["blog internal link resolver (integration)"],"fullName":"blog internal link resolver (integration) lists published blog post slugs for the global tenant","status":"failed","title":"lists published blog post slugs for the global tenant","duration":8.653300000001764,"failureMessages":["AssertionError: expected 0 to be greater than 0\n    at C:/Users/Utilisateur/Documents/atomic/tests/integration/blog-internal-link.test.ts:19:24\n    at file:///C:/Users/Utilisateur/Documents/atomic/node_modules/.pnpm/@vitest+runner@4.1.11/node_modules/@vitest/runner/dist/chunk-artifact.js:302:11\n    at file:///C:/Users/Utilisateur/Documents/atomic/node_modules/.pnpm/@vitest+runner@4.1.11/node_modules/@vitest/runner/dist/chunk-artifact.js:1903:26\n    at file:///C:/Users/Utilisateur/Documents/atomic/node_modules/.pnpm/@vitest+runner@4.1.11/node_modules/@vitest/runner/dist/chunk-artifact.js:2326:20\n    at new Promise (<anonymous>)\n    at runWithCancel (file:///C:/Users/Utilisateur/Documents/atomic/node_modules/.pnpm/@vitest+runner@4.1.11/node_modules/@vitest/runner/dist/chunk-artifact.js:2323:10)\n    at file:///C:/Users/Utilisateur/Documents/atomic/node_modules/.pnpm/@vitest+runner@4.1.11/node_modules/@vitest/runner/dist/chunk-artifact.js:2305:20\n    at new Promise (<anonymous>)\n    at runWithTimeout (file:///C:/Users/Utilisateur/Documents/atomic/node_modules/.pnpm/@vitest+runner@4.1.11/node_modules/@vitest/runner/dist/chunk-artifact.js:2272:10)\n    at file:///C:/Users/Utilisateur/Documents/atomic/node_modules/.pnpm/@vitest+runner@4.1.11/node_modules/@vitest/runner/dist/chunk-artifact.js:2956:64"],"meta":{},"tags":[]},{"ancestorTitles":["blog internal link resolver (integration)"],"fullName":"blog internal link resolver (integration) resolver.listValidTargets matches getBlogValidLinkTargets","status":"failed","title":"resolver.listValidTargets matches getBlogValidLinkTargets","duration":7.517799999997806,"failureMessages":["AssertionError: expected false to be true // Object.is equality\n    at C:/Users/Utilisateur/Documents/atomic/tests/integration/blog-internal-link.test.ts:30:44\n    at processTicksAndRejections (node:internal/process/task_queues:105:5)\n    at file:///C:/Users/Utilisateur/Documents/atomic/node_modules/.pnpm/@vitest+runner@4.1.11/node_modules/@vitest/runner/dist/chunk-artifact.js:1903:20"],"meta":{},"tags":[]},{"ancestorTitles":["blog internal link resolver (integration)"],"fullName":"blog internal link resolver (integration) resolver.resolve returns a published URL","status":"failed","title":"resolver.resolve returns a published URL","duration":14.778600000001461,"failureMessages":["AssertionError: expected false to be true // Object.is equality\n    at C:/Users/Utilisateur/Documents/atomic/tests/integration/blog-internal-link.test.ts:38:24\n    at processTicksAndRejections (node:internal/process/task_queues:105:5)\n    at file:///C:/Users/Utilisateur/Documents/atomic/node_modules/.pnpm/@vitest+runner@4.1.11/node_modules/@vitest/runner/dist/chunk-artifact.js:1903:20"],"meta":{},"tags":[]},{"ancestorTitles":["blog internal link resolver (integration)"],"fullName":"blog internal link resolver (integration) resolver.resolve reports missing targets","status":"passed","title":"resolver.resolve reports missing targets","duration":3.65139999999883,"failureMessages":[],"meta":{},"tags":[]},{"ancestorTitles":["blog internal link resolver (integration)"],"fullName":"blog internal link resolver (integration) resolver.search finds posts by title","status":"failed","title":"resolver.search finds posts by title","duration":3.8090999999985797,"failureMessages":["AssertionError: expected 0 to be greater than 0\n    at C:/Users/Utilisateur/Documents/atomic/tests/integration/blog-internal-link.test.ts:55:28\n    at processTicksAndRejections (node:internal/process/task_queues:105:5)\n    at file:///C:/Users/Utilisateur/Documents/atomic/node_modules/.pnpm/@vitest+runner@4.1.11/node_modules/@vitest/runner/dist/chunk-artifact.js:1903:20"],"meta":{},"tags":[]},{"ancestorTitles":["blog internal link resolver (integration)"],"fullName":"blog internal link resolver (integration) detectDeadInternalLinks flags a slug absent from validTargets","status":"passed","title":"detectDeadInternalLinks flags a slug absent from validTargets","duration":2.3905000000013388,"failureMessages":[],"meta":{},"tags":[]},{"ancestorTitles":["blog internal link resolver (integration)"],"fullName":"blog internal link resolver (integration) markDeadInternalLinks adds the dead-link class","status":"passed","title":"markDeadInternalLinks adds the dead-link class","duration":0.9750999999996566,"failureMessages":[],"meta":{},"tags":[]},{"ancestorTitles":["blog internal link resolver (integration)"],"fullName":"blog internal link resolver (integration) valid internal links are not flagged","status":"failed","title":"valid internal links are not flagged","duration":3.2180000000007567,"failureMessages":["AssertionError: expected [ { …(4) } ] to have a length of +0 but got 1\n    at Proxy.<anonymous> (file:///C:/Users/Utilisateur/Documents/atomic/node_modules/.pnpm/@vitest+expect@4.1.11/node_modules/@vitest/expect/dist/index.js:1389:20)\n    at Proxy.<anonymous> (file:///C:/Users/Utilisateur/Documents/atomic/node_modules/.pnpm/@vitest+expect@4.1.11/node_modules/@vitest/expect/dist/index.js:1156:15)\n    at Proxy.methodWrapper (file:///C:/Users/Utilisateur/Documents/atomic/node_modules/.pnpm/chai@6.2.2/node_modules/chai/index.js:1700:25)\n    at C:/Users/Utilisateur/Documents/atomic/tests/integration/blog-internal-link.test.ts:76:21\n    at file:///C:/Users/Utilisateur/Documents/atomic/node_modules/.pnpm/@vitest+runner@4.1.11/node_modules/@vitest/runner/dist/chunk-artifact.js:302:11\n    at file:///C:/Users/Utilisateur/Documents/atomic/node_modules/.pnpm/@vitest+runner@4.1.11/node_modules/@vitest/runner/dist/chunk-artifact.js:1903:26\n    at file:///C:/Users/Utilisateur/Documents/atomic/node_modules/.pnpm/@vitest+runner@4.1.11/node_modules/@vitest/runner/dist/chunk-artifact.js:2326:20\n    at new Promise (<anonymous>)\n    at runWithCancel (file:///C:/Users/Utilisateur/Documents/atomic/node_modules/.pnpm/@vitest+runner@4.1.11/node_modules/@vitest/runner/dist/chunk-artifact.js:2323:10)\n    at file:///C:/Users/Utilisateur/Documents/atomic/node_modules/.pnpm/@vitest+runner@4.1.11/node_modules/@vitest/runner/dist/chunk-artifact.js:2305:20"],"meta":{},"tags":[]}],"startTime":1788117548746,"endTime":1788117548792.218,"status":"failed","message":"","name":"C:/Users/Utilisateur/Documents/atomic/tests/integration/blog-internal-link.test.ts"},{"assertionResults":[{"ancestorTitles":["CMS Admin — Pages"],"fullName":"CMS Admin — Pages creates a page","status":"passed","title":"creates a page","duration":119.84840000000008,"failureMessages":[],"meta":{},"tags":[]},{"ancestorTitles":["CMS Admin — Pages"],"fullName":"CMS Admin — Pages updates a page","status":"passed","title":"updates a page","duration":14.791600000000017,"failureMessages":[],"meta":{},"tags":[]},{"ancestorTitles":["CMS Admin — Pages"],"fullName":"CMS Admin — Pages enforces unique locale+slug constraint","status":"passed","title":"enforces unique locale+slug constraint","duration":13.579400000000078,"failureMessages":[],"meta":{},"tags":[]},{"ancestorTitles":["CMS Admin — Pages"],"fullName":"CMS Admin — Pages deletes a page","status":"passed","title":"deletes a page","duration":111.48979999999983,"failureMessages":[],"meta":{},"tags":[]},{"ancestorTitles":["CMS Admin — Sections"],"fullName":"CMS Admin — Sections creates a parent page then a section","status":"passed","title":"creates a parent page then a section","duration":7.125400000000127,"failureMessages":[],"meta":{},"tags":[]},{"ancestorTitles":["CMS Admin — Sections"],"fullName":"CMS Admin — Sections updates a section","status":"passed","title":"updates a section","duration":2.511700000000019,"failureMessages":[],"meta":{},"tags":[]},{"ancestorTitles":["CMS Admin — Sections"],"fullName":"CMS Admin — Sections deletes a section","status":"passed","title":"deletes a section","duration":2.412900000000036,"failureMessages":[],"meta":{},"tags":[]},{"ancestorTitles":["CMS Admin — Themes"],"fullName":"CMS Admin — Themes creates a theme","status":"passed","title":"creates a theme","duration":4.638500000000022,"failureMessages":[],"meta":{},"tags":[]},{"ancestorTitles":["CMS Admin — Themes"],"fullName":"CMS Admin — Themes updates a theme with colors","status":"passed","title":"updates a theme with colors","duration":6.371000000000095,"failureMessages":[],"meta":{},"tags":[]},{"ancestorTitles":["CMS Admin — Themes"],"fullName":"CMS Admin — Themes activating a theme deactivates others","status":"passed","title":"activating a theme deactivates others","duration":6.67690000000016,"failureMessages":[],"meta":{},"tags":[]},{"ancestorTitles":["CMS Admin — Themes"],"fullName":"CMS Admin — Themes deletes a theme","status":"passed","title":"deletes a theme","duration":2.950599999999895,"failureMessages":[],"meta":{},"tags":[]},{"ancestorTitles":["CMS Admin — Social Links"],"fullName":"CMS Admin — Social Links creates a social link","status":"passed","title":"creates a social link","duration":3.4494999999999436,"failureMessages":[],"meta":{},"tags":[]},{"ancestorTitles":["CMS Admin — Social Links"],"fullName":"CMS Admin — Social Links updates a social link","status":"passed","title":"updates a social link","duration":4.5945999999999,"failureMessages":[],"meta":{},"tags":[]},{"ancestorTitles":["CMS Admin — Social Links"],"fullName":"CMS Admin — Social Links deletes a social link","status":"passed","title":"deletes a social link","duration":1.75,"failureMessages":[],"meta":{},"tags":[]}],"startTime":1788117585826,"endTime":1788117586130.75,"status":"passed","message":"","name":"C:/Users/Utilisateur/Documents/atomic/tests/integration/cms-admin.test.ts"},{"assertionResults":[{"ancestorTitles":["Consent CMS — Seed data"],"fullName":"Consent CMS — Seed data has exactly 4 consent rows (one per locale)","status":"failed","title":"has exactly 4 consent rows (one per locale)","duration":128.09400000000005,"failureMessages":["AssertionError: expected [] to have a length of 4 but got +0\n    at Proxy.<anonymous> (file:///C:/Users/Utilisateur/Documents/atomic/node_modules/.pnpm/@vitest+expect@4.1.11/node_modules/@vitest/expect/dist/index.js:1389:20)\n    at Proxy.<anonymous> (file:///C:/Users/Utilisateur/Documents/atomic/node_modules/.pnpm/@vitest+expect@4.1.11/node_modules/@vitest/expect/dist/index.js:1156:15)\n    at Proxy.methodWrapper (file:///C:/Users/Utilisateur/Documents/atomic/node_modules/.pnpm/chai@6.2.2/node_modules/chai/index.js:1700:25)\n    at C:/Users/Utilisateur/Documents/atomic/tests/integration/consent-cms.test.ts:30:18\n    at processTicksAndRejections (node:internal/process/task_queues:105:5)\n    at file:///C:/Users/Utilisateur/Documents/atomic/node_modules/.pnpm/@vitest+runner@4.1.11/node_modules/@vitest/runner/dist/chunk-artifact.js:1903:20"],"meta":{},"tags":[]},{"ancestorTitles":["Consent CMS — Seed data"],"fullName":"Consent CMS — Seed data locale fr has all required text fields populated","status":"failed","title":"locale fr has all required text fields populated","duration":8.680299999999988,"failureMessages":["AssertionError: expected undefined to be defined\n    at C:/Users/Utilisateur/Documents/atomic/tests/integration/consent-cms.test.ts:42:17\n    at processTicksAndRejections (node:internal/process/task_queues:105:5)\n    at file:///C:/Users/Utilisateur/Documents/atomic/node_modules/.pnpm/@vitest+runner@4.1.11/node_modules/@vitest/runner/dist/chunk-artifact.js:1903:20"],"meta":{},"tags":[]},{"ancestorTitles":["Consent CMS — Seed data"],"fullName":"Consent CMS — Seed data locale en has all required text fields populated","status":"failed","title":"locale en has all required text fields populated","duration":3.4580000000000837,"failureMessages":["AssertionError: expected undefined to be defined\n    at C:/Users/Utilisateur/Documents/atomic/tests/integration/consent-cms.test.ts:42:17\n    at processTicksAndRejections (node:internal/process/task_queues:105:5)\n    at file:///C:/Users/Utilisateur/Documents/atomic/node_modules/.pnpm/@vitest+runner@4.1.11/node_modules/@vitest/runner/dist/chunk-artifact.js:1903:20"],"meta":{},"tags":[]},{"ancestorTitles":["Consent CMS — Seed data"],"fullName":"Consent CMS — Seed data locale es has all required text fields populated","status":"failed","title":"locale es has all required text fields populated","duration":2.6253999999998996,"failureMessages":["AssertionError: expected undefined to be defined\n    at C:/Users/Utilisateur/Documents/atomic/tests/integration/consent-cms.test.ts:42:17\n    at processTicksAndRejections (node:internal/process/task_queues:105:5)\n    at file:///C:/Users/Utilisateur/Documents/atomic/node_modules/.pnpm/@vitest+runner@4.1.11/node_modules/@vitest/runner/dist/chunk-artifact.js:1903:20"],"meta":{},"tags":[]},{"ancestorTitles":["Consent CMS — Seed data"],"fullName":"Consent CMS — Seed data locale ar has all required text fields populated","status":"failed","title":"locale ar has all required text fields populated","duration":2.997100000000046,"failureMessages":["AssertionError: expected undefined to be defined\n    at C:/Users/Utilisateur/Documents/atomic/tests/integration/consent-cms.test.ts:42:17\n    at processTicksAndRejections (node:internal/process/task_queues:105:5)\n    at file:///C:/Users/Utilisateur/Documents/atomic/node_modules/.pnpm/@vitest+runner@4.1.11/node_modules/@vitest/runner/dist/chunk-artifact.js:1903:20"],"meta":{},"tags":[]},{"ancestorTitles":["Consent CMS — Seed data"],"fullName":"Consent CMS — Seed data locale fr has correct privacy policy URL","status":"failed","title":"locale fr has correct privacy policy URL","duration":2.8575000000000728,"failureMessages":["TypeError: Cannot read properties of undefined (reading 'privacyPolicyUrl')\n    at C:/Users/Utilisateur/Documents/atomic/tests/integration/consent-cms.test.ts:75:16\n    at processTicksAndRejections (node:internal/process/task_queues:105:5)\n    at file:///C:/Users/Utilisateur/Documents/atomic/node_modules/.pnpm/@vitest+runner@4.1.11/node_modules/@vitest/runner/dist/chunk-artifact.js:1903:20"],"meta":{},"tags":[]},{"ancestorTitles":["Consent CMS — Seed data"],"fullName":"Consent CMS — Seed data locale en has correct privacy policy URL","status":"failed","title":"locale en has correct privacy policy URL","duration":2.585700000000088,"failureMessages":["TypeError: Cannot read properties of undefined (reading 'privacyPolicyUrl')\n    at C:/Users/Utilisateur/Documents/atomic/tests/integration/consent-cms.test.ts:75:16\n    at processTicksAndRejections (node:internal/process/task_queues:105:5)\n    at file:///C:/Users/Utilisateur/Documents/atomic/node_modules/.pnpm/@vitest+runner@4.1.11/node_modules/@vitest/runner/dist/chunk-artifact.js:1903:20"],"meta":{},"tags":[]},{"ancestorTitles":["Consent CMS — Seed data"],"fullName":"Consent CMS — Seed data locale es has correct privacy policy URL","status":"failed","title":"locale es has correct privacy policy URL","duration":1.8854000000001179,"failureMessages":["TypeError: Cannot read properties of undefined (reading 'privacyPolicyUrl')\n    at C:/Users/Utilisateur/Documents/atomic/tests/integration/consent-cms.test.ts:75:16\n    at processTicksAndRejections (node:internal/process/task_queues:105:5)\n    at file:///C:/Users/Utilisateur/Documents/atomic/node_modules/.pnpm/@vitest+runner@4.1.11/node_modules/@vitest/runner/dist/chunk-artifact.js:1903:20"],"meta":{},"tags":[]},{"ancestorTitles":["Consent CMS — Seed data"],"fullName":"Consent CMS — Seed data locale ar has correct privacy policy URL","status":"failed","title":"locale ar has correct privacy policy URL","duration":3.3087000000000444,"failureMessages":["TypeError: Cannot read properties of undefined (reading 'privacyPolicyUrl')\n    at C:/Users/Utilisateur/Documents/atomic/tests/integration/consent-cms.test.ts:75:16\n    at processTicksAndRejections (node:internal/process/task_queues:105:5)\n    at file:///C:/Users/Utilisateur/Documents/atomic/node_modules/.pnpm/@vitest+runner@4.1.11/node_modules/@vitest/runner/dist/chunk-artifact.js:1903:20"],"meta":{},"tags":[]},{"ancestorTitles":["Consent CMS — Seed data"],"fullName":"Consent CMS — Seed data locale fr has isActive=true","status":"failed","title":"locale fr has isActive=true","duration":3.08849999999984,"failureMessages":["TypeError: Cannot read properties of undefined (reading 'isActive')\n    at C:/Users/Utilisateur/Documents/atomic/tests/integration/consent-cms.test.ts:85:16\n    at processTicksAndRejections (node:internal/process/task_queues:105:5)\n    at file:///C:/Users/Utilisateur/Documents/atomic/node_modules/.pnpm/@vitest+runner@4.1.11/node_modules/@vitest/runner/dist/chunk-artifact.js:1903:20"],"meta":{},"tags":[]},{"ancestorTitles":["Consent CMS — Seed data"],"fullName":"Consent CMS — Seed data locale en has isActive=true","status":"failed","title":"locale en has isActive=true","duration":1.88149999999996,"failureMessages":["TypeError: Cannot read properties of undefined (reading 'isActive')\n    at C:/Users/Utilisateur/Documents/atomic/tests/integration/consent-cms.test.ts:85:16\n    at processTicksAndRejections (node:internal/process/task_queues:105:5)\n    at file:///C:/Users/Utilisateur/Documents/atomic/node_modules/.pnpm/@vitest+runner@4.1.11/node_modules/@vitest/runner/dist/chunk-artifact.js:1903:20"],"meta":{},"tags":[]},{"ancestorTitles":["Consent CMS — Seed data"],"fullName":"Consent CMS — Seed data locale es has isActive=true","status":"failed","title":"locale es has isActive=true","duration":1.7193999999999505,"failureMessages":["TypeError: Cannot read properties of undefined (reading 'isActive')\n    at C:/Users/Utilisateur/Documents/atomic/tests/integration/consent-cms.test.ts:85:16\n    at processTicksAndRejections (node:internal/process/task_queues:105:5)\n    at file:///C:/Users/Utilisateur/Documents/atomic/node_modules/.pnpm/@vitest+runner@4.1.11/node_modules/@vitest/runner/dist/chunk-artifact.js:1903:20"],"meta":{},"tags":[]},{"ancestorTitles":["Consent CMS — Seed data"],"fullName":"Consent CMS — Seed data locale ar has isActive=true","status":"failed","title":"locale ar has isActive=true","duration":1.552299999999832,"failureMessages":["TypeError: Cannot read properties of undefined (reading 'isActive')\n    at C:/Users/Utilisateur/Documents/atomic/tests/integration/consent-cms.test.ts:85:16\n    at processTicksAndRejections (node:internal/process/task_queues:105:5)\n    at file:///C:/Users/Utilisateur/Documents/atomic/node_modules/.pnpm/@vitest+runner@4.1.11/node_modules/@vitest/runner/dist/chunk-artifact.js:1903:20"],"meta":{},"tags":[]},{"ancestorTitles":["Consent CMS — getConsentSettings loader"],"fullName":"Consent CMS — getConsentSettings loader returns consent data for fr","status":"failed","title":"returns consent data for fr","duration":3.4675999999999476,"failureMessages":["AssertionError: expected null not to be null\n    at C:/Users/Utilisateur/Documents/atomic/tests/integration/consent-cms.test.ts:95:24\n    at processTicksAndRejections (node:internal/process/task_queues:105:5)\n    at file:///C:/Users/Utilisateur/Documents/atomic/node_modules/.pnpm/@vitest+runner@4.1.11/node_modules/@vitest/runner/dist/chunk-artifact.js:1903:20"],"meta":{},"tags":[]},{"ancestorTitles":["Consent CMS — getConsentSettings loader"],"fullName":"Consent CMS — getConsentSettings loader returns consent data for en","status":"failed","title":"returns consent data for en","duration":2.3787999999999556,"failureMessages":["AssertionError: expected null not to be null\n    at C:/Users/Utilisateur/Documents/atomic/tests/integration/consent-cms.test.ts:95:24\n    at processTicksAndRejections (node:internal/process/task_queues:105:5)\n    at file:///C:/Users/Utilisateur/Documents/atomic/node_modules/.pnpm/@vitest+runner@4.1.11/node_modules/@vitest/runner/dist/chunk-artifact.js:1903:20"],"meta":{},"tags":[]},{"ancestorTitles":["Consent CMS — getConsentSettings loader"],"fullName":"Consent CMS — getConsentSettings loader returns consent data for es","status":"failed","title":"returns consent data for es","duration":2.319500000000062,"failureMessages":["AssertionError: expected null not to be null\n    at C:/Users/Utilisateur/Documents/atomic/tests/integration/consent-cms.test.ts:95:24\n    at processTicksAndRejections (node:internal/process/task_queues:105:5)\n    at file:///C:/Users/Utilisateur/Documents/atomic/node_modules/.pnpm/@vitest+runner@4.1.11/node_modules/@vitest/runner/dist/chunk-artifact.js:1903:20"],"meta":{},"tags":[]},{"ancestorTitles":["Consent CMS — getConsentSettings loader"],"fullName":"Consent CMS — getConsentSettings loader returns consent data for ar","status":"failed","title":"returns consent data for ar","duration":2.4828999999999724,"failureMessages":["AssertionError: expected null not to be null\n    at C:/Users/Utilisateur/Documents/atomic/tests/integration/consent-cms.test.ts:95:24\n    at processTicksAndRejections (node:internal/process/task_queues:105:5)\n    at file:///C:/Users/Utilisateur/Documents/atomic/node_modules/.pnpm/@vitest+runner@4.1.11/node_modules/@vitest/runner/dist/chunk-artifact.js:1903:20"],"meta":{},"tags":[]},{"ancestorTitles":["Consent CMS — getConsentSettings loader"],"fullName":"Consent CMS — getConsentSettings loader returns correct FR content","status":"failed","title":"returns correct FR content","duration":0.9212999999999738,"failureMessages":["AssertionError: expected null not to be null\n    at C:/Users/Utilisateur/Documents/atomic/tests/integration/consent-cms.test.ts:104:24\n    at processTicksAndRejections (node:internal/process/task_queues:105:5)"],"meta":{},"tags":[]},{"ancestorTitles":["Consent CMS — getConsentSettings loader"],"fullName":"Consent CMS — getConsentSettings loader returns correct EN content","status":"failed","title":"returns correct EN content","duration":0.5730000000003201,"failureMessages":["AssertionError: expected null not to be null\n    at C:/Users/Utilisateur/Documents/atomic/tests/integration/consent-cms.test.ts:117:24\n    at processTicksAndRejections (node:internal/process/task_queues:105:5)"],"meta":{},"tags":[]},{"ancestorTitles":["Consent CMS — getConsentSettings loader"],"fullName":"Consent CMS — getConsentSettings loader returns null for invalid locale","status":"passed","title":"returns null for invalid locale","duration":0.5053000000002612,"failureMessages":[],"meta":{},"tags":[]},{"ancestorTitles":["Consent CMS — getConsentSettings loader"],"fullName":"Consent CMS — getConsentSettings loader returns null for empty string","status":"passed","title":"returns null for empty string","duration":0.26850000000013097,"failureMessages":[],"meta":{},"tags":[]},{"ancestorTitles":["Consent CMS — DB operations"],"fullName":"Consent CMS — DB operations inserts a new consent row","status":"passed","title":"inserts a new consent row","duration":7.873499999999694,"failureMessages":[],"meta":{},"tags":[]},{"ancestorTitles":["Consent CMS — DB operations"],"fullName":"Consent CMS — DB operations updates a consent row","status":"passed","title":"updates a consent row","duration":5.641000000000076,"failureMessages":[],"meta":{},"tags":[]},{"ancestorTitles":["Consent CMS — DB operations"],"fullName":"Consent CMS — DB operations enforces unique locale constraint","status":"passed","title":"enforces unique locale constraint","duration":8.242200000000139,"failureMessages":[],"meta":{},"tags":[]},{"ancestorTitles":["Consent CMS — DB operations"],"fullName":"Consent CMS — DB operations deletes a consent row","status":"passed","title":"deletes a consent row","duration":94.84999999999991,"failureMessages":[],"meta":{},"tags":[]}],"startTime":1788117522040,"endTime":1788117522336.85,"status":"failed","message":"","name":"C:/Users/Utilisateur/Documents/atomic/tests/integration/consent-cms.test.ts"},{"assertionResults":[{"ancestorTitles":["/api/contact — integration pipeline"],"fullName":"/api/contact — integration pipeline validates and sanitises a well-formed contact submission","status":"passed","title":"validates and sanitises a well-formed contact submission","duration":12.417099999999664,"failureMessages":[],"meta":{},"tags":[]},{"ancestorTitles":["/api/contact — integration pipeline"],"fullName":"/api/contact — integration pipeline strips XSS from all text fields via DOMPurify","status":"passed","title":"strips XSS from all text fields via DOMPurify","duration":45.89149999999972,"failureMessages":[],"meta":{},"tags":[]},{"ancestorTitles":["/api/contact — integration pipeline"],"fullName":"/api/contact — integration pipeline rejects non-JSON body (simulated via invalid input)","status":"passed","title":"rejects non-JSON body (simulated via invalid input)","duration":1.748700000000099,"failureMessages":[],"meta":{},"tags":[]},{"ancestorTitles":["/api/contact — integration pipeline"],"fullName":"/api/contact — integration pipeline rejects all 4 invalid locales","status":"passed","title":"rejects all 4 invalid locales","duration":3.9878000000007887,"failureMessages":[],"meta":{},"tags":[]},{"ancestorTitles":["/api/contact — integration pipeline"],"fullName":"/api/contact — integration pipeline accepts all 4 valid locales","status":"passed","title":"accepts all 4 valid locales","duration":3.6359000000002197,"failureMessages":[],"meta":{},"tags":[]},{"ancestorTitles":["/api/contact — integration pipeline"],"fullName":"/api/contact — integration pipeline enforces rate limit: 3 per 300s per IP, then blocks","status":"passed","title":"enforces rate limit: 3 per 300s per IP, then blocks","duration":1.151400000000649,"failureMessages":[],"meta":{},"tags":[]},{"ancestorTitles":["/api/contact — integration pipeline"],"fullName":"/api/contact — integration pipeline uses tighter global bucket when no IP is available","status":"passed","title":"uses tighter global bucket when no IP is available","duration":1.102799999999661,"failureMessages":[],"meta":{},"tags":[]},{"ancestorTitles":["/api/contact — integration pipeline"],"fullName":"/api/contact — integration pipeline extractIp uses x-forwarded-for when TRUST_PROXY=true","status":"passed","title":"extractIp uses x-forwarded-for when TRUST_PROXY=true","duration":2.399500000000444,"failureMessages":[],"meta":{},"tags":[]},{"ancestorTitles":["/api/contact — integration pipeline"],"fullName":"/api/contact — integration pipeline extractIp returns null when no proxy and no clientAddress","status":"passed","title":"extractIp returns null when no proxy and no clientAddress","duration":1.1324000000004162,"failureMessages":[],"meta":{},"tags":[]},{"ancestorTitles":["/api/contact — integration pipeline"],"fullName":"/api/contact — integration pipeline generates a complete email template from validated data","status":"passed","title":"generates a complete email template from validated data","duration":2.1864999999997963,"failureMessages":[],"meta":{},"tags":[]},{"ancestorTitles":["/api/contact — integration pipeline"],"fullName":"/api/contact — integration pipeline generates urgent email template with URGENT badge","status":"passed","title":"generates urgent email template with URGENT badge","duration":0.5706000000000131,"failureMessages":[],"meta":{},"tags":[]},{"ancestorTitles":["/api/contact — integration pipeline"],"fullName":"/api/contact — integration pipeline writes CONTACT_FORM_SUBMIT audit event to database","status":"passed","title":"writes CONTACT_FORM_SUBMIT audit event to database","duration":134.03290000000015,"failureMessages":[],"meta":{},"tags":[]},{"ancestorTitles":["/api/contact — integration pipeline"],"fullName":"/api/contact — integration pipeline end-to-end: XSS payload → sanitised → safe template → audit","status":"passed","title":"end-to-end: XSS payload → sanitised → safe template → audit","duration":19.38420000000042,"failureMessages":[],"meta":{},"tags":[]}],"startTime":1788117589424,"endTime":1788117589654.3843,"status":"passed","message":"","name":"C:/Users/Utilisateur/Documents/atomic/tests/integration/contact-api.test.ts"},{"assertionResults":[{"ancestorTitles":["Database — Health"],"fullName":"Database — Health checkConnection returns ok with valid latency","status":"passed","title":"checkConnection returns ok with valid latency","duration":180.72160000000008,"failureMessages":[],"meta":{},"tags":[]},{"ancestorTitles":["Database — Health"],"fullName":"Database — Health getDrizzle returns the same instance (singleton)","status":"passed","title":"getDrizzle returns the same instance (singleton)","duration":0.6956000000000131,"failureMessages":[],"meta":{},"tags":[]},{"ancestorTitles":["Database — Health"],"fullName":"Database — Health can execute a raw query via drizzle","status":"passed","title":"can execute a raw query via drizzle","duration":4.108799999999974,"failureMessages":[],"meta":{},"tags":[]},{"ancestorTitles":["Database — Health"],"fullName":"Database — Health getLazyDrizzle proxy delegates to current instance","status":"passed","title":"getLazyDrizzle proxy delegates to current instance","duration":1.5830000000000837,"failureMessages":[],"meta":{},"tags":[]}],"startTime":1788117591638,"endTime":1788117591825.583,"status":"passed","message":"","name":"C:/Users/Utilisateur/Documents/atomic/tests/integration/db-health.test.ts"},{"assertionResults":[{"ancestorTitles":["API — /api/export-data"],"fullName":"API — /api/export-data returns null session for unauthenticated request","status":"passed","title":"returns null session for unauthenticated request","duration":44.731699999999364,"failureMessages":[],"meta":{},"tags":[]},{"ancestorTitles":["API — /api/export-data"],"fullName":"API — /api/export-data returns user data for authenticated request via auth.api","status":"passed","title":"returns user data for authenticated request via auth.api","duration":8.759099999999307,"failureMessages":[],"meta":{},"tags":[]},{"ancestorTitles":["API — /api/export-data"],"fullName":"API — /api/export-data export query returns accounts for the user","status":"passed","title":"export query returns accounts for the user","duration":5.436300000000301,"failureMessages":[],"meta":{},"tags":[]}],"startTime":1788117575046,"endTime":1788117575108.4363,"status":"passed","message":"","name":"C:/Users/Utilisateur/Documents/atomic/tests/integration/export.test.ts"},{"assertionResults":[{"ancestorTitles":["Legal CMS — Seed data"],"fullName":"Legal CMS — Seed data has exactly 4 legal pages (one per locale)","status":"failed","title":"has exactly 4 legal pages (one per locale)","duration":119.80510000000004,"failureMessages":["AssertionError: expected [] to have a length of 4 but got +0\n    at Proxy.<anonymous> (file:///C:/Users/Utilisateur/Documents/atomic/node_modules/.pnpm/@vitest+expect@4.1.11/node_modules/@vitest/expect/dist/index.js:1389:20)\n    at Proxy.<anonymous> (file:///C:/Users/Utilisateur/Documents/atomic/node_modules/.pnpm/@vitest+expect@4.1.11/node_modules/@vitest/expect/dist/index.js:1156:15)\n    at Proxy.methodWrapper (file:///C:/Users/Utilisateur/Documents/atomic/node_modules/.pnpm/chai@6.2.2/node_modules/chai/index.js:1700:25)\n    at C:/Users/Utilisateur/Documents/atomic/tests/integration/legal-cms.test.ts:31:18\n    at processTicksAndRejections (node:internal/process/task_queues:105:5)\n    at file:///C:/Users/Utilisateur/Documents/atomic/node_modules/.pnpm/@vitest+runner@4.1.11/node_modules/@vitest/runner/dist/chunk-artifact.js:1903:20"],"meta":{},"tags":[]},{"ancestorTitles":["Legal CMS — Seed data"],"fullName":"Legal CMS — Seed data locale fr has 3 FAQ sections","status":"failed","title":"locale fr has 3 FAQ sections","duration":3.9851999999998498,"failureMessages":["AssertionError: expected undefined to be defined\n    at C:/Users/Utilisateur/Documents/atomic/tests/integration/legal-cms.test.ts:43:18\n    at processTicksAndRejections (node:internal/process/task_queues:105:5)\n    at file:///C:/Users/Utilisateur/Documents/atomic/node_modules/.pnpm/@vitest+runner@4.1.11/node_modules/@vitest/runner/dist/chunk-artifact.js:1903:20"],"meta":{},"tags":[]},{"ancestorTitles":["Legal CMS — Seed data"],"fullName":"Legal CMS — Seed data locale en has 3 FAQ sections","status":"failed","title":"locale en has 3 FAQ sections","duration":2.1524000000001706,"failureMessages":["AssertionError: expected undefined to be defined\n    at C:/Users/Utilisateur/Documents/atomic/tests/integration/legal-cms.test.ts:43:18\n    at processTicksAndRejections (node:internal/process/task_queues:105:5)\n    at file:///C:/Users/Utilisateur/Documents/atomic/node_modules/.pnpm/@vitest+runner@4.1.11/node_modules/@vitest/runner/dist/chunk-artifact.js:1903:20"],"meta":{},"tags":[]},{"ancestorTitles":["Legal CMS — Seed data"],"fullName":"Legal CMS — Seed data locale es has 3 FAQ sections","status":"failed","title":"locale es has 3 FAQ sections","duration":1.875,"failureMessages":["AssertionError: expected undefined to be defined\n    at C:/Users/Utilisateur/Documents/atomic/tests/integration/legal-cms.test.ts:43:18\n    at processTicksAndRejections (node:internal/process/task_queues:105:5)\n    at file:///C:/Users/Utilisateur/Documents/atomic/node_modules/.pnpm/@vitest+runner@4.1.11/node_modules/@vitest/runner/dist/chunk-artifact.js:1903:20"],"meta":{},"tags":[]},{"ancestorTitles":["Legal CMS — Seed data"],"fullName":"Legal CMS — Seed data locale ar has 3 FAQ sections","status":"failed","title":"locale ar has 3 FAQ sections","duration":2.0570000000000164,"failureMessages":["AssertionError: expected undefined to be defined\n    at C:/Users/Utilisateur/Documents/atomic/tests/integration/legal-cms.test.ts:43:18\n    at processTicksAndRejections (node:internal/process/task_queues:105:5)\n    at file:///C:/Users/Utilisateur/Documents/atomic/node_modules/.pnpm/@vitest+runner@4.1.11/node_modules/@vitest/runner/dist/chunk-artifact.js:1903:20"],"meta":{},"tags":[]},{"ancestorTitles":["Legal CMS — Seed data"],"fullName":"Legal CMS — Seed data locale fr section content is valid JSON with items","status":"failed","title":"locale fr section content is valid JSON with items","duration":3.047900000000027,"failureMessages":["TypeError: Cannot read properties of undefined (reading 'id')\n    at C:/Users/Utilisateur/Documents/atomic/tests/integration/legal-cms.test.ts:67:43\n    at processTicksAndRejections (node:internal/process/task_queues:105:5)\n    at file:///C:/Users/Utilisateur/Documents/atomic/node_modules/.pnpm/@vitest+runner@4.1.11/node_modules/@vitest/runner/dist/chunk-artifact.js:1903:20"],"meta":{},"tags":[]},{"ancestorTitles":["Legal CMS — Seed data"],"fullName":"Legal CMS — Seed data locale en section content is valid JSON with items","status":"failed","title":"locale en section content is valid JSON with items","duration":2.2701999999999316,"failureMessages":["TypeError: Cannot read properties of undefined (reading 'id')\n    at C:/Users/Utilisateur/Documents/atomic/tests/integration/legal-cms.test.ts:67:43\n    at processTicksAndRejections (node:internal/process/task_queues:105:5)\n    at file:///C:/Users/Utilisateur/Documents/atomic/node_modules/.pnpm/@vitest+runner@4.1.11/node_modules/@vitest/runner/dist/chunk-artifact.js:1903:20"],"meta":{},"tags":[]},{"ancestorTitles":["Legal CMS — Seed data"],"fullName":"Legal CMS — Seed data locale es section content is valid JSON with items","status":"failed","title":"locale es section content is valid JSON with items","duration":1.5708999999999378,"failureMessages":["TypeError: Cannot read properties of undefined (reading 'id')\n    at C:/Users/Utilisateur/Documents/atomic/tests/integration/legal-cms.test.ts:67:43\n    at processTicksAndRejections (node:internal/process/task_queues:105:5)\n    at file:///C:/Users/Utilisateur/Documents/atomic/node_modules/.pnpm/@vitest+runner@4.1.11/node_modules/@vitest/runner/dist/chunk-artifact.js:1903:20"],"meta":{},"tags":[]},{"ancestorTitles":["Legal CMS — Seed data"],"fullName":"Legal CMS — Seed data locale ar section content is valid JSON with items","status":"failed","title":"locale ar section content is valid JSON with items","duration":2.579300000000103,"failureMessages":["TypeError: Cannot read properties of undefined (reading 'id')\n    at C:/Users/Utilisateur/Documents/atomic/tests/integration/legal-cms.test.ts:67:43\n    at processTicksAndRejections (node:internal/process/task_queues:105:5)\n    at file:///C:/Users/Utilisateur/Documents/atomic/node_modules/.pnpm/@vitest+runner@4.1.11/node_modules/@vitest/runner/dist/chunk-artifact.js:1903:20"],"meta":{},"tags":[]},{"ancestorTitles":["Legal CMS — getPage loader"],"fullName":"Legal CMS — getPage loader loads published legal page for fr","status":"failed","title":"loads published legal page for fr","duration":5.819599999999809,"failureMessages":["AssertionError: expected null not to be null\n    at C:/Users/Utilisateur/Documents/atomic/tests/integration/legal-cms.test.ts:89:24\n    at processTicksAndRejections (node:internal/process/task_queues:105:5)\n    at file:///C:/Users/Utilisateur/Documents/atomic/node_modules/.pnpm/@vitest+runner@4.1.11/node_modules/@vitest/runner/dist/chunk-artifact.js:1903:20"],"meta":{},"tags":[]},{"ancestorTitles":["Legal CMS — getPage loader"],"fullName":"Legal CMS — getPage loader loads published legal page for en","status":"failed","title":"loads published legal page for en","duration":2.173999999999978,"failureMessages":["AssertionError: expected null not to be null\n    at C:/Users/Utilisateur/Documents/atomic/tests/integration/legal-cms.test.ts:89:24\n    at processTicksAndRejections (node:internal/process/task_queues:105:5)\n    at file:///C:/Users/Utilisateur/Documents/atomic/node_modules/.pnpm/@vitest+runner@4.1.11/node_modules/@vitest/runner/dist/chunk-artifact.js:1903:20"],"meta":{},"tags":[]},{"ancestorTitles":["Legal CMS — getPage loader"],"fullName":"Legal CMS — getPage loader loads published legal page for es","status":"failed","title":"loads published legal page for es","duration":1.873299999999972,"failureMessages":["AssertionError: expected null not to be null\n    at C:/Users/Utilisateur/Documents/atomic/tests/integration/legal-cms.test.ts:89:24\n    at processTicksAndRejections (node:internal/process/task_queues:105:5)\n    at file:///C:/Users/Utilisateur/Documents/atomic/node_modules/.pnpm/@vitest+runner@4.1.11/node_modules/@vitest/runner/dist/chunk-artifact.js:1903:20"],"meta":{},"tags":[]},{"ancestorTitles":["Legal CMS — getPage loader"],"fullName":"Legal CMS — getPage loader loads published legal page for ar","status":"failed","title":"loads published legal page for ar","duration":2.149499999999989,"failureMessages":["AssertionError: expected null not to be null\n    at C:/Users/Utilisateur/Documents/atomic/tests/integration/legal-cms.test.ts:89:24\n    at processTicksAndRejections (node:internal/process/task_queues:105:5)\n    at file:///C:/Users/Utilisateur/Documents/atomic/node_modules/.pnpm/@vitest+runner@4.1.11/node_modules/@vitest/runner/dist/chunk-artifact.js:1903:20"],"meta":{},"tags":[]},{"ancestorTitles":["Legal CMS — getPage loader"],"fullName":"Legal CMS — getPage loader returns 3 visible sections for fr","status":"failed","title":"returns 3 visible sections for fr","duration":0.8179000000000087,"failureMessages":["AssertionError: expected null not to be null\n    at C:/Users/Utilisateur/Documents/atomic/tests/integration/legal-cms.test.ts:100:24\n    at processTicksAndRejections (node:internal/process/task_queues:105:5)"],"meta":{},"tags":[]},{"ancestorTitles":["Legal CMS — getPage loader"],"fullName":"Legal CMS — getPage loader returns 3 visible sections for en","status":"failed","title":"returns 3 visible sections for en","duration":0.44290000000000873,"failureMessages":["AssertionError: expected null not to be null\n    at C:/Users/Utilisateur/Documents/atomic/tests/integration/legal-cms.test.ts:100:24\n    at processTicksAndRejections (node:internal/process/task_queues:105:5)"],"meta":{},"tags":[]},{"ancestorTitles":["Legal CMS — getPage loader"],"fullName":"Legal CMS — getPage loader returns 3 visible sections for es","status":"failed","title":"returns 3 visible sections for es","duration":0.4432999999999083,"failureMessages":["AssertionError: expected null not to be null\n    at C:/Users/Utilisateur/Documents/atomic/tests/integration/legal-cms.test.ts:100:24\n    at processTicksAndRejections (node:internal/process/task_queues:105:5)"],"meta":{},"tags":[]},{"ancestorTitles":["Legal CMS — getPage loader"],"fullName":"Legal CMS — getPage loader returns 3 visible sections for ar","status":"failed","title":"returns 3 visible sections for ar","duration":0.5119999999999436,"failureMessages":["AssertionError: expected null not to be null\n    at C:/Users/Utilisateur/Documents/atomic/tests/integration/legal-cms.test.ts:100:24\n    at processTicksAndRejections (node:internal/process/task_queues:105:5)"],"meta":{},"tags":[]},{"ancestorTitles":["Legal CMS — getPage loader"],"fullName":"Legal CMS — getPage loader returns null for non-existent slug","status":"passed","title":"returns null for non-existent slug","duration":1.7131000000001677,"failureMessages":[],"meta":{},"tags":[]},{"ancestorTitles":["Legal CMS — getPage loader"],"fullName":"Legal CMS — getPage loader returns null for invalid locale","status":"passed","title":"returns null for invalid locale","duration":0.39620000000013533,"failureMessages":[],"meta":{},"tags":[]}],"startTime":1788117523880,"endTime":1788117524037.3962,"status":"failed","message":"","name":"C:/Users/Utilisateur/Documents/atomic/tests/integration/legal-cms.test.ts"},{"assertionResults":[{"ancestorTitles":["Middleware logic — getSession with headers"],"fullName":"Middleware logic — getSession with headers returns user and session for authenticated headers","status":"passed","title":"returns user and session for authenticated headers","duration":75.4684000000002,"failureMessages":[],"meta":{},"tags":[]},{"ancestorTitles":["Middleware logic — getSession with headers"],"fullName":"Middleware logic — getSession with headers returns null for empty headers (unauthenticated)","status":"passed","title":"returns null for empty headers (unauthenticated)","duration":2.468499999999949,"failureMessages":[],"meta":{},"tags":[]},{"ancestorTitles":["Middleware logic — getSession with headers"],"fullName":"Middleware logic — getSession with headers returns null for invalid auth token","status":"passed","title":"returns null for invalid auth token","duration":2.1934000000001106,"failureMessages":[],"meta":{},"tags":[]},{"ancestorTitles":["Middleware logic — getSession with headers"],"fullName":"Middleware logic — getSession with headers returns null for expired/revoked session","status":"passed","title":"returns null for expired/revoked session","duration":124.07169999999951,"failureMessages":[],"meta":{},"tags":[]}],"startTime":1788117575618,"endTime":1788117575822.0718,"status":"passed","message":"","name":"C:/Users/Utilisateur/Documents/atomic/tests/integration/middleware.test.ts"},{"assertionResults":[{"ancestorTitles":["assertNoCycle — navigation hierarchy"],"fullName":"assertNoCycle — navigation hierarchy throws when item is its own parent","status":"passed","title":"throws when item is its own parent","duration":13.451199999999972,"failureMessages":[],"meta":{},"tags":[]},{"ancestorTitles":["assertNoCycle — navigation hierarchy"],"fullName":"assertNoCycle — navigation hierarchy allows a valid parent-child relationship","status":"passed","title":"allows a valid parent-child relationship","duration":15.473799999999983,"failureMessages":[],"meta":{},"tags":[]},{"ancestorTitles":["assertNoCycle — navigation hierarchy"],"fullName":"assertNoCycle — navigation hierarchy detects A→B→A cycle","status":"passed","title":"detects A→B→A cycle","duration":6.62480000000005,"failureMessages":[],"meta":{},"tags":[]},{"ancestorTitles":["assertNoCycle — navigation hierarchy"],"fullName":"assertNoCycle — navigation hierarchy detects A→B→C→A three-node cycle","status":"passed","title":"detects A→B→C→A three-node cycle","duration":8.719100000000026,"failureMessages":[],"meta":{},"tags":[]},{"ancestorTitles":["assertNoCycle — navigation hierarchy"],"fullName":"assertNoCycle — navigation hierarchy allows reassigning parent to a non-ancestor node","status":"passed","title":"allows reassigning parent to a non-ancestor node","duration":5.929399999999987,"failureMessages":[],"meta":{},"tags":[]},{"ancestorTitles":["assertNoCycle — navigation hierarchy"],"fullName":"assertNoCycle — navigation hierarchy handles parentId pointing to non-existent item (no crash)","status":"passed","title":"handles parentId pointing to non-existent item (no crash)","duration":2.871499999999969,"failureMessages":[],"meta":{},"tags":[]}],"startTime":1788117588606,"endTime":1788117588658.8716,"status":"passed","message":"","name":"C:/Users/Utilisateur/Documents/atomic/tests/integration/navigation-cycle.test.ts"},{"assertionResults":[{"ancestorTitles":["updateConsentSettings"],"fullName":"updateConsentSettings updates consent settings for a locale","status":"passed","title":"updates consent settings for a locale","duration":49.1558,"failureMessages":[],"meta":{},"tags":[]},{"ancestorTitles":["updateConsentSettings"],"fullName":"updateConsentSettings throws NOT_FOUND when no consent config exists for locale","status":"passed","title":"throws NOT_FOUND when no consent config exists for locale","duration":4.0471,"failureMessages":[],"meta":{},"tags":[]},{"ancestorTitles":["updateConsentSettings"],"fullName":"updateConsentSettings throws BAD_REQUEST for invalid locale","status":"passed","title":"throws BAD_REQUEST for invalid locale","duration":1.0621000000001004,"failureMessages":[],"meta":{},"tags":[]},{"ancestorTitles":["updateConsentSettings"],"fullName":"updateConsentSettings rejects non-admin","status":"passed","title":"rejects non-admin","duration":1.0696000000000367,"failureMessages":[],"meta":{},"tags":[]},{"ancestorTitles":["updateConsentSettings"],"fullName":"updateConsentSettings passes isActive and privacyPolicyUrl fields","status":"passed","title":"passes isActive and privacyPolicyUrl fields","duration":1.599100000000135,"failureMessages":[],"meta":{},"tags":[]}],"startTime":1788117602736,"endTime":1788117602793.599,"status":"passed","message":"","name":"C:/Users/Utilisateur/Documents/atomic/tests/unit/admin-consent.test.ts"},{"assertionResults":[{"ancestorTitles":["updateContactInfo"],"fullName":"updateContactInfo updates contact info","status":"passed","title":"updates contact info","duration":41.918499999999995,"failureMessages":[],"meta":{},"tags":[]},{"ancestorTitles":["updateContactInfo"],"fullName":"updateContactInfo throws NOT_FOUND when contact info missing","status":"passed","title":"throws NOT_FOUND when contact info missing","duration":4.103700000000117,"failureMessages":[],"meta":{},"tags":[]},{"ancestorTitles":["updateContactInfo"],"fullName":"updateContactInfo rejects non-admin","status":"passed","title":"rejects non-admin","duration":1.2112999999999374,"failureMessages":[],"meta":{},"tags":[]},{"ancestorTitles":["updateContactInfo input validation"],"fullName":"updateContactInfo input validation accepts valid full input","status":"passed","title":"accepts valid full input","duration":6.28690000000006,"failureMessages":[],"meta":{},"tags":[]},{"ancestorTitles":["updateContactInfo input validation"],"fullName":"updateContactInfo input validation rejects latitude without longitude","status":"passed","title":"rejects latitude without longitude","duration":1.7998999999999796,"failureMessages":[],"meta":{},"tags":[]},{"ancestorTitles":["updateContactInfo input validation"],"fullName":"updateContactInfo input validation rejects longitude without latitude","status":"passed","title":"rejects longitude without latitude","duration":0.7809999999999491,"failureMessages":[],"meta":{},"tags":[]},{"ancestorTitles":["updateContactInfo input validation"],"fullName":"updateContactInfo input validation accepts both lat/lon as null","status":"passed","title":"accepts both lat/lon as null","duration":0.550899999999956,"failureMessages":[],"meta":{},"tags":[]},{"ancestorTitles":["updateContactInfo input validation"],"fullName":"updateContactInfo input validation rejects invalid email","status":"passed","title":"rejects invalid email","duration":0.6956000000000131,"failureMessages":[],"meta":{},"tags":[]},{"ancestorTitles":["updateContactInfo input validation"],"fullName":"updateContactInfo input validation rejects latitude out of range","status":"passed","title":"rejects latitude out of range","duration":1.263700000000199,"failureMessages":[],"meta":{},"tags":[]},{"ancestorTitles":["updateContactInfo input validation"],"fullName":"updateContactInfo input validation rejects mapUrl without http","status":"passed","title":"rejects mapUrl without http","duration":1.0484000000001288,"failureMessages":[],"meta":{},"tags":[]}],"startTime":1788117595512,"endTime":1788117595573.0483,"status":"passed","message":"","name":"C:/Users/Utilisateur/Documents/atomic/tests/unit/admin-contact.test.ts"},{"assertionResults":[{"ancestorTitles":["assertAdmin"],"fullName":"assertAdmin throws UNAUTHORIZED when user is null","status":"passed","title":"throws UNAUTHORIZED when user is null","duration":39.99699999999996,"failureMessages":[],"meta":{},"tags":[]},{"ancestorTitles":["assertAdmin"],"fullName":"assertAdmin throws FORBIDDEN when user is not admin","status":"passed","title":"throws FORBIDDEN when user is not admin","duration":0.89549999999997,"failureMessages":[],"meta":{},"tags":[]},{"ancestorTitles":["assertAdmin"],"fullName":"assertAdmin returns the user when admin","status":"passed","title":"returns the user when admin","duration":0.6082000000000107,"failureMessages":[],"meta":{},"tags":[]},{"ancestorTitles":["assertAdmin"],"fullName":"assertAdmin throws FORBIDDEN when admin is banned","status":"passed","title":"throws FORBIDDEN when admin is banned","duration":0.5923000000000229,"failureMessages":[],"meta":{},"tags":[]},{"ancestorTitles":["adminRateLimit"],"fullName":"adminRateLimit does not throw when under the limit","status":"passed","title":"does not throw when under the limit","duration":1.1955000000000382,"failureMessages":[],"meta":{},"tags":[]},{"ancestorTitles":["adminRateLimit"],"fullName":"adminRateLimit throws TOO_MANY_REQUESTS when limit is exceeded","status":"passed","title":"throws TOO_MANY_REQUESTS when limit is exceeded","duration":0.8057999999999765,"failureMessages":[],"meta":{},"tags":[]},{"ancestorTitles":["auditAdmin"],"fullName":"auditAdmin does not throw when logAuditEvent rejects","status":"passed","title":"does not throw when logAuditEvent rejects","duration":11.38289999999995,"failureMessages":[],"meta":{},"tags":[]}],"startTime":1788117592258,"endTime":1788117592314.3828,"status":"passed","message":"","name":"C:/Users/Utilisateur/Documents/atomic/tests/unit/admin-helpers.test.ts"},{"assertionResults":[{"ancestorTitles":["updateOpeningHours"],"fullName":"updateOpeningHours updates hours for valid items","status":"passed","title":"updates hours for valid items","duration":43.16110000000003,"failureMessages":[],"meta":{},"tags":[]},{"ancestorTitles":["updateOpeningHours"],"fullName":"updateOpeningHours handles closed days (no openTime/closeTime required)","status":"passed","title":"handles closed days (no openTime/closeTime required)","duration":1.76299999999992,"failureMessages":[],"meta":{},"tags":[]},{"ancestorTitles":["updateOpeningHours"],"fullName":"updateOpeningHours throws NOT_FOUND when hour not found","status":"passed","title":"throws NOT_FOUND when hour not found","duration":4.058599999999842,"failureMessages":[],"meta":{},"tags":[]},{"ancestorTitles":["updateOpeningHours"],"fullName":"updateOpeningHours rejects non-admin","status":"passed","title":"rejects non-admin","duration":1.2562000000000353,"failureMessages":[],"meta":{},"tags":[]},{"ancestorTitles":["updateOpeningHours input validation"],"fullName":"updateOpeningHours input validation accepts valid open day","status":"passed","title":"accepts valid open day","duration":6.628400000000056,"failureMessages":[],"meta":{},"tags":[]},{"ancestorTitles":["updateOpeningHours input validation"],"fullName":"updateOpeningHours input validation accepts closed day without times","status":"passed","title":"accepts closed day without times","duration":0.661200000000008,"failureMessages":[],"meta":{},"tags":[]},{"ancestorTitles":["updateOpeningHours input validation"],"fullName":"updateOpeningHours input validation rejects invalid time format","status":"passed","title":"rejects invalid time format","duration":1.930599999999913,"failureMessages":[],"meta":{},"tags":[]},{"ancestorTitles":["updateOpeningHours input validation"],"fullName":"updateOpeningHours input validation rejects time with hours > 23","status":"passed","title":"rejects time with hours > 23","duration":0.6057000000000698,"failureMessages":[],"meta":{},"tags":[]},{"ancestorTitles":["updateOpeningHours input validation"],"fullName":"updateOpeningHours input validation rejects open day without times","status":"passed","title":"rejects open day without times","duration":1.1749999999999545,"failureMessages":[],"meta":{},"tags":[]},{"ancestorTitles":["updateOpeningHours input validation"],"fullName":"updateOpeningHours input validation rejects closeTime before openTime","status":"passed","title":"rejects closeTime before openTime","duration":0.6947000000000116,"failureMessages":[],"meta":{},"tags":[]},{"ancestorTitles":["updateOpeningHours input validation"],"fullName":"updateOpeningHours input validation rejects midday break without all 4 times","status":"passed","title":"rejects midday break without all 4 times","duration":0.6134999999999309,"failureMessages":[],"meta":{},"tags":[]},{"ancestorTitles":["updateOpeningHours input validation"],"fullName":"updateOpeningHours input validation accepts valid midday break","status":"passed","title":"accepts valid midday break","duration":0.7244999999998072,"failureMessages":[],"meta":{},"tags":[]},{"ancestorTitles":["updateOpeningHours input validation"],"fullName":"updateOpeningHours input validation rejects midday break where afternoon opens before morning closes","status":"passed","title":"rejects midday break where afternoon opens before morning closes","duration":0.6421000000000276,"failureMessages":[],"meta":{},"tags":[]}],"startTime":1788117596789,"endTime":1788117596854.642,"status":"passed","message":"","name":"C:/Users/Utilisateur/Documents/atomic/tests/unit/admin-hours.test.ts"},{"assertionResults":[{"ancestorTitles":["createMediaFolder"],"fullName":"createMediaFolder creates a folder","status":"passed","title":"creates a folder","duration":45.62110000000007,"failureMessages":[],"meta":{},"tags":[]},{"ancestorTitles":["createMediaFolder"],"fullName":"createMediaFolder throws CONFLICT on duplicate name","status":"passed","title":"throws CONFLICT on duplicate name","duration":5.992199999999912,"failureMessages":[],"meta":{},"tags":[]},{"ancestorTitles":["createMediaFolder"],"fullName":"createMediaFolder rejects non-admin","status":"passed","title":"rejects non-admin","duration":2.410000000000082,"failureMessages":[],"meta":{},"tags":[]},{"ancestorTitles":["updateMediaFolder"],"fullName":"updateMediaFolder updates a folder via transaction","status":"passed","title":"updates a folder via transaction","duration":4.02819999999997,"failureMessages":[],"meta":{},"tags":[]},{"ancestorTitles":["updateMediaFolder"],"fullName":"updateMediaFolder throws on self-referencing parentId","status":"passed","title":"throws on self-referencing parentId","duration":2.529899999999998,"failureMessages":[],"meta":{},"tags":[]},{"ancestorTitles":["deleteMediaFolder"],"fullName":"deleteMediaFolder deletes an empty folder","status":"passed","title":"deletes an empty folder","duration":2.687400000000025,"failureMessages":[],"meta":{},"tags":[]},{"ancestorTitles":["deleteMediaFolder"],"fullName":"deleteMediaFolder rejects deleting folder with children","status":"passed","title":"rejects deleting folder with children","duration":1.6109999999998763,"failureMessages":[],"meta":{},"tags":[]},{"ancestorTitles":["deleteMediaFolder"],"fullName":"deleteMediaFolder rejects deleting folder with files","status":"passed","title":"rejects deleting folder with files","duration":1.516700000000128,"failureMessages":[],"meta":{},"tags":[]},{"ancestorTitles":["deleteMediaFolder"],"fullName":"deleteMediaFolder throws NOT_FOUND for missing folder","status":"passed","title":"throws NOT_FOUND for missing folder","duration":2.6282000000001062,"failureMessages":[],"meta":{},"tags":[]},{"ancestorTitles":["uploadMediaFile"],"fullName":"uploadMediaFile uploads a file to root folder","status":"passed","title":"uploads a file to root folder","duration":517.3165000000001,"failureMessages":[],"meta":{},"tags":[]},{"ancestorTitles":["uploadMediaFile"],"fullName":"uploadMediaFile uploads a file into a specific folder","status":"passed","title":"uploads a file into a specific folder","duration":2.04300000000012,"failureMessages":[],"meta":{},"tags":[]},{"ancestorTitles":["uploadMediaFile"],"fullName":"uploadMediaFile throws NOT_FOUND when target folder does not exist","status":"passed","title":"throws NOT_FOUND when target folder does not exist","duration":1.055199999999786,"failureMessages":[],"meta":{},"tags":[]},{"ancestorTitles":["renameMediaFile"],"fullName":"renameMediaFile renames a file on disk and in DB","status":"passed","title":"renames a file on disk and in DB","duration":1.5737000000001444,"failureMessages":[],"meta":{},"tags":[]},{"ancestorTitles":["renameMediaFile"],"fullName":"renameMediaFile preserves extension when not provided","status":"passed","title":"preserves extension when not provided","duration":0.7402999999999338,"failureMessages":[],"meta":{},"tags":[]},{"ancestorTitles":["renameMediaFile"],"fullName":"renameMediaFile throws NOT_FOUND for missing file","status":"passed","title":"throws NOT_FOUND for missing file","duration":0.6358000000000175,"failureMessages":[],"meta":{},"tags":[]},{"ancestorTitles":["moveMediaFile"],"fullName":"moveMediaFile moves a file to a folder","status":"passed","title":"moves a file to a folder","duration":0.9667999999999211,"failureMessages":[],"meta":{},"tags":[]},{"ancestorTitles":["moveMediaFile"],"fullName":"moveMediaFile moves a file to root (null)","status":"passed","title":"moves a file to root (null)","duration":0.7491999999999734,"failureMessages":[],"meta":{},"tags":[]},{"ancestorTitles":["moveMediaFile"],"fullName":"moveMediaFile throws NOT_FOUND for missing target folder","status":"passed","title":"throws NOT_FOUND for missing target folder","duration":1.363700000000108,"failureMessages":[],"meta":{},"tags":[]},{"ancestorTitles":["moveMediaFile"],"fullName":"moveMediaFile throws NOT_FOUND for missing file","status":"passed","title":"throws NOT_FOUND for missing file","duration":0.8523000000000138,"failureMessages":[],"meta":{},"tags":[]},{"ancestorTitles":["deleteMediaFile"],"fullName":"deleteMediaFile deletes a file (disk + DB)","status":"passed","title":"deletes a file (disk + DB)","duration":1.0093999999999141,"failureMessages":[],"meta":{},"tags":[]},{"ancestorTitles":["deleteMediaFile"],"fullName":"deleteMediaFile throws NOT_FOUND for missing file","status":"passed","title":"throws NOT_FOUND for missing file","duration":0.8934999999999036,"failureMessages":[],"meta":{},"tags":[]},{"ancestorTitles":["upsertMediaFileAlt"],"fullName":"upsertMediaFileAlt inserts a new alt text","status":"passed","title":"inserts a new alt text","duration":1.0787000000000262,"failureMessages":[],"meta":{},"tags":[]},{"ancestorTitles":["upsertMediaFileAlt"],"fullName":"upsertMediaFileAlt updates an existing alt text","status":"passed","title":"updates an existing alt text","duration":0.7296999999998661,"failureMessages":[],"meta":{},"tags":[]},{"ancestorTitles":["upsertMediaFileAlt"],"fullName":"upsertMediaFileAlt throws NOT_FOUND for missing file","status":"passed","title":"throws NOT_FOUND for missing file","duration":0.858600000000024,"failureMessages":[],"meta":{},"tags":[]},{"ancestorTitles":["deleteMediaFileAlt"],"fullName":"deleteMediaFileAlt deletes an alt text","status":"passed","title":"deletes an alt text","duration":0.9376999999999498,"failureMessages":[],"meta":{},"tags":[]},{"ancestorTitles":["deleteMediaFileAlt"],"fullName":"deleteMediaFileAlt throws NOT_FOUND for missing alt","status":"passed","title":"throws NOT_FOUND for missing alt","duration":0.7746999999999389,"failureMessages":[],"meta":{},"tags":[]}],"startTime":1788117583472,"endTime":1788117584077.7747,"status":"passed","message":"","name":"C:/Users/Utilisateur/Documents/atomic/tests/unit/admin-media.test.ts"},{"assertionResults":[{"ancestorTitles":["createNavigationMenu"],"fullName":"createNavigationMenu creates a new menu","status":"passed","title":"creates a new menu","duration":42.63469999999984,"failureMessages":[],"meta":{},"tags":[]},{"ancestorTitles":["createNavigationMenu"],"fullName":"createNavigationMenu throws CONFLICT on duplicate name","status":"passed","title":"throws CONFLICT on duplicate name","duration":4.23090000000002,"failureMessages":[],"meta":{},"tags":[]},{"ancestorTitles":["createNavigationMenu"],"fullName":"createNavigationMenu throws UNAUTHORIZED with no user","status":"passed","title":"throws UNAUTHORIZED with no user","duration":1.0167999999998756,"failureMessages":[],"meta":{},"tags":[]},{"ancestorTitles":["createNavigationMenu"],"fullName":"createNavigationMenu throws FORBIDDEN for non-admin","status":"passed","title":"throws FORBIDDEN for non-admin","duration":1.3972000000001117,"failureMessages":[],"meta":{},"tags":[]},{"ancestorTitles":["updateNavigationMenu"],"fullName":"updateNavigationMenu updates an existing menu","status":"passed","title":"updates an existing menu","duration":2.803899999999885,"failureMessages":[],"meta":{},"tags":[]},{"ancestorTitles":["updateNavigationMenu"],"fullName":"updateNavigationMenu throws NOT_FOUND when menu does not exist","status":"passed","title":"throws NOT_FOUND when menu does not exist","duration":1.50429999999983,"failureMessages":[],"meta":{},"tags":[]},{"ancestorTitles":["updateNavigationMenu"],"fullName":"updateNavigationMenu throws CONFLICT when another menu uses the name","status":"passed","title":"throws CONFLICT when another menu uses the name","duration":1.4137000000000626,"failureMessages":[],"meta":{},"tags":[]},{"ancestorTitles":["updateNavigationMenu"],"fullName":"updateNavigationMenu throws FORBIDDEN when renaming a protected menu","status":"passed","title":"throws FORBIDDEN when renaming a protected menu","duration":0.9835000000000491,"failureMessages":[],"meta":{},"tags":[]},{"ancestorTitles":["updateNavigationMenu"],"fullName":"updateNavigationMenu allows updating description of a protected menu","status":"passed","title":"allows updating description of a protected menu","duration":1.6196999999999662,"failureMessages":[],"meta":{},"tags":[]},{"ancestorTitles":["deleteNavigationMenu"],"fullName":"deleteNavigationMenu deletes an existing menu","status":"passed","title":"deletes an existing menu","duration":1.8414999999999964,"failureMessages":[],"meta":{},"tags":[]},{"ancestorTitles":["deleteNavigationMenu"],"fullName":"deleteNavigationMenu throws NOT_FOUND when menu does not exist","status":"passed","title":"throws NOT_FOUND when menu does not exist","duration":1.269800000000032,"failureMessages":[],"meta":{},"tags":[]},{"ancestorTitles":["deleteNavigationMenu"],"fullName":"deleteNavigationMenu throws FORBIDDEN when deleting a protected menu","status":"passed","title":"throws FORBIDDEN when deleting a protected menu","duration":1.0177000000001044,"failureMessages":[],"meta":{},"tags":[]},{"ancestorTitles":["deleteNavigationMenu"],"fullName":"deleteNavigationMenu requires admin role","status":"passed","title":"requires admin role","duration":1.2959999999998217,"failureMessages":[],"meta":{},"tags":[]}],"startTime":1788117600181,"endTime":1788117600246.296,"status":"passed","message":"","name":"C:/Users/Utilisateur/Documents/atomic/tests/unit/admin-menus.test.ts"},{"assertionResults":[{"ancestorTitles":["createNavigationItem"],"fullName":"createNavigationItem creates an item when menu exists","status":"passed","title":"creates an item when menu exists","duration":45.67900000000009,"failureMessages":[],"meta":{},"tags":[]},{"ancestorTitles":["createNavigationItem"],"fullName":"createNavigationItem throws when menu does not exist","status":"passed","title":"throws when menu does not exist","duration":4.104800000000068,"failureMessages":[],"meta":{},"tags":[]},{
[...]
st+runner@4.1.11/node_modules/@vitest/runner/dist/chunk-artifact.js:2272:10)\n    at file:///C:/Users/Utilisateur/Documents/atomic/node_modules/.pnpm/@vitest+runner@4.1.11/node_modules/@vitest/runner/dist/chunk-artifact.js:2956:64"],"meta":{},"tags":[]},{"ancestorTitles":["Atomic module contracts"],"fullName":"Atomic module contracts declares the shared cards/lists/single/ui presentation grammar","status":"passed","title":"declares the shared cards/lists/single/ui presentation grammar","duration":0.9402999999999793,"failureMessages":[],"meta":{},"tags":[]},{"ancestorTitles":["Atomic module contracts"],"fullName":"Atomic module contracts declares Blog's editorial resource management contract","status":"passed","title":"declares Blog's editorial resource management contract","duration":0.9791000000000167,"failureMessages":[],"meta":{},"tags":[]}],"startTime":1788117582035,"endTime":1788117582059.979,"status":"failed","message":"","name":"C:/Users/Utilisateur/Documents/atomic/tests/unit/cms/module-contract.test.ts"},{"assertionResults":[{"ancestorTitles":["Atomic module registry"],"fullName":"Atomic module registry registers, retrieves and lists modules deterministically","status":"passed","title":"registers, retrieves and lists modules deterministically","duration":6.366600000000005,"failureMessages":[],"meta":{},"tags":[]},{"ancestorTitles":["Atomic module registry"],"fullName":"Atomic module registry rejects duplicate module ids","status":"passed","title":"rejects duplicate module ids","duration":2.3035999999999603,"failureMessages":[],"meta":{},"tags":[]}],"startTime":1788117614988,"endTime":1788117614996.3037,"status":"passed","message":"","name":"C:/Users/Utilisateur/Documents/atomic/tests/unit/cms/module-registry.test.ts"},{"assertionResults":[{"ancestorTitles":["Atomic admin resource contract"],"fullName":"Atomic admin resource contract accepts matching entity and capability contracts","status":"failed","title":"accepts matching entity and capability contracts","duration":14.768500000000017,"failureMessages":["AssertionError: expected [Function] to not throw an error but 'TypeError: Cannot read properties of …' was thrown\n    at Proxy.<anonymous> (file:///C:/Users/Utilisateur/Documents/atomic/node_modules/.pnpm/@vitest+expect@4.1.11/node_modules/@vitest/expect/dist/index.js:1552:16)\n    at Proxy.<anonymous> (file:///C:/Users/Utilisateur/Documents/atomic/node_modules/.pnpm/@vitest+expect@4.1.11/node_modules/@vitest/expect/dist/index.js:1156:15)\n    at Proxy.methodWrapper (file:///C:/Users/Utilisateur/Documents/atomic/node_modules/.pnpm/chai@6.2.2/node_modules/chai/index.js:1700:25)\n    at C:/Users/Utilisateur/Documents/atomic/tests/unit/cms/resource-contract.test.ts:45:79\n    at file:///C:/Users/Utilisateur/Documents/atomic/node_modules/.pnpm/@vitest+runner@4.1.11/node_modules/@vitest/runner/dist/chunk-artifact.js:302:11\n    at file:///C:/Users/Utilisateur/Documents/atomic/node_modules/.pnpm/@vitest+runner@4.1.11/node_modules/@vitest/runner/dist/chunk-artifact.js:1903:26\n    at file:///C:/Users/Utilisateur/Documents/atomic/node_modules/.pnpm/@vitest+runner@4.1.11/node_modules/@vitest/runner/dist/chunk-artifact.js:2326:20\n    at new Promise (<anonymous>)\n    at runWithCancel (file:///C:/Users/Utilisateur/Documents/atomic/node_modules/.pnpm/@vitest+runner@4.1.11/node_modules/@vitest/runner/dist/chunk-artifact.js:2323:10)\n    at file:///C:/Users/Utilisateur/Documents/atomic/node_modules/.pnpm/@vitest+runner@4.1.11/node_modules/@vitest/runner/dist/chunk-artifact.js:2305:20"],"meta":{},"tags":[]},{"ancestorTitles":["Atomic admin resource contract"],"fullName":"Atomic admin resource contract rejects publication actions without publication capability","status":"passed","title":"rejects publication actions without publication capability","duration":1.1330000000000382,"failureMessages":[],"meta":{},"tags":[]},{"ancestorTitles":["Atomic admin resource contract"],"fullName":"Atomic admin resource contract rejects a resource owned by another module","status":"passed","title":"rejects a resource owned by another module","duration":0.5674999999999955,"failureMessages":[],"meta":{},"tags":[]},{"ancestorTitles":["Atomic admin resource contract"],"fullName":"Atomic admin resource contract rejects list-dependent management without list support","status":"failed","title":"rejects list-dependent management without list support","duration":6.289499999999975,"failureMessages":["AssertionError: expected [Function] to throw error including 'without list capability' but got 'Cannot read properties of undefined (…'\n    at Proxy.<anonymous> (file:///C:/Users/Utilisateur/Documents/atomic/node_modules/.pnpm/@vitest+expect@4.1.11/node_modules/@vitest/expect/dist/index.js:1552:16)\n    at Proxy.<anonymous> (file:///C:/Users/Utilisateur/Documents/atomic/node_modules/.pnpm/@vitest+expect@4.1.11/node_modules/@vitest/expect/dist/index.js:1156:15)\n    at Proxy.methodWrapper (file:///C:/Users/Utilisateur/Documents/atomic/node_modules/.pnpm/chai@6.2.2/node_modules/chai/index.js:1700:25)\n    at C:/Users/Utilisateur/Documents/atomic/tests/unit/cms/resource-contract.test.ts:61:75\n    at file:///C:/Users/Utilisateur/Documents/atomic/node_modules/.pnpm/@vitest+runner@4.1.11/node_modules/@vitest/runner/dist/chunk-artifact.js:302:11\n    at file:///C:/Users/Utilisateur/Documents/atomic/node_modules/.pnpm/@vitest+runner@4.1.11/node_modules/@vitest/runner/dist/chunk-artifact.js:1903:26\n    at file:///C:/Users/Utilisateur/Documents/atomic/node_modules/.pnpm/@vitest+runner@4.1.11/node_modules/@vitest/runner/dist/chunk-artifact.js:2326:20\n    at new Promise (<anonymous>)\n    at runWithCancel (file:///C:/Users/Utilisateur/Documents/atomic/node_modules/.pnpm/@vitest+runner@4.1.11/node_modules/@vitest/runner/dist/chunk-artifact.js:2323:10)\n    at file:///C:/Users/Utilisateur/Documents/atomic/node_modules/.pnpm/@vitest+runner@4.1.11/node_modules/@vitest/runner/dist/chunk-artifact.js:2305:20"],"meta":{},"tags":[]},{"ancestorTitles":["Atomic admin resource contract"],"fullName":"Atomic admin resource contract rejects bulk actions without selection","status":"passed","title":"rejects bulk actions without selection","duration":0.7854000000000951,"failureMessages":[],"meta":{},"tags":[]},{"ancestorTitles":["Atomic admin resource contract"],"fullName":"Atomic admin resource contract accepts selection, facets, saved views and bulk actions when explicitly enabled","status":"passed","title":"accepts selection, facets, saved views and bulk actions when explicitly enabled","duration":0.5810999999999922,"failureMessages":[],"meta":{},"tags":[]}],"startTime":1788117549196,"endTime":1788117549220.7854,"status":"failed","message":"","name":"C:/Users/Utilisateur/Documents/atomic/tests/unit/cms/resource-contract.test.ts"},{"assertionResults":[{"ancestorTitles":["cms workflow"],"fullName":"cms workflow accepts legal transitions","status":"passed","title":"accepts legal transitions","duration":4.415699999999958,"failureMessages":[],"meta":{},"tags":[]},{"ancestorTitles":["cms workflow"],"fullName":"cms workflow rejects undeclared self-transitions","status":"passed","title":"rejects undeclared self-transitions","duration":2.3987000000000194,"failureMessages":[],"meta":{},"tags":[]},{"ancestorTitles":["cms workflow"],"fullName":"cms workflow rejects illegal direct publishing","status":"passed","title":"rejects illegal direct publishing","duration":0.5416999999999916,"failureMessages":[],"meta":{},"tags":[]},{"ancestorTitles":["cms workflow"],"fullName":"cms workflow throws on an illegal transition","status":"passed","title":"throws on an illegal transition","duration":0.5581000000000245,"failureMessages":[],"meta":{},"tags":[]}],"startTime":1788117614482,"endTime":1788117614489.558,"status":"passed","message":"","name":"C:/Users/Utilisateur/Documents/atomic/tests/unit/cms/workflow.test.ts"},{"assertionResults":[{"ancestorTitles":["seed data contract"],"fullName":"seed data contract maps every manifest entry to an existing non-empty dataset and schema table","status":"passed","title":"maps every manifest entry to an existing non-empty dataset and schema table","duration":1929.9880999999996,"failureMessages":[],"meta":{},"tags":[]},{"ancestorTitles":["seed data contract"],"fullName":"seed data contract uses unique data filenames and schema exports","status":"passed","title":"uses unique data filenames and schema exports","duration":0.673200000000179,"failureMessages":[],"meta":{},"tags":[]}],"startTime":1788117521404,"endTime":1788117523334.673,"status":"passed","message":"","name":"C:/Users/Utilisateur/Documents/atomic/tests/unit/database/seed-data-contract.test.ts"},{"assertionResults":[{"ancestorTitles":["seed manifest"],"fullName":"seed manifest contains every Services dataset exactly once and points to existing schema exports/files","status":"passed","title":"contains every Services dataset exactly once and points to existing schema exports/files","duration":17.74369999999999,"failureMessages":[],"meta":{},"tags":[]},{"ancestorTitles":["seed manifest"],"fullName":"seed manifest does not contain duplicate data files or schema exports","status":"passed","title":"does not contain duplicate data files or schema exports","duration":0.7094999999999345,"failureMessages":[],"meta":{},"tags":[]},{"ancestorTitles":["seed manifest"],"fullName":"seed manifest keeps the Services dependency order deterministic","status":"passed","title":"keeps the Services dependency order deterministic","duration":0.980600000000095,"failureMessages":[],"meta":{},"tags":[]}],"startTime":1788117550261,"endTime":1788117550280.9807,"status":"passed","message":"","name":"C:/Users/Utilisateur/Documents/atomic/tests/unit/database/seed-manifest.test.ts"},{"assertionResults":[{"ancestorTitles":["Services seed invariants"],"fullName":"Services seed invariants preserves tenant ownership across Services relationships","status":"failed","title":"preserves tenant ownership across Services relationships","duration":230.95730000000003,"failureMessages":["AssertionError: expected 'jولة-خاصة-بحيرة-انسي' to match /^[a-z0-9]+(?:-[a-z0-9]+)*$/\n    at C:/Users/Utilisateur/Documents/atomic/tests/unit/database/services-data-invariants.test.ts:33:24\n    at processTicksAndRejections (node:internal/process/task_queues:105:5)\n    at file:///C:/Users/Utilisateur/Documents/atomic/node_modules/.pnpm/@vitest+runner@4.1.11/node_modules/@vitest/runner/dist/chunk-artifact.js:1903:20"],"meta":{},"tags":[]},{"ancestorTitles":["Services seed invariants"],"fullName":"Services seed invariants enforces one translation per service and locale","status":"passed","title":"enforces one translation per service and locale","duration":7.491199999999935,"failureMessages":[],"meta":{},"tags":[]},{"ancestorTitles":["Services seed invariants"],"fullName":"Services seed invariants keeps lifecycle fixtures internally consistent","status":"passed","title":"keeps lifecycle fixtures internally consistent","duration":3.7188999999998487,"failureMessages":[],"meta":{},"tags":[]},{"ancestorTitles":["Services seed invariants"],"fullName":"Services seed invariants enforces single-target reports and notification target semantics","status":"passed","title":"enforces single-target reports and notification target semantics","duration":57.75630000000001,"failureMessages":[],"meta":{},"tags":[]},{"ancestorTitles":["Services seed invariants"],"fullName":"Services seed invariants uses one reaction per user and service","status":"passed","title":"uses one reaction per user and service","duration":27.055699999999888,"failureMessages":[],"meta":{},"tags":[]}],"startTime":1788117519311,"endTime":1788117519638.0557,"status":"failed","message":"","name":"C:/Users/Utilisateur/Documents/atomic/tests/unit/database/services-data-invariants.test.ts"},{"assertionResults":[{"ancestorTitles":["Services seed data"],"fullName":"Services seed data is complete, non-empty and structurally compatible with every Drizzle table","status":"passed","title":"is complete, non-empty and structurally compatible with every Drizzle table","duration":87.21129999999994,"failureMessages":[],"meta":{},"tags":[]}],"startTime":1788117528979,"endTime":1788117529066.2112,"status":"passed","message":"","name":"C:/Users/Utilisateur/Documents/atomic/tests/unit/database/services-data-shape.test.ts"},{"assertionResults":[{"ancestorTitles":["Services admin contract"],"fullName":"Services admin contract accepts every supported filter and normalizes booleans","status":"passed","title":"accepts every supported filter and normalizes booleans","duration":10.878799999999956,"failureMessages":[],"meta":{},"tags":[]},{"ancestorTitles":["Services admin contract"],"fullName":"Services admin contract rejects invalid enum values and invalid UUID filters","status":"passed","title":"rejects invalid enum values and invalid UUID filters","duration":2.963799999999992,"failureMessages":[],"meta":{},"tags":[]}],"startTime":1788117612782,"endTime":1788117612795.9639,"status":"passed","message":"","name":"C:/Users/Utilisateur/Documents/atomic/tests/unit/services/admin-contract.test.ts"},{"assertionResults":[{"ancestorTitles":["Services admin resource"],"fullName":"Services admin resource exposes the complete filter surface","status":"passed","title":"exposes the complete filter surface","duration":4.956399999999803,"failureMessages":[],"meta":{},"tags":[]},{"ancestorTitles":["Services admin resource"],"fullName":"Services admin resource exposes all supported sorts","status":"passed","title":"exposes all supported sorts","duration":0.6085000000000491,"failureMessages":[],"meta":{},"tags":[]},{"ancestorTitles":["Services admin resource"],"fullName":"Services admin resource keeps lifecycle actions explicit","status":"passed","title":"keeps lifecycle actions explicit","duration":1.6423999999999523,"failureMessages":[],"meta":{},"tags":[]}],"startTime":1788117582457,"endTime":1788117582464.6423,"status":"passed","message":"","name":"C:/Users/Utilisateur/Documents/atomic/tests/unit/services/admin-resource.test.ts"},{"assertionResults":[{"ancestorTitles":["Services module contracts"],"fullName":"Services module contracts declares every shared CMS capability required by Services","status":"passed","title":"declares every shared CMS capability required by Services","duration":5.325199999999995,"failureMessages":[],"meta":{},"tags":[]},{"ancestorTitles":["Services module contracts"],"fullName":"Services module contracts declares the shared presentation grammar","status":"passed","title":"declares the shared presentation grammar","duration":1.4510000000000218,"failureMessages":[],"meta":{},"tags":[]},{"ancestorTitles":["Services module contracts"],"fullName":"Services module contracts keeps the admin resource compatible with the module","status":"passed","title":"keeps the admin resource compatible with the module","duration":1.9967999999998938,"failureMessages":[],"meta":{},"tags":[]}],"startTime":1788117582549,"endTime":1788117582557.9968,"status":"passed","message":"","name":"C:/Users/Utilisateur/Documents/atomic/tests/unit/services/module-contract.test.ts"},{"assertionResults":[{"ancestorTitles":["Services URLs"],"fullName":"Services URLs builds global localized URLs","status":"passed","title":"builds global localized URLs","duration":3.714400000000012,"failureMessages":[],"meta":{},"tags":[]},{"ancestorTitles":["Services URLs"],"fullName":"Services URLs builds organization-scoped URLs with organization slug","status":"passed","title":"builds organization-scoped URLs with organization slug","duration":0.5492000000000417,"failureMessages":[],"meta":{},"tags":[]}],"startTime":1788117616183,"endTime":1788117616187.5493,"status":"passed","message":"","name":"C:/Users/Utilisateur/Documents/atomic/tests/unit/services/urls.test.ts"},{"assertionResults":[{"ancestorTitles":["Services validation"],"fullName":"Services validation accepts a draft form with supported locale and canonical slug","status":"passed","title":"accepts a draft form with supported locale and canonical slug","duration":13.042400000000043,"failureMessages":[],"meta":{},"tags":[]},{"ancestorTitles":["Services validation"],"fullName":"Services validation rejects unsupported locales, invalid slugs and non-draft creation","status":"passed","title":"rejects unsupported locales, invalid slugs and non-draft creation","duration":3.204099999999926,"failureMessages":[],"meta":{},"tags":[]},{"ancestorTitles":["Services validation"],"fullName":"Services validation does not expose lifecycle fields on update","status":"failed","title":"does not expose lifecycle fields on update","duration":18.38250000000005,"failureMessages":["AssertionError: expected true to be false // Object.is equality\n    at C:/Users/Utilisateur/Documents/atomic/tests/unit/services/validation.test.ts:31:28\n    at file:///C:/Users/Utilisateur/Documents/atomic/node_modules/.pnpm/@vitest+runner@4.1.11/node_modules/@vitest/runner/dist/chunk-artifact.js:302:11\n    at file:///C:/Users/Utilisateur/Documents/atomic/node_modules/.pnpm/@vitest+runner@4.1.11/node_modules/@vitest/runner/dist/chunk-artifact.js:1903:26\n    at file:///C:/Users/Utilisateur/Documents/atomic/node_modules/.pnpm/@vitest+runner@4.1.11/node_modules/@vitest/runner/dist/chunk-artifact.js:2326:20\n    at new Promise (<anonymous>)\n    at runWithCancel (file:///C:/Users/Utilisateur/Documents/atomic/node_modules/.pnpm/@vitest+runner@4.1.11/node_modules/@vitest/runner/dist/chunk-artifact.js:2323:10)\n    at file:///C:/Users/Utilisateur/Documents/atomic/node_modules/.pnpm/@vitest+runner@4.1.11/node_modules/@vitest/runner/dist/chunk-artifact.js:2305:20\n    at new Promise (<anonymous>)\n    at runWithTimeout (file:///C:/Users/Utilisateur/Documents/atomic/node_modules/.pnpm/@vitest+runner@4.1.11/node_modules/@vitest/runner/dist/chunk-artifact.js:2272:10)\n    at file:///C:/Users/Utilisateur/Documents/atomic/node_modules/.pnpm/@vitest+runner@4.1.11/node_modules/@vitest/runner/dist/chunk-artifact.js:2956:64"],"meta":{},"tags":[]},{"ancestorTitles":["Services validation"],"fullName":"Services validation requires a strictly increasing availability interval","status":"passed","title":"requires a strictly increasing availability interval","duration":2.2261000000000877,"failureMessages":[],"meta":{},"tags":[]},{"ancestorTitles":["Services validation"],"fullName":"Services validation requires exactly one report target","status":"passed","title":"requires exactly one report target","duration":2.29200000000003,"failureMessages":[],"meta":{},"tags":[]},{"ancestorTitles":["Services validation"],"fullName":"Services validation keeps SEO score deterministic","status":"passed","title":"keeps SEO score deterministic","duration":0.5418000000000802,"failureMessages":[],"meta":{},"tags":[]}],"startTime":1788117608351,"endTime":1788117608391.5417,"status":"failed","message":"","name":"C:/Users/Utilisateur/Documents/atomic/tests/unit/services/validation.test.ts"},{"assertionResults":[{"ancestorTitles":["Services workflow"],"fullName":"Services workflow allows only the declared lifecycle transitions","status":"passed","title":"allows only the declared lifecycle transitions","duration":4.31759999999997,"failureMessages":[],"meta":{},"tags":[]},{"ancestorTitles":["Services workflow"],"fullName":"Services workflow permits restoration when lifecycle state stays unchanged","status":"passed","title":"permits restoration when lifecycle state stays unchanged","duration":2.4430000000000405,"failureMessages":[],"meta":{},"tags":[]},{"ancestorTitles":["Services workflow"],"fullName":"Services workflow still enforces the workflow when restoring to another state","status":"passed","title":"still enforces the workflow when restoring to another state","duration":0.8785000000000309,"failureMessages":[],"meta":{},"tags":[]}],"startTime":1788117615245,"endTime":1788117615252.8784,"status":"passed","message":"","name":"C:/Users/Utilisateur/Documents/atomic/tests/unit/services/workflow.test.ts"}]}