{"numTotalTestSuites":388,"numPassedTestSuites":330,"numFailedTestSuites":58,"numPendingTestSuites":0,"numTotalTests":1163,"numPassedTests":1073,"numFailedTests":90,"numPendingTests":0,"numTodoTests":0,"snapshot":{"added":0,"failure":false,"filesAdded":0,"filesRemoved":0,"filesRemovedList":[],"filesUnmatched":0,"filesUpdated":0,"matched":0,"total":0,"unchecked":0,"uncheckedKeysByFile":[],"unmatched":0,"updated":0,"didUpdate":false},"startTime":1788108862697,"success":false,"testResults":[{"assertionResults":[],"startTime":1788108862697,"endTime":1788108862697,"status":"failed","message":"Transform failed with 1 error:\nC:/Users/Utilisateur/Documents/atomic/src/lib/permissions.ts:32:1: ERROR: Expected \";\" but found \")\"","name":"C:/Users/Utilisateur/Documents/atomic/tests/integration/audit.test.ts"},{"assertionResults":[],"startTime":1788108862697,"endTime":1788108862697,"status":"failed","message":"Transform failed with 1 error:\nC:/Users/Utilisateur/Documents/atomic/src/lib/permissions.ts:32:1: ERROR: Expected \";\" but found \")\"","name":"C:/Users/Utilisateur/Documents/atomic/tests/integration/auth-advanced.test.ts"},{"assertionResults":[],"startTime":1788108862697,"endTime":1788108862697,"status":"failed","message":"Transform failed with 1 error:\nC:/Users/Utilisateur/Documents/atomic/src/lib/permissions.ts:32:1: ERROR: Expected \";\" but found \")\"","name":"C:/Users/Utilisateur/Documents/atomic/tests/integration/auth-flow.test.ts"},{"assertionResults":[],"startTime":1788108862697,"endTime":1788108862697,"status":"failed","message":"Transform failed with 1 error:\nC:/Users/Utilisateur/Documents/atomic/src/lib/permissions.ts:32:1: ERROR: Expected \";\" but found \")\"","name":"C:/Users/Utilisateur/Documents/atomic/tests/integration/auth-org.test.ts"},{"assertionResults":[],"startTime":1788108862697,"endTime":1788108862697,"status":"failed","message":"Transform failed with 1 error:\nC:/Users/Utilisateur/Documents/atomic/src/lib/permissions.ts:32:1: ERROR: Expected \";\" but found \")\"","name":"C:/Users/Utilisateur/Documents/atomic/tests/integration/auth.test.ts"},{"assertionResults":[],"startTime":1788108862697,"endTime":1788108862697,"status":"failed","message":"Cannot overwrite keys on object schemas containing refinements. Use `.safeExtend()` instead.","name":"C:/Users/Utilisateur/Documents/atomic/tests/integration/blog-actions.test.ts"},{"assertionResults":[{"ancestorTitles":["blog internal link resolver (integration)"],"fullName":"blog internal link resolver (integration) lists published blog post slugs for the global tenant","status":"failed","title":"lists published blog post slugs for the global tenant","duration":8.917899999999463,"failureMessages":["AssertionError: expected 0 to be greater than 0\n    at C:/Users/Utilisateur/Documents/atomic/tests/integration/blog-internal-link.test.ts:19:24\n    at file:///C:/Users/Utilisateur/Documents/atomic/node_modules/.pnpm/@vitest+runner@4.1.11/node_modules/@vitest/runner/dist/chunk-artifact.js:302:11\n    at file:///C:/Users/Utilisateur/Documents/atomic/node_modules/.pnpm/@vitest+runner@4.1.11/node_modules/@vitest/runner/dist/chunk-artifact.js:1903:26\n    at file:///C:/Users/Utilisateur/Documents/atomic/node_modules/.pnpm/@vitest+runner@4.1.11/node_modules/@vitest/runner/dist/chunk-artifact.js:2326:20\n    at new Promise (<anonymous>)\n    at runWithCancel (file:///C:/Users/Utilisateur/Documents/atomic/node_modules/.pnpm/@vitest+runner@4.1.11/node_modules/@vitest/runner/dist/chunk-artifact.js:2323:10)\n    at file:///C:/Users/Utilisateur/Documents/atomic/node_modules/.pnpm/@vitest+runner@4.1.11/node_modules/@vitest/runner/dist/chunk-artifact.js:2305:20\n    at new Promise (<anonymous>)\n    at runWithTimeout (file:///C:/Users/Utilisateur/Documents/atomic/node_modules/.pnpm/@vitest+runner@4.1.11/node_modules/@vitest/runner/dist/chunk-artifact.js:2272:10)\n    at file:///C:/Users/Utilisateur/Documents/atomic/node_modules/.pnpm/@vitest+runner@4.1.11/node_modules/@vitest/runner/dist/chunk-artifact.js:2956:64"],"meta":{},"tags":[]},{"ancestorTitles":["blog internal link resolver (integration)"],"fullName":"blog internal link resolver (integration) resolver.listValidTargets matches getBlogValidLinkTargets","status":"failed","title":"resolver.listValidTargets matches getBlogValidLinkTargets","duration":7.798899999999776,"failureMessages":["AssertionError: expected false to be true // Object.is equality\n    at C:/Users/Utilisateur/Documents/atomic/tests/integration/blog-internal-link.test.ts:30:44\n    at processTicksAndRejections (node:internal/process/task_queues:105:5)\n    at file:///C:/Users/Utilisateur/Documents/atomic/node_modules/.pnpm/@vitest+runner@4.1.11/node_modules/@vitest/runner/dist/chunk-artifact.js:1903:20"],"meta":{},"tags":[]},{"ancestorTitles":["blog internal link resolver (integration)"],"fullName":"blog internal link resolver (integration) resolver.resolve returns a published URL","status":"failed","title":"resolver.resolve returns a published URL","duration":15.166700000000674,"failureMessages":["AssertionError: expected false to be true // Object.is equality\n    at C:/Users/Utilisateur/Documents/atomic/tests/integration/blog-internal-link.test.ts:38:24\n    at processTicksAndRejections (node:internal/process/task_queues:105:5)\n    at file:///C:/Users/Utilisateur/Documents/atomic/node_modules/.pnpm/@vitest+runner@4.1.11/node_modules/@vitest/runner/dist/chunk-artifact.js:1903:20"],"meta":{},"tags":[]},{"ancestorTitles":["blog internal link resolver (integration)"],"fullName":"blog internal link resolver (integration) resolver.resolve reports missing targets","status":"passed","title":"resolver.resolve reports missing targets","duration":3.6604000000006636,"failureMessages":[],"meta":{},"tags":[]},{"ancestorTitles":["blog internal link resolver (integration)"],"fullName":"blog internal link resolver (integration) resolver.search finds posts by title","status":"failed","title":"resolver.search finds posts by title","duration":3.6975000000002183,"failureMessages":["AssertionError: expected 0 to be greater than 0\n    at C:/Users/Utilisateur/Documents/atomic/tests/integration/blog-internal-link.test.ts:55:28\n    at processTicksAndRejections (node:internal/process/task_queues:105:5)\n    at file:///C:/Users/Utilisateur/Documents/atomic/node_modules/.pnpm/@vitest+runner@4.1.11/node_modules/@vitest/runner/dist/chunk-artifact.js:1903:20"],"meta":{},"tags":[]},{"ancestorTitles":["blog internal link resolver (integration)"],"fullName":"blog internal link resolver (integration) detectDeadInternalLinks flags a slug absent from validTargets","status":"passed","title":"detectDeadInternalLinks flags a slug absent from validTargets","duration":2.4898999999995794,"failureMessages":[],"meta":{},"tags":[]},{"ancestorTitles":["blog internal link resolver (integration)"],"fullName":"blog internal link resolver (integration) markDeadInternalLinks adds the dead-link class","status":"passed","title":"markDeadInternalLinks adds the dead-link class","duration":1.0110999999997148,"failureMessages":[],"meta":{},"tags":[]},{"ancestorTitles":["blog internal link resolver (integration)"],"fullName":"blog internal link resolver (integration) valid internal links are not flagged","status":"failed","title":"valid internal links are not flagged","duration":3.5540000000000873,"failureMessages":["AssertionError: expected [ { …(4) } ] to have a length of +0 but got 1\n    at Proxy.<anonymous> (file:///C:/Users/Utilisateur/Documents/atomic/node_modules/.pnpm/@vitest+expect@4.1.11/node_modules/@vitest/expect/dist/index.js:1389:20)\n    at Proxy.<anonymous> (file:///C:/Users/Utilisateur/Documents/atomic/node_modules/.pnpm/@vitest+expect@4.1.11/node_modules/@vitest/expect/dist/index.js:1156:15)\n    at Proxy.methodWrapper (file:///C:/Users/Utilisateur/Documents/atomic/node_modules/.pnpm/chai@6.2.2/node_modules/chai/index.js:1700:25)\n    at C:/Users/Utilisateur/Documents/atomic/tests/integration/blog-internal-link.test.ts:76:21\n    at file:///C:/Users/Utilisateur/Documents/atomic/node_modules/.pnpm/@vitest+runner@4.1.11/node_modules/@vitest/runner/dist/chunk-artifact.js:302:11\n    at file:///C:/Users/Utilisateur/Documents/atomic/node_modules/.pnpm/@vitest+runner@4.1.11/node_modules/@vitest/runner/dist/chunk-artifact.js:1903:26\n    at file:///C:/Users/Utilisateur/Documents/atomic/node_modules/.pnpm/@vitest+runner@4.1.11/node_modules/@vitest/runner/dist/chunk-artifact.js:2326:20\n    at new Promise (<anonymous>)\n    at runWithCancel (file:///C:/Users/Utilisateur/Documents/atomic/node_modules/.pnpm/@vitest+runner@4.1.11/node_modules/@vitest/runner/dist/chunk-artifact.js:2323:10)\n    at file:///C:/Users/Utilisateur/Documents/atomic/node_modules/.pnpm/@vitest+runner@4.1.11/node_modules/@vitest/runner/dist/chunk-artifact.js:2305:20"],"meta":{},"tags":[]}],"startTime":1788108955219,"endTime":1788108955266.554,"status":"failed","message":"","name":"C:/Users/Utilisateur/Documents/atomic/tests/integration/blog-internal-link.test.ts"},{"assertionResults":[{"ancestorTitles":["CMS Admin — Pages"],"fullName":"CMS Admin — Pages creates a page","status":"passed","title":"creates a page","duration":140.47710000000006,"failureMessages":[],"meta":{},"tags":[]},{"ancestorTitles":["CMS Admin — Pages"],"fullName":"CMS Admin — Pages updates a page","status":"passed","title":"updates a page","duration":9.256600000000162,"failureMessages":[],"meta":{},"tags":[]},{"ancestorTitles":["CMS Admin — Pages"],"fullName":"CMS Admin — Pages enforces unique locale+slug constraint","status":"passed","title":"enforces unique locale+slug constraint","duration":12.752500000000055,"failureMessages":[],"meta":{},"tags":[]},{"ancestorTitles":["CMS Admin — Pages"],"fullName":"CMS Admin — Pages deletes a page","status":"passed","title":"deletes a page","duration":111.01599999999985,"failureMessages":[],"meta":{},"tags":[]},{"ancestorTitles":["CMS Admin — Sections"],"fullName":"CMS Admin — Sections creates a parent page then a section","status":"passed","title":"creates a parent page then a section","duration":8.094299999999976,"failureMessages":[],"meta":{},"tags":[]},{"ancestorTitles":["CMS Admin — Sections"],"fullName":"CMS Admin — Sections updates a section","status":"passed","title":"updates a section","duration":2.611499999999978,"failureMessages":[],"meta":{},"tags":[]},{"ancestorTitles":["CMS Admin — Sections"],"fullName":"CMS Admin — Sections deletes a section","status":"passed","title":"deletes a section","duration":2.494299999999839,"failureMessages":[],"meta":{},"tags":[]},{"ancestorTitles":["CMS Admin — Themes"],"fullName":"CMS Admin — Themes creates a theme","status":"passed","title":"creates a theme","duration":7.363000000000056,"failureMessages":[],"meta":{},"tags":[]},{"ancestorTitles":["CMS Admin — Themes"],"fullName":"CMS Admin — Themes updates a theme with colors","status":"passed","title":"updates a theme with colors","duration":4.655999999999949,"failureMessages":[],"meta":{},"tags":[]},{"ancestorTitles":["CMS Admin — Themes"],"fullName":"CMS Admin — Themes activating a theme deactivates others","status":"passed","title":"activating a theme deactivates others","duration":6.680299999999988,"failureMessages":[],"meta":{},"tags":[]},{"ancestorTitles":["CMS Admin — Themes"],"fullName":"CMS Admin — Themes deletes a theme","status":"passed","title":"deletes a theme","duration":3.211900000000014,"failureMessages":[],"meta":{},"tags":[]},{"ancestorTitles":["CMS Admin — Social Links"],"fullName":"CMS Admin — Social Links creates a social link","status":"passed","title":"creates a social link","duration":5.2280000000000655,"failureMessages":[],"meta":{},"tags":[]},{"ancestorTitles":["CMS Admin — Social Links"],"fullName":"CMS Admin — Social Links updates a social link","status":"passed","title":"updates a social link","duration":2.0407000000000153,"failureMessages":[],"meta":{},"tags":[]},{"ancestorTitles":["CMS Admin — Social Links"],"fullName":"CMS Admin — Social Links deletes a social link","status":"passed","title":"deletes a social link","duration":1.2878000000000611,"failureMessages":[],"meta":{},"tags":[]}],"startTime":1788108953556,"endTime":1788108953875.2878,"status":"passed","message":"","name":"C:/Users/Utilisateur/Documents/atomic/tests/integration/cms-admin.test.ts"},{"assertionResults":[{"ancestorTitles":["Consent CMS — Seed data"],"fullName":"Consent CMS — Seed data has exactly 4 consent rows (one per locale)","status":"failed","title":"has exactly 4 consent rows (one per locale)","duration":127.08889999999997,"failureMessages":["AssertionError: expected [] to have a length of 4 but got +0\n    at Proxy.<anonymous> (file:///C:/Users/Utilisateur/Documents/atomic/node_modules/.pnpm/@vitest+expect@4.1.11/node_modules/@vitest/expect/dist/index.js:1389:20)\n    at Proxy.<anonymous> (file:///C:/Users/Utilisateur/Documents/atomic/node_modules/.pnpm/@vitest+expect@4.1.11/node_modules/@vitest/expect/dist/index.js:1156:15)\n    at Proxy.methodWrapper (file:///C:/Users/Utilisateur/Documents/atomic/node_modules/.pnpm/chai@6.2.2/node_modules/chai/index.js:1700:25)\n    at C:/Users/Utilisateur/Documents/atomic/tests/integration/consent-cms.test.ts:30:18\n    at processTicksAndRejections (node:internal/process/task_queues:105:5)\n    at file:///C:/Users/Utilisateur/Documents/atomic/node_modules/.pnpm/@vitest+runner@4.1.11/node_modules/@vitest/runner/dist/chunk-artifact.js:1903:20"],"meta":{},"tags":[]},{"ancestorTitles":["Consent CMS — Seed data"],"fullName":"Consent CMS — Seed data locale fr has all required text fields populated","status":"failed","title":"locale fr has all required text fields populated","duration":9.389899999999898,"failureMessages":["AssertionError: expected undefined to be defined\n    at C:/Users/Utilisateur/Documents/atomic/tests/integration/consent-cms.test.ts:42:17\n    at processTicksAndRejections (node:internal/process/task_queues:105:5)\n    at file:///C:/Users/Utilisateur/Documents/atomic/node_modules/.pnpm/@vitest+runner@4.1.11/node_modules/@vitest/runner/dist/chunk-artifact.js:1903:20"],"meta":{},"tags":[]},{"ancestorTitles":["Consent CMS — Seed data"],"fullName":"Consent CMS — Seed data locale en has all required text fields populated","status":"failed","title":"locale en has all required text fields populated","duration":3.4123000000001866,"failureMessages":["AssertionError: expected undefined to be defined\n    at C:/Users/Utilisateur/Documents/atomic/tests/integration/consent-cms.test.ts:42:17\n    at processTicksAndRejections (node:internal/process/task_queues:105:5)\n    at file:///C:/Users/Utilisateur/Documents/atomic/node_modules/.pnpm/@vitest+runner@4.1.11/node_modules/@vitest/runner/dist/chunk-artifact.js:1903:20"],"meta":{},"tags":[]},{"ancestorTitles":["Consent CMS — Seed data"],"fullName":"Consent CMS — Seed data locale es has all required text fields populated","status":"failed","title":"locale es has all required text fields populated","duration":2.9963000000000193,"failureMessages":["AssertionError: expected undefined to be defined\n    at C:/Users/Utilisateur/Documents/atomic/tests/integration/consent-cms.test.ts:42:17\n    at processTicksAndRejections (node:internal/process/task_queues:105:5)\n    at file:///C:/Users/Utilisateur/Documents/atomic/node_modules/.pnpm/@vitest+runner@4.1.11/node_modules/@vitest/runner/dist/chunk-artifact.js:1903:20"],"meta":{},"tags":[]},{"ancestorTitles":["Consent CMS — Seed data"],"fullName":"Consent CMS — Seed data locale ar has all required text fields populated","status":"failed","title":"locale ar has all required text fields populated","duration":3.0616999999999734,"failureMessages":["AssertionError: expected undefined to be defined\n    at C:/Users/Utilisateur/Documents/atomic/tests/integration/consent-cms.test.ts:42:17\n    at processTicksAndRejections (node:internal/process/task_queues:105:5)\n    at file:///C:/Users/Utilisateur/Documents/atomic/node_modules/.pnpm/@vitest+runner@4.1.11/node_modules/@vitest/runner/dist/chunk-artifact.js:1903:20"],"meta":{},"tags":[]},{"ancestorTitles":["Consent CMS — Seed data"],"fullName":"Consent CMS — Seed data locale fr has correct privacy policy URL","status":"failed","title":"locale fr has correct privacy policy URL","duration":3.332200000000057,"failureMessages":["TypeError: Cannot read properties of undefined (reading 'privacyPolicyUrl')\n    at C:/Users/Utilisateur/Documents/atomic/tests/integration/consent-cms.test.ts:75:16\n    at processTicksAndRejections (node:internal/process/task_queues:105:5)\n    at file:///C:/Users/Utilisateur/Documents/atomic/node_modules/.pnpm/@vitest+runner@4.1.11/node_modules/@vitest/runner/dist/chunk-artifact.js:1903:20"],"meta":{},"tags":[]},{"ancestorTitles":["Consent CMS — Seed data"],"fullName":"Consent CMS — Seed data locale en has correct privacy policy URL","status":"failed","title":"locale en has correct privacy policy URL","duration":2.606700000000046,"failureMessages":["TypeError: Cannot read properties of undefined (reading 'privacyPolicyUrl')\n    at C:/Users/Utilisateur/Documents/atomic/tests/integration/consent-cms.test.ts:75:16\n    at processTicksAndRejections (node:internal/process/task_queues:105:5)\n    at file:///C:/Users/Utilisateur/Documents/atomic/node_modules/.pnpm/@vitest+runner@4.1.11/node_modules/@vitest/runner/dist/chunk-artifact.js:1903:20"],"meta":{},"tags":[]},{"ancestorTitles":["Consent CMS — Seed data"],"fullName":"Consent CMS — Seed data locale es has correct privacy policy URL","status":"failed","title":"locale es has correct privacy policy URL","duration":1.9764999999999873,"failureMessages":["TypeError: Cannot read properties of undefined (reading 'privacyPolicyUrl')\n    at C:/Users/Utilisateur/Documents/atomic/tests/integration/consent-cms.test.ts:75:16\n    at processTicksAndRejections (node:internal/process/task_queues:105:5)\n    at file:///C:/Users/Utilisateur/Documents/atomic/node_modules/.pnpm/@vitest+runner@4.1.11/node_modules/@vitest/runner/dist/chunk-artifact.js:1903:20"],"meta":{},"tags":[]},{"ancestorTitles":["Consent CMS — Seed data"],"fullName":"Consent CMS — Seed data locale ar has correct privacy policy URL","status":"failed","title":"locale ar has correct privacy policy URL","duration":3.5599999999999454,"failureMessages":["TypeError: Cannot read properties of undefined (reading 'privacyPolicyUrl')\n    at C:/Users/Utilisateur/Documents/atomic/tests/integration/consent-cms.test.ts:75:16\n    at processTicksAndRejections (node:internal/process/task_queues:105:5)\n    at file:///C:/Users/Utilisateur/Documents/atomic/node_modules/.pnpm/@vitest+runner@4.1.11/node_modules/@vitest/runner/dist/chunk-artifact.js:1903:20"],"meta":{},"tags":[]},{"ancestorTitles":["Consent CMS — Seed data"],"fullName":"Consent CMS — Seed data locale fr has isActive=true","status":"failed","title":"locale fr has isActive=true","duration":3.261600000000044,"failureMessages":["TypeError: Cannot read properties of undefined (reading 'isActive')\n    at C:/Users/Utilisateur/Documents/atomic/tests/integration/consent-cms.test.ts:85:16\n    at processTicksAndRejections (node:internal/process/task_queues:105:5)\n    at file:///C:/Users/Utilisateur/Documents/atomic/node_modules/.pnpm/@vitest+runner@4.1.11/node_modules/@vitest/runner/dist/chunk-artifact.js:1903:20"],"meta":{},"tags":[]},{"ancestorTitles":["Consent CMS — Seed data"],"fullName":"Consent CMS — Seed data locale en has isActive=true","status":"failed","title":"locale en has isActive=true","duration":2.0269000000000688,"failureMessages":["TypeError: Cannot read properties of undefined (reading 'isActive')\n    at C:/Users/Utilisateur/Documents/atomic/tests/integration/consent-cms.test.ts:85:16\n    at processTicksAndRejections (node:internal/process/task_queues:105:5)\n    at file:///C:/Users/Utilisateur/Documents/atomic/node_modules/.pnpm/@vitest+runner@4.1.11/node_modules/@vitest/runner/dist/chunk-artifact.js:1903:20"],"meta":{},"tags":[]},{"ancestorTitles":["Consent CMS — Seed data"],"fullName":"Consent CMS — Seed data locale es has isActive=true","status":"failed","title":"locale es has isActive=true","duration":1.710299999999961,"failureMessages":["TypeError: Cannot read properties of undefined (reading 'isActive')\n    at C:/Users/Utilisateur/Documents/atomic/tests/integration/consent-cms.test.ts:85:16\n    at processTicksAndRejections (node:internal/process/task_queues:105:5)\n    at file:///C:/Users/Utilisateur/Documents/atomic/node_modules/.pnpm/@vitest+runner@4.1.11/node_modules/@vitest/runner/dist/chunk-artifact.js:1903:20"],"meta":{},"tags":[]},{"ancestorTitles":["Consent CMS — Seed data"],"fullName":"Consent CMS — Seed data locale ar has isActive=true","status":"failed","title":"locale ar has isActive=true","duration":1.5290999999999713,"failureMessages":["TypeError: Cannot read properties of undefined (reading 'isActive')\n    at C:/Users/Utilisateur/Documents/atomic/tests/integration/consent-cms.test.ts:85:16\n    at processTicksAndRejections (node:internal/process/task_queues:105:5)\n    at file:///C:/Users/Utilisateur/Documents/atomic/node_modules/.pnpm/@vitest+runner@4.1.11/node_modules/@vitest/runner/dist/chunk-artifact.js:1903:20"],"meta":{},"tags":[]},{"ancestorTitles":["Consent CMS — getConsentSettings loader"],"fullName":"Consent CMS — getConsentSettings loader returns consent data for fr","status":"failed","title":"returns consent data for fr","duration":3.3537999999998647,"failureMessages":["AssertionError: expected null not to be null\n    at C:/Users/Utilisateur/Documents/atomic/tests/integration/consent-cms.test.ts:95:24\n    at processTicksAndRejections (node:internal/process/task_queues:105:5)\n    at file:///C:/Users/Utilisateur/Documents/atomic/node_modules/.pnpm/@vitest+runner@4.1.11/node_modules/@vitest/runner/dist/chunk-artifact.js:1903:20"],"meta":{},"tags":[]},{"ancestorTitles":["Consent CMS — getConsentSettings loader"],"fullName":"Consent CMS — getConsentSettings loader returns consent data for en","status":"failed","title":"returns consent data for en","duration":2.1596000000001823,"failureMessages":["AssertionError: expected null not to be null\n    at C:/Users/Utilisateur/Documents/atomic/tests/integration/consent-cms.test.ts:95:24\n    at processTicksAndRejections (node:internal/process/task_queues:105:5)\n    at file:///C:/Users/Utilisateur/Documents/atomic/node_modules/.pnpm/@vitest+runner@4.1.11/node_modules/@vitest/runner/dist/chunk-artifact.js:1903:20"],"meta":{},"tags":[]},{"ancestorTitles":["Consent CMS — getConsentSettings loader"],"fullName":"Consent CMS — getConsentSettings loader returns consent data for es","status":"failed","title":"returns consent data for es","duration":2.0361999999997806,"failureMessages":["AssertionError: expected null not to be null\n    at C:/Users/Utilisateur/Documents/atomic/tests/integration/consent-cms.test.ts:95:24\n    at processTicksAndRejections (node:internal/process/task_queues:105:5)\n    at file:///C:/Users/Utilisateur/Documents/atomic/node_modules/.pnpm/@vitest+runner@4.1.11/node_modules/@vitest/runner/dist/chunk-artifact.js:1903:20"],"meta":{},"tags":[]},{"ancestorTitles":["Consent CMS — getConsentSettings loader"],"fullName":"Consent CMS — getConsentSettings loader returns consent data for ar","status":"failed","title":"returns consent data for ar","duration":2.3052999999999884,"failureMessages":["AssertionError: expected null not to be null\n    at C:/Users/Utilisateur/Documents/atomic/tests/integration/consent-cms.test.ts:95:24\n    at processTicksAndRejections (node:internal/process/task_queues:105:5)\n    at file:///C:/Users/Utilisateur/Documents/atomic/node_modules/.pnpm/@vitest+runner@4.1.11/node_modules/@vitest/runner/dist/chunk-artifact.js:1903:20"],"meta":{},"tags":[]},{"ancestorTitles":["Consent CMS — getConsentSettings loader"],"fullName":"Consent CMS — getConsentSettings loader returns correct FR content","status":"failed","title":"returns correct FR content","duration":0.86200000000008,"failureMessages":["AssertionError: expected null not to be null\n    at C:/Users/Utilisateur/Documents/atomic/tests/integration/consent-cms.test.ts:104:24\n    at processTicksAndRejections (node:internal/process/task_queues:105:5)"],"meta":{},"tags":[]},{"ancestorTitles":["Consent CMS — getConsentSettings loader"],"fullName":"Consent CMS — getConsentSettings loader returns correct EN content","status":"failed","title":"returns correct EN content","duration":0.5581999999999425,"failureMessages":["AssertionError: expected null not to be null\n    at C:/Users/Utilisateur/Documents/atomic/tests/integration/consent-cms.test.ts:117:24\n    at processTicksAndRejections (node:internal/process/task_queues:105:5)"],"meta":{},"tags":[]},{"ancestorTitles":["Consent CMS — getConsentSettings loader"],"fullName":"Consent CMS — getConsentSettings loader returns null for invalid locale","status":"passed","title":"returns null for invalid locale","duration":0.5014000000001033,"failureMessages":[],"meta":{},"tags":[]},{"ancestorTitles":["Consent CMS — getConsentSettings loader"],"fullName":"Consent CMS — getConsentSettings loader returns null for empty string","status":"passed","title":"returns null for empty string","duration":0.26340000000004693,"failureMessages":[],"meta":{},"tags":[]},{"ancestorTitles":["Consent CMS — DB operations"],"fullName":"Consent CMS — DB operations inserts a new consent row","status":"passed","title":"inserts a new consent row","duration":7.332100000000082,"failureMessages":[],"meta":{},"tags":[]},{"ancestorTitles":["Consent CMS — DB operations"],"fullName":"Consent CMS — DB operations updates a consent row","status":"passed","title":"updates a consent row","duration":5.142800000000079,"failureMessages":[],"meta":{},"tags":[]},{"ancestorTitles":["Consent CMS — DB operations"],"fullName":"Consent CMS — DB operations enforces unique locale constraint","status":"passed","title":"enforces unique locale constraint","duration":7.421199999999999,"failureMessages":[],"meta":{},"tags":[]},{"ancestorTitles":["Consent CMS — DB operations"],"fullName":"Consent CMS — DB operations deletes a consent row","status":"passed","title":"deletes a consent row","duration":90.8279,"failureMessages":[],"meta":{},"tags":[]}],"startTime":1788108953803,"endTime":1788108954093.828,"status":"failed","message":"","name":"C:/Users/Utilisateur/Documents/atomic/tests/integration/consent-cms.test.ts"},{"assertionResults":[{"ancestorTitles":["/api/contact — integration pipeline"],"fullName":"/api/contact — integration pipeline validates and sanitises a well-formed contact submission","status":"passed","title":"validates and sanitises a well-formed contact submission","duration":12.899900000000343,"failureMessages":[],"meta":{},"tags":[]},{"ancestorTitles":["/api/contact — integration pipeline"],"fullName":"/api/contact — integration pipeline strips XSS from all text fields via DOMPurify","status":"passed","title":"strips XSS from all text fields via DOMPurify","duration":67.42689999999948,"failureMessages":[],"meta":{},"tags":[]},{"ancestorTitles":["/api/contact — integration pipeline"],"fullName":"/api/contact — integration pipeline rejects non-JSON body (simulated via invalid input)","status":"passed","title":"rejects non-JSON body (simulated via invalid input)","duration":1.9683999999997468,"failureMessages":[],"meta":{},"tags":[]},{"ancestorTitles":["/api/contact — integration pipeline"],"fullName":"/api/contact — integration pipeline rejects all 4 invalid locales","status":"passed","title":"rejects all 4 invalid locales","duration":4.454600000000028,"failureMessages":[],"meta":{},"tags":[]},{"ancestorTitles":["/api/contact — integration pipeline"],"fullName":"/api/contact — integration pipeline accepts all 4 valid locales","status":"passed","title":"accepts all 4 valid locales","duration":4.597099999999955,"failureMessages":[],"meta":{},"tags":[]},{"ancestorTitles":["/api/contact — integration pipeline"],"fullName":"/api/contact — integration pipeline enforces rate limit: 3 per 300s per IP, then blocks","status":"passed","title":"enforces rate limit: 3 per 300s per IP, then blocks","duration":1.238299999999981,"failureMessages":[],"meta":{},"tags":[]},{"ancestorTitles":["/api/contact — integration pipeline"],"fullName":"/api/contact — integration pipeline uses tighter global bucket when no IP is available","status":"passed","title":"uses tighter global bucket when no IP is available","duration":1.1851999999998952,"failureMessages":[],"meta":{},"tags":[]},{"ancestorTitles":["/api/contact — integration pipeline"],"fullName":"/api/contact — integration pipeline extractIp uses x-forwarded-for when TRUST_PROXY=true","status":"passed","title":"extractIp uses x-forwarded-for when TRUST_PROXY=true","duration":2.543800000000374,"failureMessages":[],"meta":{},"tags":[]},{"ancestorTitles":["/api/contact — integration pipeline"],"fullName":"/api/contact — integration pipeline extractIp returns null when no proxy and no clientAddress","status":"passed","title":"extractIp returns null when no proxy and no clientAddress","duration":1.2554000000000087,"failureMessages":[],"meta":{},"tags":[]},{"ancestorTitles":["/api/contact — integration pipeline"],"fullName":"/api/contact — integration pipeline generates a complete email template from validated data","status":"passed","title":"generates a complete email template from validated data","duration":2.627599999999802,"failureMessages":[],"meta":{},"tags":[]},{"ancestorTitles":["/api/contact — integration pipeline"],"fullName":"/api/contact — integration pipeline generates urgent email template with URGENT badge","status":"passed","title":"generates urgent email template with URGENT badge","duration":0.6831999999994878,"failureMessages":[],"meta":{},"tags":[]},{"ancestorTitles":["/api/contact — integration pipeline"],"fullName":"/api/contact — integration pipeline writes CONTACT_FORM_SUBMIT audit event to database","status":"passed","title":"writes CONTACT_FORM_SUBMIT audit event to database","duration":199.2448999999997,"failureMessages":[],"meta":{},"tags":[]},{"ancestorTitles":["/api/contact — integration pipeline"],"fullName":"/api/contact — integration pipeline end-to-end: XSS payload → sanitised → safe template → audit","status":"passed","title":"end-to-end: XSS payload → sanitised → safe template → audit","duration":20.468700000000354,"failureMessages":[],"meta":{},"tags":[]}],"startTime":1788108959894,"endTime":1788108960215.4688,"status":"passed","message":"","name":"C:/Users/Utilisateur/Documents/atomic/tests/integration/contact-api.test.ts"},{"assertionResults":[{"ancestorTitles":["Database — Health"],"fullName":"Database — Health checkConnection returns ok with valid latency","status":"passed","title":"checkConnection returns ok with valid latency","duration":139.49289999999996,"failureMessages":[],"meta":{},"tags":[]},{"ancestorTitles":["Database — Health"],"fullName":"Database — Health getDrizzle returns the same instance (singleton)","status":"passed","title":"getDrizzle returns the same instance (singleton)","duration":0.7382999999999811,"failureMessages":[],"meta":{},"tags":[]},{"ancestorTitles":["Database — Health"],"fullName":"Database — Health can execute a raw query via drizzle","status":"passed","title":"can execute a raw query via drizzle","duration":4.351200000000063,"failureMessages":[],"meta":{},"tags":[]},{"ancestorTitles":["Database — Health"],"fullName":"Database — Health getLazyDrizzle proxy delegates to current instance","status":"passed","title":"getLazyDrizzle proxy delegates to current instance","duration":1.5639000000001033,"failureMessages":[],"meta":{},"tags":[]}],"startTime":1788108963127,"endTime":1788108963273.564,"status":"passed","message":"","name":"C:/Users/Utilisateur/Documents/atomic/tests/integration/db-health.test.ts"},{"assertionResults":[],"startTime":1788108862697,"endTime":1788108862697,"status":"failed","message":"Transform failed with 1 error:\nC:/Users/Utilisateur/Documents/atomic/src/lib/permissions.ts:32:1: ERROR: Expected \";\" but found \")\"","name":"C:/Users/Utilisateur/Documents/atomic/tests/integration/export.test.ts"},{"assertionResults":[{"ancestorTitles":["Legal CMS — Seed data"],"fullName":"Legal CMS — Seed data has exactly 4 legal pages (one per locale)","status":"failed","title":"has exactly 4 legal pages (one per locale)","duration":128.8759,"failureMessages":["AssertionError: expected [] to have a length of 4 but got +0\n    at Proxy.<anonymous> (file:///C:/Users/Utilisateur/Documents/atomic/node_modules/.pnpm/@vitest+expect@4.1.11/node_modules/@vitest/expect/dist/index.js:1389:20)\n    at Proxy.<anonymous> (file:///C:/Users/Utilisateur/Documents/atomic/node_modules/.pnpm/@vitest+expect@4.1.11/node_modules/@vitest/expect/dist/index.js:1156:15)\n    at Proxy.methodWrapper (file:///C:/Users/Utilisateur/Documents/atomic/node_modules/.pnpm/chai@6.2.2/node_modules/chai/index.js:1700:25)\n    at C:/Users/Utilisateur/Documents/atomic/tests/integration/legal-cms.test.ts:31:18\n    at processTicksAndRejections (node:internal/process/task_queues:105:5)\n    at file:///C:/Users/Utilisateur/Documents/atomic/node_modules/.pnpm/@vitest+runner@4.1.11/node_modules/@vitest/runner/dist/chunk-artifact.js:1903:20"],"meta":{},"tags":[]},{"ancestorTitles":["Legal CMS — Seed data"],"fullName":"Legal CMS — Seed data locale fr has 3 FAQ sections","status":"failed","title":"locale fr has 3 FAQ sections","duration":5.128900000000158,"failureMessages":["AssertionError: expected undefined to be defined\n    at C:/Users/Utilisateur/Documents/atomic/tests/integration/legal-cms.test.ts:43:18\n    at processTicksAndRejections (node:internal/process/task_queues:105:5)\n    at file:///C:/Users/Utilisateur/Documents/atomic/node_modules/.pnpm/@vitest+runner@4.1.11/node_modules/@vitest/runner/dist/chunk-artifact.js:1903:20"],"meta":{},"tags":[]},{"ancestorTitles":["Legal CMS — Seed data"],"fullName":"Legal CMS — Seed data locale en has 3 FAQ sections","status":"failed","title":"locale en has 3 FAQ sections","duration":3.1644000000001142,"failureMessages":["AssertionError: expected undefined to be defined\n    at C:/Users/Utilisateur/Documents/atomic/tests/integration/legal-cms.test.ts:43:18\n    at processTicksAndRejections (node:internal/process/task_queues:105:5)\n    at file:///C:/Users/Utilisateur/Documents/atomic/node_modules/.pnpm/@vitest+runner@4.1.11/node_modules/@vitest/runner/dist/chunk-artifact.js:1903:20"],"meta":{},"tags":[]},{"ancestorTitles":["Legal CMS — Seed data"],"fullName":"Legal CMS — Seed data locale es has 3 FAQ sections","status":"failed","title":"locale es has 3 FAQ sections","duration":2.58199999999988,"failureMessages":["AssertionError: expected undefined to be defined\n    at C:/Users/Utilisateur/Documents/atomic/tests/integration/legal-cms.test.ts:43:18\n    at processTicksAndRejections (node:internal/process/task_queues:105:5)\n    at file:///C:/Users/Utilisateur/Documents/atomic/node_modules/.pnpm/@vitest+runner@4.1.11/node_modules/@vitest/runner/dist/chunk-artifact.js:1903:20"],"meta":{},"tags":[]},{"ancestorTitles":["Legal CMS — Seed data"],"fullName":"Legal CMS — Seed data locale ar has 3 FAQ sections","status":"failed","title":"locale ar has 3 FAQ sections","duration":2.568599999999833,"failureMessages":["AssertionError: expected undefined to be defined\n    at C:/Users/Utilisateur/Documents/atomic/tests/integration/legal-cms.test.ts:43:18\n    at processTicksAndRejections (node:internal/process/task_queues:105:5)\n    at file:///C:/Users/Utilisateur/Documents/atomic/node_modules/.pnpm/@vitest+runner@4.1.11/node_modules/@vitest/runner/dist/chunk-artifact.js:1903:20"],"meta":{},"tags":[]},{"ancestorTitles":["Legal CMS — Seed data"],"fullName":"Legal CMS — Seed data locale fr section content is valid JSON with items","status":"failed","title":"locale fr section content is valid JSON with items","duration":3.3509999999998854,"failureMessages":["TypeError: Cannot read properties of undefined (reading 'id')\n    at C:/Users/Utilisateur/Documents/atomic/tests/integration/legal-cms.test.ts:67:43\n    at processTicksAndRejections (node:internal/process/task_queues:105:5)\n    at file:///C:/Users/Utilisateur/Documents/atomic/node_modules/.pnpm/@vitest+runner@4.1.11/node_modules/@vitest/runner/dist/chunk-artifact.js:1903:20"],"meta":{},"tags":[]},{"ancestorTitles":["Legal CMS — Seed data"],"fullName":"Legal CMS — Seed data locale en section content is valid JSON with items","status":"failed","title":"locale en section content is valid JSON with items","duration":2.5218999999999596,"failureMessages":["TypeError: Cannot read properties of undefined (reading 'id')\n    at C:/Users/Utilisateur/Documents/atomic/tests/integration/legal-cms.test.ts:67:43\n    at processTicksAndRejections (node:internal/process/task_queues:105:5)\n    at file:///C:/Users/Utilisateur/Documents/atomic/node_modules/.pnpm/@vitest+runner@4.1.11/node_modules/@vitest/runner/dist/chunk-artifact.js:1903:20"],"meta":{},"tags":[]},{"ancestorTitles":["Legal CMS — Seed data"],"fullName":"Legal CMS — Seed data locale es section content is valid JSON with items","status":"failed","title":"locale es section content is valid JSON with items","duration":2.0980999999999312,"failureMessages":["TypeError: Cannot read properties of undefined (reading 'id')\n    at C:/Users/Utilisateur/Documents/atomic/tests/integration/legal-cms.test.ts:67:43\n    at processTicksAndRejections (node:internal/process/task_queues:105:5)\n    at file:///C:/Users/Utilisateur/Documents/atomic/node_modules/.pnpm/@vitest+runner@4.1.11/node_modules/@vitest/runner/dist/chunk-artifact.js:1903:20"],"meta":{},"tags":[]},{"ancestorTitles":["Legal CMS — Seed data"],"fullName":"Legal CMS — Seed data locale ar section content is valid JSON with items","status":"failed","title":"locale ar section content is valid JSON with items","duration":3.317800000000034,"failureMessages":["TypeError: Cannot read properties of undefined (reading 'id')\n    at C:/Users/Utilisateur/Documents/atomic/tests/integration/legal-cms.test.ts:67:43\n    at processTicksAndRejections (node:internal/process/task_queues:105:5)\n    at file:///C:/Users/Utilisateur/Documents/atomic/node_modules/.pnpm/@vitest+runner@4.1.11/node_modules/@vitest/runner/dist/chunk-artifact.js:1903:20"],"meta":{},"tags":[]},{"ancestorTitles":["Legal CMS — getPage loader"],"fullName":"Legal CMS — getPage loader loads published legal page for fr","status":"failed","title":"loads published legal page for fr","duration":6.254900000000134,"failureMessages":["AssertionError: expected null not to be null\n    at C:/Users/Utilisateur/Documents/atomic/tests/integration/legal-cms.test.ts:89:24\n    at processTicksAndRejections (node:internal/process/task_queues:105:5)\n    at file:///C:/Users/Utilisateur/Documents/atomic/node_modules/.pnpm/@vitest+runner@4.1.11/node_modules/@vitest/runner/dist/chunk-artifact.js:1903:20"],"meta":{},"tags":[]},{"ancestorTitles":["Legal CMS — getPage loader"],"fullName":"Legal CMS — getPage loader loads published legal page for en","status":"failed","title":"loads published legal page for en","duration":2.863299999999981,"failureMessages":["AssertionError: expected null not to be null\n    at C:/Users/Utilisateur/Documents/atomic/tests/integration/legal-cms.test.ts:89:24\n    at processTicksAndRejections (node:internal/process/task_queues:105:5)\n    at file:///C:/Users/Utilisateur/Documents/atomic/node_modules/.pnpm/@vitest+runner@4.1.11/node_modules/@vitest/runner/dist/chunk-artifact.js:1903:20"],"meta":{},"tags":[]},{"ancestorTitles":["Legal CMS — getPage loader"],"fullName":"Legal CMS — getPage loader loads published legal page for es","status":"failed","title":"loads published legal page for es","duration":2.603599999999915,"failureMessages":["AssertionError: expected null not to be null\n    at C:/Users/Utilisateur/Documents/atomic/tests/integration/legal-cms.test.ts:89:24\n    at processTicksAndRejections (node:internal/process/task_queues:105:5)\n    at file:///C:/Users/Utilisateur/Documents/atomic/node_modules/.pnpm/@vitest+runner@4.1.11/node_modules/@vitest/runner/dist/chunk-artifact.js:1903:20"],"meta":{},"tags":[]},{"ancestorTitles":["Legal CMS — getPage loader"],"fullName":"Legal CMS — getPage loader loads published legal page for ar","status":"failed","title":"loads published legal page for ar","duration":2.681500000000142,"failureMessages":["AssertionError: expected null not to be null\n    at C:/Users/Utilisateur/Documents/atomic/tests/integration/legal-cms.test.ts:89:24\n    at processTicksAndRejections (node:internal/process/task_queues:105:5)\n    at file:///C:/Users/Utilisateur/Documents/atomic/node_modules/.pnpm/@vitest+runner@4.1.11/node_modules/@vitest/runner/dist/chunk-artifact.js:1903:20"],"meta":{},"tags":[]},{"ancestorTitles":["Legal CMS — getPage loader"],"fullName":"Legal CMS — getPage loader returns 3 visible sections for fr","status":"failed","title":"returns 3 visible sections for fr","duration":1.1194000000000415,"failureMessages":["AssertionError: expected null not to be null\n    at C:/Users/Utilisateur/Documents/atomic/tests/integration/legal-cms.test.ts:100:24\n    at processTicksAndRejections (node:internal/process/task_queues:105:5)"],"meta":{},"tags":[]},{"ancestorTitles":["Legal CMS — getPage loader"],"fullName":"Legal CMS — getPage loader returns 3 visible sections for en","status":"failed","title":"returns 3 visible sections for en","duration":0.5954999999999018,"failureMessages":["AssertionError: expected null not to be null\n    at C:/Users/Utilisateur/Documents/atomic/tests/integration/legal-cms.test.ts:100:24\n    at processTicksAndRejections (node:internal/process/task_queues:105:5)"],"meta":{},"tags":[]},{"ancestorTitles":["Legal CMS — getPage loader"],"fullName":"Legal CMS — getPage loader returns 3 visible sections for es","status":"failed","title":"returns 3 visible sections for es","duration":0.48270000000002256,"failureMessages":["AssertionError: expected null not to be null\n    at C:/Users/Utilisateur/Documents/atomic/tests/integration/legal-cms.test.ts:100:24\n    at processTicksAndRejections (node:internal/process/task_queues:105:5)"],"meta":{},"tags":[]},{"ancestorTitles":["Legal CMS — getPage loader"],"fullName":"Legal CMS — getPage loader returns 3 visible sections for ar","status":"failed","title":"returns 3 visible sections for ar","duration":0.6045999999998912,"failureMessages":["AssertionError: expected null not to be null\n    at C:/Users/Utilisateur/Documents/atomic/tests/integration/legal-cms.test.ts:100:24\n    at processTicksAndRejections (node:internal/process/task_queues:105:5)"],"meta":{},"tags":[]},{"ancestorTitles":["Legal CMS — getPage loader"],"fullName":"Legal CMS — getPage loader returns null for non-existent slug","status":"passed","title":"returns null for non-existent slug","duration":2.1456000000000586,"failureMessages":[],"meta":{},"tags":[]},{"ancestorTitles":["Legal CMS — getPage loader"],"fullName":"Legal CMS — getPage loader returns null for invalid locale","status":"passed","title":"returns null for invalid locale","duration":0.46689999999989595,"failureMessages":[],"meta":{},"tags":[]}],"startTime":1788108958383,"endTime":1788108958558.4668,"status":"failed","message":"","name":"C:/Users/Utilisateur/Documents/atomic/tests/integration/legal-cms.test.ts"},{"assertionResults":[],"startTime":1788108862697,"endTime":1788108862697,"status":"failed","message":"Transform failed with 1 error:\nC:/Users/Utilisateur/Documents/atomic/src/lib/permissions.ts:32:1: ERROR: Expected \";\" but found \")\"","name":"C:/Users/Utilisateur/Documents/atomic/tests/integration/middleware.test.ts"},{"assertionResults":[{"ancestorTitles":["assertNoCycle — navigation hierarchy"],"fullName":"assertNoCycle — navigation hierarchy throws when item is its own parent","status":"passed","title":"throws when item is its own parent","duration":15.266599999999926,"failureMessages":[],"meta":{},"tags":[]},{"ancestorTitles":["assertNoCycle — navigation hierarchy"],"fullName":"assertNoCycle — navigation hierarchy allows a valid parent-child relationship","status":"passed","title":"allows a valid parent-child relationship","duration":12.62980000000016,"failureMessages":[],"meta":{},"tags":[]},{"ancestorTitles":["assertNoCycle — navigation hierarchy"],"fullName":"assertNoCycle — navigation hierarchy detects A→B→A cycle","status":"passed","title":"detects A→B→A cycle","duration":7.250099999999975,"failureMessages":[],"meta":{},"tags":[]},{"ancestorTitles":["assertNoCycle — navigation hierarchy"],"fullName":"assertNoCycle — navigation hierarchy detects A→B→C→A three-node cycle","status":"passed","title":"detects A→B→C→A three-node cycle","duration":9.332699999999932,"failureMessages":[],"meta":{},"tags":[]},{"ancestorTitles":["assertNoCycle — navigation hierarchy"],"fullName":"assertNoCycle — navigation hierarchy allows reassigning parent to a non-ancestor node","status":"passed","title":"allows reassigning parent to a non-ancestor node","duration":6.740099999999984,"failureMessages":[],"meta":{},"tags":[]},{"ancestorTitles":["assertNoCycle — navigation hierarchy"],"fullName":"assertNoCycle — navigation hierarchy handles parentId pointing to non-existent item (no crash)","status":"passed","title":"handles parentId pointing to non-existent item (no crash)","duration":3.1946000000000367,"failureMessages":[],"meta":{},"tags":[]}],"startTime":1788108957213,"endTime":1788108957268.1946,"status":"passed","message":"","name":"C:/Users/Utilisateur/Documents/atomic/tests/integration/navigation-cycle.test.ts"},{"assertionResults":[{"ancestorTitles":["updateConsentSettings"],"fullName":"updateConsentSettings updates consent settings for a locale","status":"passed","title":"updates consent settings for a locale","duration":45.99270000000001,"failureMessages":[],"meta":{},"tags":[]},{"ancestorTitles":["updateConsentSettings"],"fullName":"updateConsentSettings throws NOT_FOUND when no consent config exists for locale","status":"passed","title":"throws NOT_FOUND when no consent config exists for locale","duration":4.212199999999939,"failureMessages":[],"meta":{},"tags":[]},{"ancestorTitles":["updateConsentSettings"],"fullName":"updateConsentSettings throws BAD_REQUEST for invalid locale","status":"passed","title":"throws BAD_REQUEST for invalid locale","duration":1.134800000000041,"failureMessages":[],"meta":{},"tags":[]},{"ancestorTitles":["updateConsentSettings"],"fullName":"updateConsentSettings rejects non-admin","status":"passed","title":"rejects non-admin","duration":1.178000000000111,"failureMessages":[],"meta":{},"tags":[]},{"ancestorTitles":["updateConsentSettings"],"fullName":"updateConsentSettings passes isActive and privacyPolicyUrl fields","status":"passed","title":"passes isActive and privacyPolicyUrl fields","duration":1.6336999999998625,"failureMessages":[],"meta":{},"tags":[]}],"startTime":1788108970270,"endTime":1788108970324.6338,"status":"passed","message":"","name":"C:/Users/Utilisateur/Documents/atomic/tests/unit/admin-consent.test.ts"},{"assertionResults":[{"ancestorTitles":["updateContactInfo"],"fullName":"updateContactInfo updates contact info","status":"passed","title":"updates contact info","duration":50.87580000000003,"failureMessages":[],"meta":{},"tags":[]},{"ancestorTitles":["updateContactInfo"],"fullName":"updateContactInfo throws NOT_FOUND when contact info missing","status":"passed","title":"throws NOT_FOUND when contact info missing","duration":4.079000000000178,"failureMessages":[],"meta":{},"tags":[]},{"ancestorTitles":["updateContactInfo"],"fullName":"updateContactInfo rejects non-admin","status":"passed","title":"rejects non-admin","duration":1.2769999999998163,"failureMessages":[],"meta":{},"tags":[]},{"ancestorTitles":["updateContactInfo input validation"],"fullName":"updateContactInfo input validation accepts valid full input","status":"passed","title":"accepts valid full input","duration":6.4008000000001175,"failureMessages":[],"meta":{},"tags":[]},{"ancestorTitles":["updateContactInfo input validation"],"fullName":"updateContactInfo input validation rejects latitude without longitude","status":"passed","title":"rejects latitude without longitude","duration":1.8213000000000648,"failureMessages":[],"meta":{},"tags":[]},{"ancestorTitles":["updateContactInfo input validation"],"fullName":"updateContactInfo input validation rejects longitude without latitude","status":"passed","title":"rejects longitude without latitude","duration":0.7624000000000706,"failureMessages":[],"meta":{},"tags":[]},{"ancestorTitles":["updateContactInfo input validation"],"fullName":"updateContactInfo input validation accepts both lat/lon as null","status":"passed","title":"accepts both lat/lon as null","duration":0.5923000000000229,"failureMessages":[],"meta":{},"tags":[]},{"ancestorTitles":["updateContactInfo input validation"],"fullName":"updateContactInfo input validation rejects invalid email","status":"passed","title":"rejects invalid email","duration":0.7583999999999378,"failureMessages":[],"meta":{},"tags":[]},{"ancestorTitles":["updateContactInfo input validation"],"fullName":"updateContactInfo input validation rejects latitude out of range","status":"passed","title":"rejects latitude out of range","duration":1.2659000000001015,"failureMessages":[],"meta":{},"tags":[]},{"ancestorTitles":["updateContactInfo input validation"],"fullName":"updateContactInfo input validation rejects mapUrl without http","status":"passed","title":"rejects mapUrl without http","duration":1.147899999999936,"failureMessages":[],"meta":{},"tags":[]}],"startTime":1788108968907,"endTime":1788108968977.148,"status":"passed","message":"","name":"C:/Users/Utilisateur/Documents/atomic/tests/unit/admin-contact.test.ts"},{"assertionResults":[{"ancestorTitles":["assertAdmin"],"fullName":"assertAdmin throws UNAUTHORIZED when user is null","status":"passed","title":"throws UNAUTHORIZED when user is null","duration":39.17349999999999,"failureMessages":[],"meta":{},"tags":[]},{"ancestorTitles":["assertAdmin"],"fullName":"assertAdmin throws FORBIDDEN when user is not admin","status":"passed","title":"throws FORBIDDEN when user is not admin","duration":0.9251000000000431,"failureMessages":[],"meta":{},"tags":[]},{"ancestorTitles":["assertAdmin"],"fullName":"assertAdmin returns the user when admin","status":"passed","title":"returns the user when admin","duration":0.6190000000000282,"failureMessages":[],"meta":{},"tags":[]},{"ancestorTitles":["assertAdmin"],"fullName":"assertAdmin throws FORBIDDEN when admin is banned","status":"passed","title":"throws FORBIDDEN when admin is banned","duration":0.5852000000000999,"failureMessages":[],"meta":{},"tags":[]},{"ancestorTitles":["adminRateLimit"],"fullName":"adminRateLimit does not throw when under the limit","status":"passed","title":"does not throw when under the limit","duration":1.209100000000035,"failureMessages":[],"meta":{},"tags":[]},{"ancestorTitles":["adminRateLimit"],"fullName":"adminRateLimit throws TOO_MANY_REQUESTS when limit is exceeded","status":"passed","title":"throws TOO_MANY_REQUESTS when limit is exceeded","duration":0.8344999999999345,"failureMessages":[],"meta":{},"tags":[]},{"ancestorTitles":["auditAdmin"],"fullName":"auditAdmin does not throw when logAuditEvent rejects","status":"passed","title":"does not throw when logAuditEvent rejects","duration":44.27739999999994,"failureMessages":[],"meta":{},"tags":[]}],"startTime":1788108975721,"endTime":1788108975810.2773,"status":"passed","message":"","name":"C:/Users/Utilisateur/Documents/atomic/tests/unit/admin-helpers.test.ts"},{"assertionResults":[{"ancestorTitles":["updateOpeningHours"],"fullName":"updateOpeningHours updates hours for valid items","status":"passed","title":"updates hours for valid items","duration":42.800899999999956,"failureMessages":[],"meta":{},"tags":[]},{"ancestorTitles":["updateOpeningHours"],"fullName":"updateOpeningHours handles closed days (no openTime/closeTime required)","status":"passed","title":"handles closed days (no openTime/closeTime required)","duration":1.678899999999885,"failureMessages":[],"meta":{},"tags":[]},{"ancestorTitles":["updateOpeningHours"],"fullName":"updateOpeningHours throws NOT_FOUND when hour not found","status":"passed","title":"throws NOT_FOUND when hour not found","duration":4.198599999999942,"failureMessages":[],"meta":{},"tags":[]},{"ancestorTitles":["updateOpeningHours"],"fullName":"updateOpeningHours rejects non-admin","status":"passed","title":"rejects non-admin","duration":1.1650999999999385,"failureMessages":[],"meta":{},"tags":[]},{"ancestorTitles":["updateOpeningHours input validation"],"fullName":"updateOpeningHours input validation accepts valid open day","status":"passed","title":"accepts valid open day","duration":6.466000000000122,"failureMessages":[],"meta":{},"tags":[]},{"ancestorTitles":["updateOpeningHours input validation"],"fullName":"updateOpeningHours input validation accepts closed day without times","status":"passed","title":"accepts closed day without times","duration":0.5575999999998658,"failureMessages":[],"meta":{},"tags":[]},{"ancestorTitles":["updateOpeningHours input validation"],"fullName":"updateOpeningHours input validation rejects invalid time format","status":"passed","title":"rejects invalid time format","duration":1.961100000000215,"failureMessages":[],"meta":{},"tags":[]},{"ancestorTitles":["updateOpeningHours input validation"],"fullName":"updateOpeningHours input validation rejects time with hours > 23","status":"passed","title":"rejects time with hours > 23","duration":0.6089999999999236,"failureMessages":[],"meta":{},"tags":[]},{"ancestorTitles":["updateOpeningHours input validation"],"fullName":"updateOpeningHours input validation rejects open day without times","status":"passed","title":"rejects open day without times","duration":1.1457000000000335,"failureMessages":[],"meta":{},"tags":[]},{"ancestorTitles":["updateOpeningHours input validation"],"fullName":"updateOpeningHours input validation rejects closeTime before openTime","status":"passed","title":"rejects closeTime before openTime","duration":0.6830999999999676,"failureMessages":[],"meta":{},"tags":[]},{"ancestorTitles":["updateOpeningHours input validation"],"fullName":"updateOpeningHours input validation rejects midday break without all 4 times","status":"passed","title":"rejects midday break without all 4 times","duration":0.6046000000001186,"failureMessages":[],"meta":{},"tags":[]},{"ancestorTitles":["updateOpeningHours input validation"],"fullName":"updateOpeningHours input validation accepts valid midday break","status":"passed","title":"accepts valid midday break","duration":0.7721000000001368,"failureMessages":[],"meta":{},"tags":[]},{"ancestorTitles":["updateOpeningHours input validation"],"fullName":"updateOpeningHours input validation rejects midday break where afternoon opens before morning closes","status":"passed","title":"rejects midday break where afternoon opens before morning closes","duration":0.6614000000001852,"failureMessages":[],"meta":{},"tags":[]}],"startTime":1788108967903,"endTime":1788108967967.6614,"status":"passed","message":"","name":"C:/Users/Utilisateur/Documents/atomic/tests/unit/admin-hours.test.ts"},{"assertionResults":[{"ancestorTitles":["createMediaFolder"],"fullName":"createMediaFolder creates a folder","status":"passed","title":"creates a folder","duration":40.02870000000007,"failureMessages":[],"meta":{},"tags":[]},{"ancestorTitles":["createMediaFolder"],"fullName":"createMediaFolder throws CONFLICT on duplicate name","status":"passed","title":"throws CONFLICT on duplicate name","duration":3.9950999999998658,"failureMessages":[],"meta":{},"tags":[]},{"ancestorTitles":["createMediaFolder"],"fullName":"createMediaFolder rejects non-admin","status":"passed","title":"rejects non-admin","duration":1.411299999999983,"failureMessages":[],"meta":{},"tags":[]},{"ancestorTitles":["updateMediaFolder"],"fullName":"updateMediaFolder updates a folder via transaction","status":"passed","title":"updates a folder via transaction","duration":3.1657000000000153,"failureMessages":[],"meta":{},"tags":[]},{"ancestorTitles":["updateMediaFolder"],"fullName":"updateMediaFolder throws on self-referencing parentId","status":"passed","title":"throws on self-referencing parentId","duration":1.6576000000000022,"failureMessages":[],"meta":{},"tags":[]},{"ancestorTitles":["deleteMediaFolder"],"fullName":"deleteMediaFolder deletes an empty folder","status":"passed","title":"deletes an empty folder","duration":1.9006999999999152,"failureMessages":[],"meta":{},"tags":[]},{"ancestorTitles":["deleteMediaFolder"],"fullName":"deleteMediaFolder rejects deleting folder with children","status":"passed","title":"rejects deleting folder with children","duration":1.1084000000000742,"failureMessages":[],"meta":{},"tags":[]},{"ancestorTitles":["deleteMediaFolder"],"fullName":"deleteMediaFolder rejects deleting folder with files","status":"passed","title":"rejects deleting folder with files","duration":1.0065999999999349,"failureMessages":[],"meta":{},"tags":[]},{"ancestorTitles":["deleteMediaFolder"],"fullName":"deleteMediaFolder throws NOT_FOUND for missing folder","status":"passed","title":"throws NOT_FOUND for missing folder","duration":1.4791000000000167,"failureMessages":[],"meta":{},"tags":[]},{"ancestorTitles":["uploadMediaFile"],"fullName":"uploadMediaFile uploads a file to root folder","status":"passed","title":"uploads a file to root folder","duration":2849.6498,"failureMessages":[],"meta":{},"tags":[]},{"ancestorTitles":["uploadMediaFile"],"fullName":"uploadMediaFile uploads a file into a specific folder","status":"passed","title":"uploads a file into a specific folder","duration":1.9510000000000218,"failureMessages":[],"meta":{},"tags":[]},{"ancestorTitles":["uploadMediaFile"],"fullName":"uploadMediaFile throws NOT_FOUND when target folder does not exist","status":"passed","title":"throws NOT_FOUND when target folder does not exist","duration":0.9588999999996304,"failureMessages":[],"meta":{},"tags":[]},{"ancestorTitles":["renameMediaFile"],"fullName":"renameMediaFile renames a file on disk and in DB","status":"passed","title":"renames a file on disk and in DB","duration":1.5034999999998035,"failureMessages":[],"meta":{},"tags":[]},{"ancestorTitles":["renameMediaFile"],"fullName":"renameMediaFile preserves extension when not provided","status":"passed","title":"preserves extension when not provided","duration":0.7200000000002547,"failureMessages":[],"meta":{},"tags":[]},{"ancestorTitles":["renameMediaFile"],"fullName":"renameMediaFile throws NOT_FOUND for missing file","status":"passed","title":"throws NOT_FOUND for missing file","duration":0.6130999999995765,"failureMessages":[],"meta":{},"tags":[]},{"ancestorTitles":["moveMediaFile"],"fullName":"moveMediaFile moves a file to a folder","status":"passed","title":"moves a file to a folder","duration":0.9668000000001484,"failureMessages":[],"meta":{},"tags":[]},{"ancestorTitles":["moveMediaFile"],"fullName":"moveMediaFile moves a file to root (null)","status":"passed","title":"moves a file to root (null)","duration":0.7390999999997803,"failureMessages":[],"meta":{},"tags":[]},{"ancestorTitles":["moveMediaFile"],"fullName":"moveMediaFile throws NOT_FOUND for missing target folder","status":"passed","title":"throws NOT_FOUND for missing target folder","duration":1.1629999999995562,"failureMessages":[],"meta":{},"tags":[]},{"ancestorTitles":["moveMediaFile"],"fullName":"moveMediaFile throws NOT_FOUND for missing file","status":"passed","title":"throws NOT_FOUND for missing file","duration":0.7776000000003478,"failureMessages":[],"meta":{},"tags":[]},{"ancestorTitles":["deleteMediaFile"],"fullName":"deleteMediaFile deletes a file (disk + DB)","status":"passed","title":"deletes a file (disk + DB)","duration":0.9021000000002459,"failureMessages":[],"meta":{},"tags":[]},{"ancestorTitles":["deleteMediaFile"],"fullName":"deleteMediaFile throws NOT_FOUND for missing file","status":"passed","title":"throws NOT_FOUND for missing file","duration":0.6651999999994587,"failureMessages":[],"meta":{},"tags":[]},{"ancestorTitles":["upsertMediaFileAlt"],"fullName":"upsertMediaFileAlt inserts a new alt text","status":"passed","title":"inserts a new alt text","duration":0.9598999999998341,"failureMessages":[],"meta":{},"tags":[]},{"ancestorTitles":["upsertMediaFileAlt"],"fullName":"upsertMediaFileAlt updates an existing alt text","status":"passed","title":"updates an existing alt text","duration":0.7076999999999316,"failureMessages":[],"meta":{},"tags":[]},{"ancestorTitles":["upsertMediaFileAlt"],"fullName":"upsertMediaFileAlt throws NOT_FOUND for missing file","status":"passed","title":"throws NOT_FOUND for missing file","duration":0.7820000000001528,"failureMessages":[],"meta":{},"tags":[]},{"ancestorTitles":["deleteMediaFileAlt"],"fullName":"deleteMediaFileAlt deletes an alt text","status":"passed","title":"deletes an alt text","duration":0.8949000000002343,"failureMessages":[],"meta":{},"tags":[]},{"ancestorTitles":["deleteMediaFileAlt"],"fullName":"deleteMediaFileAlt throws NOT_FOUND for missing alt","status":"passed","title":"throws NOT_FOUND for missing alt","duration":0.680699999999888,"failureMessages":[],"meta":{},"tags":[]}],"startTime":1788108944861,"endTime":1788108947783.6807,"status":"passed","message":"","name":"C:/Users/Utilisateur/Documents/atomic/tests/unit/admin-media.test.ts"},{"assertionResults":[{"ancestorTitles":["createNavigationMenu"],"fullName":"createNavigationMenu creates a new menu","status":"passed","title":"creates a new menu","duration":41.01089999999999,"failureMessages":[],"meta":{},"tags":[]},{"ancestorTitles":["createNavigationMenu"],"fullName":"createNavigationMenu throws CONFLICT on duplicate name","status":"passed","title":"throws CONFLICT on duplicate name","duration":3.9141000000001895,"failureMessages":[],"meta":{},"tags":[]},{"ancestorTitles":["createNavigationMenu"],"fullName":"createNavigationMenu throws UNAUTHORIZED with no user","status":"passed","title":"throws UNAUTHORIZED with no user","duration":0.9032999999999447,"failureMessages":[],"meta":{},"tags":[]},{"ancestorTitles":["createNavigationMenu"],"fullName":"createNavigationMenu throws FORBIDDEN for non-admin","status":"passed","title":"throws FORBIDDEN for non-admin","duration":1.1866999999999734,"failureMessages":[],"meta":{},"tags":[]},{"ancestorTitles":["updateNavigationMenu"],"fullName":"updateNavigationMenu updates an existing menu","status":"passed","title":"updates an existing menu","duration":2.1308000000001357,"failureMessages":[],"meta":{},"tags":[]},{"ancestorTitles":["updateNavigationMenu"],"fullName":"updateNavigationMenu throws NOT_FOUND when menu does not exist","status":"passed","title":"throws NOT_FOUND when menu does not exist","duration":1.2028999999999996,"failureMessages":[],"meta":{},"tags":[]},{"ancestorTitles":["updateNavigationMenu"],"fullName":"updateNavigationMenu throws CONFLICT when another menu uses the name","status":"passed","title":"throws CONFLICT when another menu uses the name","duration":1.1586999999999534,"failureMessages":[],"meta":{},"tags":[]},{"ancestorTitles":["updateNavigationMenu"],"fullName":"updateNavigationMenu throws FORBIDDEN when renaming a protected menu","status":"passed","title":"throws FORBIDDEN when renaming a protected menu","duration":0.9194999999999709,"failureMessages":[],"meta":{},"tags":[]},{"ancestorTitles":["updateNavigationMenu"],"fullName":"updateNavigationMenu allows updating description of a protected menu","status":"passed","title":"allows updating description of a protected menu","duration":1.508100000000013,"failureMessages":[],"meta":{},"tags":[]},{"ancestorTitles":["deleteNavigationMenu"],"fullName":"deleteNavigationMenu deletes an existing menu","status":"passed","title":"deletes an existing menu","duration":1.6961999999998625,"failureMessages":[],"meta":{},"tags":[]},{"ancestorTitles":["deleteNavigationMenu"],"fullName":"deleteNavigationMenu throws NOT_FOUND when menu does not exist","status":"passed","title":"throws NOT_FOUND when menu does not exist","duration":1.1101999999998498,"failureMessages":[],"meta":{},"tags":[]},{"ancestorTitles":["deleteNavigationMenu"],"fullName":"deleteNavigationMenu throws FORBIDDEN when deleting a protected menu","status":"passed","title":"throws FORBIDDEN when deleting a protected menu","duration":0.8161000000000058,"failureMessages":[],"meta":{},"tags":[]},{"ancestorTitles":["deleteNavigationMenu"],"fullName":"deleteNavigationMenu requires admin role","status":"passed","title":"requires admin role","duration":1.0434000000000196,"failureMessages":[],"meta":{},"tags":[]}],"startTime":1788108966457,"endTime":1788108966517.0435,"status":"passed","message":"","name":"C:/Users/Utilisateur/Documents/atomic/tests/unit/admin-menus.test.ts"},{"assertionResults":[{"ancestorTitles":["createNavigationItem"],"fullName":"createNavigationItem creates an item when menu exists","status":"passed","title":"creates an item when menu exists","duration":43.73540000000003,"failureMessages":[],"meta":{},"tags":[]},{"ancestorTitles":["createNavigationItem"],"fullName":"createNavigationItem throws when menu does not exist","status":"passed","title":"throws when menu does not exist","duration":4.29950000000008,"failureMessages":[],"meta":{},"tags":[]},{"ancestorTitles":["createNavigationItem"],"fullName":"createNavigationItem throws when parent does not exist","status":"passed","title":"throws when parent does not exist","duration":2.022799999999961,"failureMessages":[],"meta":{},"tags":[]},{"ancestorTitles":["createNavigationItem"],"fullName":"createNavigationItem rejects unauthenticated users","status":"passed","title":"rejects unauthenticated users","duration":1.106800000000021,"failureMessages":[],"meta":{},"tags":[]},{"ancestorTitles":["updateNavigationItem"],"fullName":"updateNavigationItem updates an item","status":"passed","title":"updates an item","duration":1.501299999999901,"failureMessages":[],"meta":{},"tags":[]},{"ancestorTitles":["updateNavigationItem"],"fullName":"updateNavigationItem throws NOT_FOUND when item missing","status":"passed","title":"throws NOT_FOUND when item missing","duration":0.9067999999999756,"failureMessages":[],"meta":{},"tags":[]},{"ancestorTitles":["deleteNavigationItem"],"fullName":"deleteNavigationItem deletes an item","status":"passed","title":"deletes an item","duration":1.1912999999999556,"failureMessages":[],"meta":{},"tags":[]},{"ancestorTitles":["deleteNavigationItem"],"fullName":"deleteNavigationItem throws NOT_FOUND when item missing","status":"passed","title":"throws NOT_FOUND when item missing","duration":0.9757999999999356,"failureMessages":[],"meta":{},"tags":[]},{"ancestorTitles":["reorderNavigationItems"],"fullName":"reorderNavigationItems reorders items from the same menu","status":"passed","title":"reorders items from the same menu","duration":2.406099999999924,"failureMessages":[],"meta":{},"tags":[]},{"ancestorTitles":["reorderNavigationItems"],"fullName":"reorderNavigationItems throws NOT_FOUND when some items missing","status":"passed","title":"throws NOT_FOUND when some items missing","duration":1.4006999999999152,"failureMessages":[],"meta":{},"tags":[]},{"ancestorTitles":["reorderNavigationItems"],"fullName":"reorderNavigationItems throws when items belong to different menus","status":"passed","title":"throws when items belong to different menus","duration":1.1282999999998538,"failureMessages":[],"meta":{},"tags":[]}],"startTime":1788108976084,"endTime":1788108976146.1284,"status":"passed","message":"","name":"C:/Users/Utilisateur/Documents/atomic/tests/unit/admin-navigation-items.test.ts"},{"assertionResults":[{"ancestorTitles":["createPage"],"fullName":"createPage creates a page when slug is unique for locale","status":"passed","title":"creates a page when slug is unique for locale","duration":41.68470000000002,"failureMessages":[],"meta":{},"tags":[]},{"ancestorTitles":["createPage"],"fullName":"createPage throws CONFLICT when slug+locale already exists","status":"passed","title":"throws CONFLICT when slug+locale already exists","duration":4.310399999999845,"failureMessages":[],"meta":{},"tags":[]},{"ancestorTitles":["deletePage"],"fullName":"deletePage soft-deletes a page","status":"passed","title":"soft-deletes a page","duration":1.683799999999792,"failureMessages":[],"meta":{},"tags":[]},{"ancestorTitles":["deletePage"],"fullName":"deletePage throws NOT_FOUND","status":"passed","title":"throws NOT_FOUND","duration":1.3082999999999174,"failureMessages":[],"meta":{},"tags":[]},{"ancestorTitles":["createTheme"],"fullName":"createTheme auto-activates if no active theme exists","status":"passed","title":"auto-activates if no active theme exists","duration":1.966799999999921,"failureMessages":[],"meta":{},"tags":[]},{"ancestorTitles":["createTheme"],"fullName":"createTheme creates inactive theme when an active theme already exists","status":"passed","title":"creates inactive theme when an active theme already exists","duration":1.0557000000001153,"failureMessages":[],"meta":{},"tags":[]},{"ancestorTitles":["deleteTheme"],"fullName":"deleteTheme throws NOT_FOUND when theme does not exist","status":"passed","title":"throws NOT_FOUND when theme does not exist","duration":1.5585000000000946,"failureMessages":[],"meta":{},"tags":[]},{"ancestorTitles":["deleteTheme"],"fullName":"deleteTheme throws BAD_REQUEST when trying to delete active theme","status":"passed","title":"throws BAD_REQUEST when trying to delete active theme","duration":0.9194999999999709,"failureMessages":[],"meta":{},"tags":[]},{"ancestorTitles":["deleteTheme"],"fullName":"deleteTheme deletes an inactive theme","status":"passed","title":"deletes an inactive theme","duration":1.8910000000000764,"failureMessages":[],"meta":{},"tags":[]}],"startTime":1788108977056,"endTime":1788108977113.891,"status":"passed","message":"","name":"C:/Users/Utilisateur/Documents/atomic/tests/unit/admin-pages-theme.test.ts"},{"assertionResults":[{"ancestorTitles":["createPage"],"fullName":"createPage creates a page","status":"passed","title":"creates a page","duration":41.2641000000001,"failureMessages":[],"meta":{},"tags":[]},{"ancestorTitles":["createPage"],"fullName":"createPage throws CONFLICT on duplicate slug","status":"passed","title":"throws CONFLICT on duplicate slug","duration":4.1603999999999814,"failureMessages":[],"meta":{},"tags":[]},{"ancestorTitles":["createPage"],"fullName":"createPage throws on reserved slug","status":"passed","title":"throws on reserved slug","duration":0.9903999999999087,"failureMessages":[],"meta":{},"tags":[]},{"ancestorTitles":["createPage"],"fullName":"createPage rejects non-admin","status":"passed","title":"rejects non-admin","duration":1.118600000000015,"failureMessages":[],"meta":{},"tags":[]},{"ancestorTitles":["updatePage"],"fullName":"updatePage updates a page","status":"passed","title":"updates a page","duration":1.5978000000000065,"failureMessages":[],"meta":{},"tags":[]},{"ancestorTitles":["updatePage"],"fullName":"updatePage throws NOT_FOUND when page missing","status":"passed","title":"throws NOT_FOUND when page missing","duration":1.0892999999998665,"failureMessages":[],"meta":{},"tags":[]},{"ancestorTitles":["updatePage"],"fullName":"updatePage throws CONFLICT on optimistic lock failure","status":"passed","title":"throws CONFLICT on optimistic lock failure","duration":1.4110000000000582,"failureMessages":[],"meta":{},"tags":[]},{"ancestorTitles":["updatePage"],"fullName":"updatePage throws CONFLICT on duplicate slug during update","status":"passed","title":"throws CONFLICT on duplicate slug during update","duration":0.9965000000001965,"failureMessages":[],"meta":{},"tags":[]},{"ancestorTitles":["updatePage"],"fullName":"updatePage throws on reserved slug during update","status":"passed","title":"throws on reserved slug during update","duration":1.4692999999999756,"failureMessages":[],"meta":{},"tags":[]},{"ancestorTitles":["deletePage"],"fullName":"deletePage soft-deletes a page","status":"passed","title":"soft-deletes a page","duration":1.5165999999999258,"failureMessages":[],"meta":{},"tags":[]},{"ancestorTitles":["deletePage"],"fullName":"deletePage throws NOT_FOUND when page missing","status":"passed","title":"throws NOT_FOUND when page missing","duration":0.9836999999999989,"failureMessages":[],"meta":{},"tags":[]},{"ancestorTitles":["publishPage"],"fullName":"publishPage publishes a page","status":"passed","title":"publishes a page","duration":12.686400000000049,"failureMessages":[],"meta":{},"tags":[]},{"ancestorTitles":["publishPage"],"fullName":"publishPage unpublishes a page","status":"passed","title":"unpublishes a page","duration":0.8074999999998909,"failureMessages":[],"meta":{},"tags":[]},{"ancestorTitles":["publishPage"],"fullName":"publishPage throws NOT_FOUND when page missing","status":"passed","title":"throws NOT_FOUND when page missing","duration":1.3744000000001506,"failureMessages":[],"meta":{},"tags":[]},{"ancestorTitles":["schedulePage"],"fullName":"schedulePage schedules a page for future publication","status":"passed","title":"schedules a page for future publication","duration":2.330400000000054,"failureMessages":[],"meta":{},"tags":[]},{"ancestorTitles":["schedulePage"],"fullName":"schedulePage throws NOT_FOUND when page missing","status":"passed","title":"throws NOT_FOUND when page missing","duration":0.9988000000000739,"failureMessages":[],"meta":{},"tags":[]},{"ancestorTitles":["unschedulePage"],"fullName":"unschedulePage removes schedule from a page","status":"passed","title":"removes schedule from a page","duration":0.8367000000000644,"failureMessages":[],"meta":{},"tags":[]},{"ancestorTitles":["unschedulePage"],"fullName":"unschedulePage throws NOT_FOUND when page missing","status":"passed","title":"throws NOT_FOUND when page missing","duration":0.8042000000000371,"failureMessages":[],"meta":{},"tags":[]},{"ancestorTitles":["restoreFromTrash"],"fullName":"restoreFromTrash restores a trashed page","status":"passed","title":"restores a trashed page","duration":0.9548999999999523,"failureMessages":[],"meta":{},"tags":[]},{"ancestorTitles":["restoreFromTrash"],"fullName":"restoreFromTrash throws NOT_FOUND when page missing","status":"passed","title":"throws NOT_FOUND when page missing","duration":1.1118000000001302,"failureMessages":[],"meta":{},"tags":[]},{"ancestorTitles":["permanentlyDeletePage"],"fullName":"permanentlyDeletePage permanently deletes a trashed page","status":"passed","title":"permanently deletes a trashed page","duration":1.4350999999999203,"failureMessages":[],"meta":{},"tags":[]},{"ancestorTitles":["permanentlyDeletePage"],"fullName":"permanentlyDeletePage throws NOT_FOUND when page missing","status":"passed","title":"throws NOT_FOUND when page missing","duration":0.7391000000000076,"failureMessages":[],"meta":{},"tags":[]},{"ancestorTitles":["permanentlyDeletePage"],"fullName":"permanentlyDeletePage refuses to delete a non-trashed page","status":"passed","title":"refuses to delete a non-trashed page","duration":0.6476999999999862,"failureMessages":[],"meta":{},"tags":[]},{"ancestorTitles":["bulkPublishPages"],"fullName":"bulkPublishPages publishes multiple pages","status":"passed","title":"publishes multiple pages","duration":2.6720000000000255,"failureMessages":[],"meta":{},"tags":[]},{"ancestorTitles":["bulkPublishPages"],"fullName":"bulkPublishPages unpublishes multiple pages","status":"passed","title":"unpublishes multiple pages","duration":0.6407000000001517,"failureMessages":[],"meta":{},"tags":[]},{"ancestorTitles":["bulkArchivePages"],"fullName":"bulkArchivePages archives multiple pages","status":"passed","title":"archives multiple pages","duration":0.7753999999999905,"failureMessages":[],"meta":{},"tags":[]}],"startTime":1788108959714,"endTime":1788108959801.7754,"status":"passed","message":"","name":"C:/Users/Utilisateur/Documents/atomic/tests/unit/admin-pages.test.ts"},{"assertionResults":[{"ancestorTitles":["listOrgRoles"],"fullName":"listOrgRoles lists roles for an organization","status":"passed","title":"lists roles for an organization","duration":47.8125,"failureMessages":[],"meta":{},"tags":[]},{"ancestorTitles":["listOrgRoles"],"fullName":"listOrgRoles rejects unauthenticated users","status":"passed","title":"rejects unauthenticated users","duration":3.8746999999999616,"failureMessages":[],"meta":{},"tags":[]},{"ancestorTitles":["listOrgRoles"],"fullName":"listOrgRoles rejects banned users","status":"passed","title":"rejects banned users","duration":1.144100000000094,"failureMessages":[],"meta":{},"tags":[]},{"ancestorTitles":["listOrgRoles"],"fullName":"listOrgRoles rejects users without permission","status":"passed","title":"rejects users without permission","duration":1.103800000000092,"failureMessages":[],"meta":{},"tags":[]},{"ancestorTitles":["createOrgRole"],"fullName":"createOrgRole creates a role successfully","status":"passed","title":"creates a role successfully","duration":3.95780000000002,"failureMessages":[],"meta":{},"tags":[]},{"ancestorTitles":["createOrgRole"],"fullName":"createOrgRole rejects unauthenticated users","status":"passed","title":"rejects unauthenticated users","duration":0.8971000000000231,"failureMessages":[],"meta":{},"tags":[]},{"ancestorTitles":["createOrgRole"],"fullName":"createOrgRole rejects banned users","status":"passed","title":"rejects banned users","duration":1.0975000000000819,"failureMessages":[],"meta":{},"tags":[]},{"ancestorTitles":["createOrgRole"],"fullName":"createOrgRole rejects users without permission","status":"passed","title":"rejects users without permission","duration":0.6710999999999103,"failureMessages":[],"meta":{},"tags":[]},{"ancestorTitles":["createOrgRole"],"fullName":"createOrgRole wraps better-auth errors as BAD_REQUEST","status":"passed","title":"wraps better-auth errors as BAD_REQUEST","duration":1.8144999999999527,"failureMessages":[],"meta":{},"tags":[]},{"ancestorTitles":["updateOrgRole"],"fullName":"updateOrgRole updates a role successfully","status":"passed","title":"updates a role successfully","duration":1.86749999999995,"failureMessages":[],"meta":{},"tags":[]},{"ancestorTitles":["updateOrgRole"],"fullName":"updateOrgRole rejects unauthenticated users","status":"passed","title":"rejects unauthenticated users","duration":0.8652000000000726,"failureMessages":[],"meta":{},"tags":[]},{"ancestorTitles":["updateOrgRole"],"fullName":"updateOrgRole rejects users without permission","status":"passed","title":"rejects users without permission","duration":1.0966000000000804,"failureMessages":[],"meta":{},"tags":[]},{"ancestorTitles":["updateOrgRole"],"fullName":"updateOrgRole wraps better-auth errors as BAD_REQUEST","status":"passed","title":"wraps better-auth errors as BAD_REQUEST","duration":1.3278000000000247,"failureMessages":[],"meta":{},"tags":[]},{"ancestorTitles":["deleteOrgRole"],"fullName":"deleteOrgRole deletes a role successfully","status":"passed","title":"deletes a role successfully","duration":1.6899000000000797,"failureMessages":[],"meta":{},"tags":[]},{"ancestorTitles":["deleteOrgRole"],"fullName":"deleteOrgRole rejects unauthenticated users","status":"passed","title":"rejects unauthenticated users","duration":1.091099999999983,"failureMessages":[],"meta":{},"tags":[]},{"ancestorTitles":["deleteOrgRole"],"fullName":"deleteOrgRole rejects users without permission","status":"passed","title":"rejects users without permission","duration":0.5093000000000529,"failureMessages":[],"meta":{},"tags":[]},{"ancestorTitles":["deleteOrgRole"],"fullName":"deleteOrgRole wraps better-auth errors as BAD_REQUEST","status":"passed","title":"wraps better-auth errors as BAD_REQUEST","duration":0.6730000000000018,"failureMessages":[],"meta":{},"tags":[]},{"ancestorTitles":["updateMemberRole"],"fullName":"updateMemberRole updates a member role successfully","status":"pas
[...]
r@4.1.11/node_modules/@vitest/runner/dist/chunk-artifact.js:2305:20\n    at new Promise (<anonymous>)\n    at runWithTimeout (file:///C:/Users/Utilisateur/Documents/atomic/node_modules/.pnpm/@vitest+runner@4.1.11/node_modules/@vitest/runner/dist/chunk-artifact.js:2272:10)\n    at file:///C:/Users/Utilisateur/Documents/atomic/node_modules/.pnpm/@vitest+runner@4.1.11/node_modules/@vitest/runner/dist/chunk-artifact.js:2956:64"],"meta":{},"tags":[]},{"ancestorTitles":["CMS capability catalog"],"fullName":"CMS capability catalog has at least one authoritative implementation for every capability","status":"passed","title":"has at least one authoritative implementation for every capability","duration":6.7707000000000335,"failureMessages":[],"meta":{},"tags":[]}],"startTime":1788108993776,"endTime":1788108993799.7708,"status":"failed","message":"","name":"C:/Users/Utilisateur/Documents/atomic/tests/unit/cms/capabilities.test.ts"},{"assertionResults":[],"startTime":1788108862697,"endTime":1788108862697,"status":"failed","message":"Cannot find package '@/core/search/registry' imported from C:/Users/Utilisateur/Documents/atomic/src/core/modules/bootstrap.ts","name":"C:/Users/Utilisateur/Documents/atomic/tests/unit/cms/module-boundaries.test.ts"},{"assertionResults":[],"startTime":1788108862697,"endTime":1788108862697,"status":"failed","message":"Cannot find package '@/core/search/registry' imported from C:/Users/Utilisateur/Documents/atomic/src/core/modules/bootstrap.ts","name":"C:/Users/Utilisateur/Documents/atomic/tests/unit/cms/module-contract.test.ts"},{"assertionResults":[{"ancestorTitles":["Atomic module registry"],"fullName":"Atomic module registry registers, retrieves and lists modules deterministically","status":"passed","title":"registers, retrieves and lists modules deterministically","duration":5.470200000000034,"failureMessages":[],"meta":{},"tags":[]},{"ancestorTitles":["Atomic module registry"],"fullName":"Atomic module registry rejects duplicate module ids","status":"passed","title":"rejects duplicate module ids","duration":2.2135000000000105,"failureMessages":[],"meta":{},"tags":[]}],"startTime":1788108991198,"endTime":1788108991205.2134,"status":"passed","message":"","name":"C:/Users/Utilisateur/Documents/atomic/tests/unit/cms/module-registry.test.ts"},{"assertionResults":[{"ancestorTitles":["Atomic admin resource contract"],"fullName":"Atomic admin resource contract accepts matching entity and capability contracts","status":"failed","title":"accepts matching entity and capability contracts","duration":15.30940000000004,"failureMessages":["AssertionError: expected [Function] to not throw an error but 'TypeError: Cannot read properties of …' was thrown\n    at Proxy.<anonymous> (file:///C:/Users/Utilisateur/Documents/atomic/node_modules/.pnpm/@vitest+expect@4.1.11/node_modules/@vitest/expect/dist/index.js:1552:16)\n    at Proxy.<anonymous> (file:///C:/Users/Utilisateur/Documents/atomic/node_modules/.pnpm/@vitest+expect@4.1.11/node_modules/@vitest/expect/dist/index.js:1156:15)\n    at Proxy.methodWrapper (file:///C:/Users/Utilisateur/Documents/atomic/node_modules/.pnpm/chai@6.2.2/node_modules/chai/index.js:1700:25)\n    at C:/Users/Utilisateur/Documents/atomic/tests/unit/cms/resource-contract.test.ts:45:79\n    at file:///C:/Users/Utilisateur/Documents/atomic/node_modules/.pnpm/@vitest+runner@4.1.11/node_modules/@vitest/runner/dist/chunk-artifact.js:302:11\n    at file:///C:/Users/Utilisateur/Documents/atomic/node_modules/.pnpm/@vitest+runner@4.1.11/node_modules/@vitest/runner/dist/chunk-artifact.js:1903:26\n    at file:///C:/Users/Utilisateur/Documents/atomic/node_modules/.pnpm/@vitest+runner@4.1.11/node_modules/@vitest/runner/dist/chunk-artifact.js:2326:20\n    at new Promise (<anonymous>)\n    at runWithCancel (file:///C:/Users/Utilisateur/Documents/atomic/node_modules/.pnpm/@vitest+runner@4.1.11/node_modules/@vitest/runner/dist/chunk-artifact.js:2323:10)\n    at file:///C:/Users/Utilisateur/Documents/atomic/node_modules/.pnpm/@vitest+runner@4.1.11/node_modules/@vitest/runner/dist/chunk-artifact.js:2305:20"],"meta":{},"tags":[]},{"ancestorTitles":["Atomic admin resource contract"],"fullName":"Atomic admin resource contract rejects publication actions without publication capability","status":"passed","title":"rejects publication actions without publication capability","duration":1.130200000000002,"failureMessages":[],"meta":{},"tags":[]},{"ancestorTitles":["Atomic admin resource contract"],"fullName":"Atomic admin resource contract rejects a resource owned by another module","status":"passed","title":"rejects a resource owned by another module","duration":0.5666999999999689,"failureMessages":[],"meta":{},"tags":[]},{"ancestorTitles":["Atomic admin resource contract"],"fullName":"Atomic admin resource contract rejects list-dependent management without list support","status":"failed","title":"rejects list-dependent management without list support","duration":6.389399999999966,"failureMessages":["AssertionError: expected [Function] to throw error including 'without list capability' but got 'Cannot read properties of undefined (…'\n    at Proxy.<anonymous> (file:///C:/Users/Utilisateur/Documents/atomic/node_modules/.pnpm/@vitest+expect@4.1.11/node_modules/@vitest/expect/dist/index.js:1552:16)\n    at Proxy.<anonymous> (file:///C:/Users/Utilisateur/Documents/atomic/node_modules/.pnpm/@vitest+expect@4.1.11/node_modules/@vitest/expect/dist/index.js:1156:15)\n    at Proxy.methodWrapper (file:///C:/Users/Utilisateur/Documents/atomic/node_modules/.pnpm/chai@6.2.2/node_modules/chai/index.js:1700:25)\n    at C:/Users/Utilisateur/Documents/atomic/tests/unit/cms/resource-contract.test.ts:61:75\n    at file:///C:/Users/Utilisateur/Documents/atomic/node_modules/.pnpm/@vitest+runner@4.1.11/node_modules/@vitest/runner/dist/chunk-artifact.js:302:11\n    at file:///C:/Users/Utilisateur/Documents/atomic/node_modules/.pnpm/@vitest+runner@4.1.11/node_modules/@vitest/runner/dist/chunk-artifact.js:1903:26\n    at file:///C:/Users/Utilisateur/Documents/atomic/node_modules/.pnpm/@vitest+runner@4.1.11/node_modules/@vitest/runner/dist/chunk-artifact.js:2326:20\n    at new Promise (<anonymous>)\n    at runWithCancel (file:///C:/Users/Utilisateur/Documents/atomic/node_modules/.pnpm/@vitest+runner@4.1.11/node_modules/@vitest/runner/dist/chunk-artifact.js:2323:10)\n    at file:///C:/Users/Utilisateur/Documents/atomic/node_modules/.pnpm/@vitest+runner@4.1.11/node_modules/@vitest/runner/dist/chunk-artifact.js:2305:20"],"meta":{},"tags":[]},{"ancestorTitles":["Atomic admin resource contract"],"fullName":"Atomic admin resource contract rejects bulk actions without selection","status":"passed","title":"rejects bulk actions without selection","duration":0.806199999999933,"failureMessages":[],"meta":{},"tags":[]},{"ancestorTitles":["Atomic admin resource contract"],"fullName":"Atomic admin resource contract accepts selection, facets, saved views and bulk actions when explicitly enabled","status":"passed","title":"accepts selection, facets, saved views and bulk actions when explicitly enabled","duration":0.5919000000000096,"failureMessages":[],"meta":{},"tags":[]}],"startTime":1788108986276,"endTime":1788108986301.5918,"status":"failed","message":"","name":"C:/Users/Utilisateur/Documents/atomic/tests/unit/cms/resource-contract.test.ts"},{"assertionResults":[{"ancestorTitles":["cms workflow"],"fullName":"cms workflow accepts legal transitions","status":"passed","title":"accepts legal transitions","duration":4.912399999999991,"failureMessages":[],"meta":{},"tags":[]},{"ancestorTitles":["cms workflow"],"fullName":"cms workflow rejects undeclared self-transitions","status":"passed","title":"rejects undeclared self-transitions","duration":2.314300000000003,"failureMessages":[],"meta":{},"tags":[]},{"ancestorTitles":["cms workflow"],"fullName":"cms workflow rejects illegal direct publishing","status":"passed","title":"rejects illegal direct publishing","duration":0.5177999999999656,"failureMessages":[],"meta":{},"tags":[]},{"ancestorTitles":["cms workflow"],"fullName":"cms workflow throws on an illegal transition","status":"passed","title":"throws on an illegal transition","duration":0.6062000000000012,"failureMessages":[],"meta":{},"tags":[]}],"startTime":1788108990646,"endTime":1788108990654.6062,"status":"passed","message":"","name":"C:/Users/Utilisateur/Documents/atomic/tests/unit/cms/workflow.test.ts"},{"assertionResults":[{"ancestorTitles":["seed data contract"],"fullName":"seed data contract maps every manifest entry to an existing non-empty dataset and schema table","status":"failed","title":"maps every manifest entry to an existing non-empty dataset and schema table","duration":1523.8643,"failureMessages":["AssertionError: Missing schema export: serviceReviewHelpful: expected undefined to be defined\n    at C:/Users/Utilisateur/Documents/atomic/tests/unit/database/seed-data-contract.test.ts:16:70\n    at processTicksAndRejections (node:internal/process/task_queues:105:5)\n    at file:///C:/Users/Utilisateur/Documents/atomic/node_modules/.pnpm/@vitest+runner@4.1.11/node_modules/@vitest/runner/dist/chunk-artifact.js:1903:20"],"meta":{},"tags":[]},{"ancestorTitles":["seed data contract"],"fullName":"seed data contract uses unique data filenames and schema exports","status":"passed","title":"uses unique data filenames and schema exports","duration":0.8116999999997461,"failureMessages":[],"meta":{},"tags":[]}],"startTime":1788108989532,"endTime":1788108991056.8118,"status":"failed","message":"","name":"C:/Users/Utilisateur/Documents/atomic/tests/unit/database/seed-data-contract.test.ts"},{"assertionResults":[{"ancestorTitles":["seed manifest"],"fullName":"seed manifest contains every Services dataset exactly once and points to existing schema exports/files","status":"failed","title":"contains every Services dataset exactly once and points to existing schema exports/files","duration":19.73759999999993,"failureMessages":["AssertionError: expected undefined to be defined\n    at C:/Users/Utilisateur/Documents/atomic/tests/unit/database/seed-manifest.test.ts:42:61\n    at file:///C:/Users/Utilisateur/Documents/atomic/node_modules/.pnpm/@vitest+runner@4.1.11/node_modules/@vitest/runner/dist/chunk-artifact.js:302:11\n    at file:///C:/Users/Utilisateur/Documents/atomic/node_modules/.pnpm/@vitest+runner@4.1.11/node_modules/@vitest/runner/dist/chunk-artifact.js:1903:26\n    at file:///C:/Users/Utilisateur/Documents/atomic/node_modules/.pnpm/@vitest+runner@4.1.11/node_modules/@vitest/runner/dist/chunk-artifact.js:2326:20\n    at new Promise (<anonymous>)\n    at runWithCancel (file:///C:/Users/Utilisateur/Documents/atomic/node_modules/.pnpm/@vitest+runner@4.1.11/node_modules/@vitest/runner/dist/chunk-artifact.js:2323:10)\n    at file:///C:/Users/Utilisateur/Documents/atomic/node_modules/.pnpm/@vitest+runner@4.1.11/node_modules/@vitest/runner/dist/chunk-artifact.js:2305:20\n    at new Promise (<anonymous>)\n    at runWithTimeout (file:///C:/Users/Utilisateur/Documents/atomic/node_modules/.pnpm/@vitest+runner@4.1.11/node_modules/@vitest/runner/dist/chunk-artifact.js:2272:10)\n    at file:///C:/Users/Utilisateur/Documents/atomic/node_modules/.pnpm/@vitest+runner@4.1.11/node_modules/@vitest/runner/dist/chunk-artifact.js:2956:64"],"meta":{},"tags":[]},{"ancestorTitles":["seed manifest"],"fullName":"seed manifest does not contain duplicate data files or schema exports","status":"passed","title":"does not contain duplicate data files or schema exports","duration":0.8281999999999243,"failureMessages":[],"meta":{},"tags":[]},{"ancestorTitles":["seed manifest"],"fullName":"seed manifest keeps the Services dependency order deterministic","status":"passed","title":"keeps the Services dependency order deterministic","duration":0.8510999999998603,"failureMessages":[],"meta":{},"tags":[]}],"startTime":1788108983053,"endTime":1788108983074.851,"status":"failed","message":"","name":"C:/Users/Utilisateur/Documents/atomic/tests/unit/database/seed-manifest.test.ts"},{"assertionResults":[{"ancestorTitles":["Services seed invariants"],"fullName":"Services seed invariants preserves tenant ownership across Services relationships","status":"failed","title":"preserves tenant ownership across Services relationships","duration":336.66069999999996,"failureMessages":["AssertionError: expected 'jولة-خاصة-بحيرة-انسي' to match /^[a-z0-9]+(?:-[a-z0-9]+)*$/\n    at C:/Users/Utilisateur/Documents/atomic/tests/unit/database/services-data-invariants.test.ts:33:24\n    at processTicksAndRejections (node:internal/process/task_queues:105:5)\n    at file:///C:/Users/Utilisateur/Documents/atomic/node_modules/.pnpm/@vitest+runner@4.1.11/node_modules/@vitest/runner/dist/chunk-artifact.js:1903:20"],"meta":{},"tags":[]},{"ancestorTitles":["Services seed invariants"],"fullName":"Services seed invariants enforces one translation per service and locale","status":"passed","title":"enforces one translation per service and locale","duration":3.072900000000004,"failureMessages":[],"meta":{},"tags":[]},{"ancestorTitles":["Services seed invariants"],"fullName":"Services seed invariants keeps lifecycle fixtures internally consistent","status":"passed","title":"keeps lifecycle fixtures internally consistent","duration":2.8718999999999824,"failureMessages":[],"meta":{},"tags":[]},{"ancestorTitles":["Services seed invariants"],"fullName":"Services seed invariants enforces single-target reports and notification target semantics","status":"passed","title":"enforces single-target reports and notification target semantics","duration":51.89469999999994,"failureMessages":[],"meta":{},"tags":[]},{"ancestorTitles":["Services seed invariants"],"fullName":"Services seed invariants uses one reaction per user and service","status":"passed","title":"uses one reaction per user and service","duration":46.79340000000002,"failureMessages":[],"meta":{},"tags":[]}],"startTime":1788108964368,"endTime":1788108964809.7935,"status":"failed","message":"","name":"C:/Users/Utilisateur/Documents/atomic/tests/unit/database/services-data-invariants.test.ts"},{"assertionResults":[{"ancestorTitles":["Services seed data"],"fullName":"Services seed data is complete, non-empty and structurally compatible with every Drizzle table","status":"failed","title":"is complete, non-empty and structurally compatible with every Drizzle table","duration":78.69360000000006,"failureMessages":["AssertionError: serviceReviewHelpful schema export: expected undefined to be defined\n    at C:/Users/Utilisateur/Documents/atomic/tests/unit/database/services-data-shape.test.ts:14:60\n    at processTicksAndRejections (node:internal/process/task_queues:105:5)\n    at file:///C:/Users/Utilisateur/Documents/atomic/node_modules/.pnpm/@vitest+runner@4.1.11/node_modules/@vitest/runner/dist/chunk-artifact.js:1903:20"],"meta":{},"tags":[]}],"startTime":1788108992513,"endTime":1788108992591.6936,"status":"failed","message":"","name":"C:/Users/Utilisateur/Documents/atomic/tests/unit/database/services-data-shape.test.ts"},{"assertionResults":[{"ancestorTitles":["Services admin contract"],"fullName":"Services admin contract accepts every supported filter and normalizes booleans","status":"passed","title":"accepts every supported filter and normalizes booleans","duration":10.653599999999983,"failureMessages":[],"meta":{},"tags":[]},{"ancestorTitles":["Services admin contract"],"fullName":"Services admin contract rejects invalid enum values and invalid UUID filters","status":"passed","title":"rejects invalid enum values and invalid UUID filters","duration":2.89530000000002,"failureMessages":[],"meta":{},"tags":[]}],"startTime":1788108993271,"endTime":1788108993284.8953,"status":"passed","message":"","name":"C:/Users/Utilisateur/Documents/atomic/tests/unit/services/admin-contract.test.ts"},{"assertionResults":[],"startTime":1788108862697,"endTime":1788108862697,"status":"failed","message":"Cannot find package '@/core/search/registry' imported from C:/Users/Utilisateur/Documents/atomic/src/core/modules/bootstrap.ts","name":"C:/Users/Utilisateur/Documents/atomic/tests/unit/services/admin-resource.test.ts"},{"assertionResults":[],"startTime":1788108862697,"endTime":1788108862697,"status":"failed","message":"Cannot find package '@/core/search/registry' imported from C:/Users/Utilisateur/Documents/atomic/src/core/modules/bootstrap.ts","name":"C:/Users/Utilisateur/Documents/atomic/tests/unit/services/module-contract.test.ts"},{"assertionResults":[{"ancestorTitles":["Services URLs"],"fullName":"Services URLs builds global localized URLs","status":"passed","title":"builds global localized URLs","duration":4.077699999999993,"failureMessages":[],"meta":{},"tags":[]},{"ancestorTitles":["Services URLs"],"fullName":"Services URLs builds organization-scoped URLs with organization slug","status":"passed","title":"builds organization-scoped URLs with organization slug","duration":0.6009999999999991,"failureMessages":[],"meta":{},"tags":[]}],"startTime":1788108995172,"endTime":1788108995176.601,"status":"passed","message":"","name":"C:/Users/Utilisateur/Documents/atomic/tests/unit/services/urls.test.ts"},{"assertionResults":[{"ancestorTitles":["Services validation"],"fullName":"Services validation accepts a draft form with supported locale and canonical slug","status":"passed","title":"accepts a draft form with supported locale and canonical slug","duration":11.466599999999971,"failureMessages":[],"meta":{},"tags":[]},{"ancestorTitles":["Services validation"],"fullName":"Services validation rejects unsupported locales, invalid slugs and non-draft creation","status":"passed","title":"rejects unsupported locales, invalid slugs and non-draft creation","duration":3.0424000000000433,"failureMessages":[],"meta":{},"tags":[]},{"ancestorTitles":["Services validation"],"fullName":"Services validation does not expose lifecycle fields on update","status":"passed","title":"does not expose lifecycle fields on update","duration":3.71530000000007,"failureMessages":[],"meta":{},"tags":[]},{"ancestorTitles":["Services validation"],"fullName":"Services validation requires a strictly increasing availability interval","status":"passed","title":"requires a strictly increasing availability interval","duration":1.8902000000000498,"failureMessages":[],"meta":{},"tags":[]},{"ancestorTitles":["Services validation"],"fullName":"Services validation requires exactly one report target","status":"passed","title":"requires exactly one report target","duration":2.240699999999947,"failureMessages":[],"meta":{},"tags":[]},{"ancestorTitles":["Services validation"],"fullName":"Services validation keeps SEO score deterministic","status":"passed","title":"keeps SEO score deterministic","duration":0.49679999999989377,"failureMessages":[],"meta":{},"tags":[]}],"startTime":1788108987018,"endTime":1788108987041.4968,"status":"passed","message":"","name":"C:/Users/Utilisateur/Documents/atomic/tests/unit/services/validation.test.ts"},{"assertionResults":[{"ancestorTitles":["Services workflow"],"fullName":"Services workflow allows only the declared lifecycle transitions","status":"passed","title":"allows only the declared lifecycle transitions","duration":4.499799999999993,"failureMessages":[],"meta":{},"tags":[]},{"ancestorTitles":["Services workflow"],"fullName":"Services workflow permits restoration when lifecycle state stays unchanged","status":"passed","title":"permits restoration when lifecycle state stays unchanged","duration":2.4365000000000236,"failureMessages":[],"meta":{},"tags":[]},{"ancestorTitles":["Services workflow"],"fullName":"Services workflow still enforces the workflow when restoring to another state","status":"passed","title":"still enforces the workflow when restoring to another state","duration":0.8731000000000222,"failureMessages":[],"meta":{},"tags":[]}],"startTime":1788108992507,"endTime":1788108992514.873,"status":"passed","message":"","name":"C:/Users/Utilisateur/Documents/atomic/tests/unit/services/workflow.test.ts"}]}